[0.065s] Invoking command in '/home/robot/omni_robot_ws/build/omni_robot_hardware': CMAKE_PREFIX_PATH=${CMAKE_PREFIX_PATH}:/opt/ros/jazzy /usr/bin/cmake --build /home/robot/omni_robot_ws/build/omni_robot_hardware -- -j4 -l4
[0.449s] [  7%] Built target tank_drive
[0.452s] [ 14%] Built target hc_sr04
[0.464s] [ 21%] Built target pigpio_client
[0.511s] [ 28%] Built target imu_node
[0.656s] [ 35%] Built target range_scan_node
[0.689s] [ 39%] [32mBuilding CXX object CMakeFiles/obstacle_avoider_node.dir/src/obstacle_avoider_node.cpp.o[0m
[0.719s] [ 46%] Built target ultrasonic_perception_node
[0.777s] [ 53%] Built target open_loop_odom_node
[0.862s] [ 60%] Built target nav2_goal_sender_node
[0.974s] [ 67%] Built target simple_wander_node
[0.984s] [ 75%] Built target frontier_explorer_node
[1.100s] [ 82%] Built target slam_watchdog_node
[1.156s] [ 89%] Built target ultrasonic_node
[1.194s] [ 96%] Built target tank_drive_node
[54.835s] [100%] [32m[1mLinking CXX executable obstacle_avoider_node[0m
[57.528s] [100%] Built target obstacle_avoider_node
[57.603s] Invoked command in '/home/robot/omni_robot_ws/build/omni_robot_hardware' returned '0': CMAKE_PREFIX_PATH=${CMAKE_PREFIX_PATH}:/opt/ros/jazzy /usr/bin/cmake --build /home/robot/omni_robot_ws/build/omni_robot_hardware -- -j4 -l4
[57.669s] Invoking command in '/home/robot/omni_robot_ws/build/omni_robot_hardware': CMAKE_PREFIX_PATH=${CMAKE_PREFIX_PATH}:/opt/ros/jazzy /usr/bin/cmake --install /home/robot/omni_robot_ws/build/omni_robot_hardware
[57.721s] -- Install configuration: ""
[57.723s] -- Execute custom install script
[57.724s] -- Up-to-date symlink: /home/robot/omni_robot_ws/install/omni_robot_hardware/lib/libhc_sr04.so
[57.725s] -- Up-to-date symlink: /home/robot/omni_robot_ws/install/omni_robot_hardware/lib/libpigpio_client.so
[57.726s] -- Up-to-date symlink: /home/robot/omni_robot_ws/install/omni_robot_hardware/lib/libtank_drive.so
[57.727s] -- Up-to-date symlink: /home/robot/omni_robot_ws/install/omni_robot_hardware/lib/omni_robot_hardware/ultrasonic_node
[57.728s] -- Up-to-date symlink: /home/robot/omni_robot_ws/install/omni_robot_hardware/lib/omni_robot_hardware/imu_node
[57.729s] -- Up-to-date symlink: /home/robot/omni_robot_ws/install/omni_robot_hardware/lib/omni_robot_hardware/tank_drive_node
[57.730s] -- Up-to-date symlink: /home/robot/omni_robot_ws/install/omni_robot_hardware/lib/omni_robot_hardware/obstacle_avoider_node
[57.731s] -- Up-to-date symlink: /home/robot/omni_robot_ws/install/omni_robot_hardware/lib/omni_robot_hardware/range_scan_node
[57.732s] -- Up-to-date symlink: /home/robot/omni_robot_ws/install/omni_robot_hardware/lib/omni_robot_hardware/ultrasonic_perception_node
[57.733s] -- Up-to-date symlink: /home/robot/omni_robot_ws/install/omni_robot_hardware/lib/omni_robot_hardware/open_loop_odom_node
[57.734s] -- Up-to-date symlink: /home/robot/omni_robot_ws/install/omni_robot_hardware/lib/omni_robot_hardware/nav2_goal_sender_node
[57.735s] -- Up-to-date symlink: /home/robot/omni_robot_ws/install/omni_robot_hardware/lib/omni_robot_hardware/frontier_explorer_node
[57.736s] -- Up-to-date symlink: /home/robot/omni_robot_ws/install/omni_robot_hardware/lib/omni_robot_hardware/simple_wander_node
[57.737s] -- Up-to-date symlink: /home/robot/omni_robot_ws/install/omni_robot_hardware/lib/omni_robot_hardware/slam_watchdog_node
[57.740s] -- Up-to-date symlink: /home/robot/omni_robot_ws/install/omni_robot_hardware/include/omni_robot_hardware/hc_sr04.hpp
[57.741s] -- Up-to-date symlink: /home/robot/omni_robot_ws/install/omni_robot_hardware/include/omni_robot_hardware/pigpio_client.hpp
[57.742s] -- Up-to-date symlink: /home/robot/omni_robot_ws/install/omni_robot_hardware/include/omni_robot_hardware/tank_drive.hpp
[57.743s] -- Up-to-date symlink: /home/robot/omni_robot_ws/install/omni_robot_hardware/share/ament_index/resource_index/package_run_dependencies/omni_robot_hardware
[57.745s] -- Up-to-date symlink: /home/robot/omni_robot_ws/install/omni_robot_hardware/share/ament_index/resource_index/parent_prefix_path/omni_robot_hardware
[57.746s] -- Up-to-date symlink: /home/robot/omni_robot_ws/install/omni_robot_hardware/share/omni_robot_hardware/environment/ament_prefix_path.sh
[57.747s] -- Up-to-date symlink: /home/robot/omni_robot_ws/install/omni_robot_hardware/share/omni_robot_hardware/environment/ament_prefix_path.dsv
[57.749s] -- Up-to-date symlink: /home/robot/omni_robot_ws/install/omni_robot_hardware/share/omni_robot_hardware/environment/path.sh
[57.750s] -- Up-to-date symlink: /home/robot/omni_robot_ws/install/omni_robot_hardware/share/omni_robot_hardware/environment/path.dsv
[57.751s] -- Up-to-date symlink: /home/robot/omni_robot_ws/install/omni_robot_hardware/share/omni_robot_hardware/local_setup.bash
[57.754s] -- Up-to-date symlink: /home/robot/omni_robot_ws/install/omni_robot_hardware/share/omni_robot_hardware/local_setup.sh
[57.755s] -- Up-to-date symlink: /home/robot/omni_robot_ws/install/omni_robot_hardware/share/omni_robot_hardware/local_setup.zsh
[57.756s] -- Up-to-date symlink: /home/robot/omni_robot_ws/install/omni_robot_hardware/share/omni_robot_hardware/local_setup.dsv
[57.756s] -- Symlinking: /home/robot/omni_robot_ws/install/omni_robot_hardware/share/omni_robot_hardware/package.dsv
[57.814s] -- Up-to-date symlink: /home/robot/omni_robot_ws/install/omni_robot_hardware/share/ament_index/resource_index/packages/omni_robot_hardware
[57.815s] -- Up-to-date symlink: /home/robot/omni_robot_ws/install/omni_robot_hardware/share/omni_robot_hardware/cmake/omni_robot_hardwareConfig.cmake
[57.816s] -- Up-to-date symlink: /home/robot/omni_robot_ws/install/omni_robot_hardware/share/omni_robot_hardware/cmake/omni_robot_hardwareConfig-version.cmake
[57.817s] -- Up-to-date symlink: /home/robot/omni_robot_ws/install/omni_robot_hardware/share/omni_robot_hardware/package.xml
[57.826s] Invoked command in '/home/robot/omni_robot_ws/build/omni_robot_hardware' returned '0': CMAKE_PREFIX_PATH=${CMAKE_PREFIX_PATH}:/opt/ros/jazzy /usr/bin/cmake --install /home/robot/omni_robot_ws/build/omni_robot_hardware
