[0.416s] DEBUG:colcon:Command line arguments: ['/usr/bin/colcon', 'build', '--packages-select', 'omni_robot_hardware', 'omni_robot_bringup']
[0.416s] DEBUG:colcon:Parsed command line arguments: Namespace(log_base=None, log_level=None, verb_name='build', build_base='build', install_base='install', merge_install=False, symlink_install=False, test_result_base=None, continue_on_error=False, executor='parallel', parallel_workers=4, event_handlers=None, ignore_user_meta=False, metas=['./colcon.meta'], base_paths=['.'], packages_ignore=None, packages_ignore_regex=None, paths=None, packages_up_to=None, packages_up_to_regex=None, packages_above=None, packages_above_and_dependencies=None, packages_above_depth=None, packages_select_by_dep=None, packages_skip_by_dep=None, packages_skip_up_to=None, packages_select_build_failed=False, packages_skip_build_finished=False, packages_select_test_failures=False, packages_skip_test_passed=False, packages_select=['omni_robot_hardware', 'omni_robot_bringup'], packages_skip=None, packages_select_regex=None, packages_skip_regex=None, packages_start=None, packages_end=None, cmake_args=None, cmake_target=None, cmake_target_skip_unavailable=False, cmake_clean_cache=False, cmake_clean_first=False, cmake_force_configure=False, ament_cmake_args=None, catkin_cmake_args=None, catkin_skip_building_tests=False, verb_parser=<colcon_defaults.argument_parser.defaults.DefaultArgumentsDecorator object at 0xffffb3f20e30>, verb_extension=<colcon_core.verb.build.BuildVerb object at 0xffffb3e564e0>, main=<bound method BuildVerb.main of <colcon_core.verb.build.BuildVerb object at 0xffffb3e564e0>>)
[0.584s] Level 1:colcon.colcon_core.package_discovery:discover_packages(colcon_meta) check parameters
[0.585s] Level 1:colcon.colcon_core.package_discovery:discover_packages(recursive) check parameters
[0.585s] Level 1:colcon.colcon_core.package_discovery:discover_packages(ignore) check parameters
[0.585s] Level 1:colcon.colcon_core.package_discovery:discover_packages(path) check parameters
[0.585s] Level 1:colcon.colcon_core.package_discovery:discover_packages(colcon_meta) discover
[0.586s] Level 1:colcon.colcon_core.package_discovery:discover_packages(recursive) discover
[0.586s] INFO:colcon.colcon_core.package_discovery:Crawling recursively for packages in '/home/robot/omni_robot_ws'
[0.586s] Level 1:colcon.colcon_core.package_identification:_identify(.) by extensions ['ignore', 'ignore_ament_install']
[0.587s] Level 1:colcon.colcon_core.package_identification:_identify(.) by extension 'ignore'
[0.587s] Level 1:colcon.colcon_core.package_identification:_identify(.) by extension 'ignore_ament_install'
[0.587s] Level 1:colcon.colcon_core.package_identification:_identify(.) by extensions ['colcon_pkg']
[0.587s] Level 1:colcon.colcon_core.package_identification:_identify(.) by extension 'colcon_pkg'
[0.588s] Level 1:colcon.colcon_core.package_identification:_identify(.) by extensions ['colcon_meta']
[0.588s] Level 1:colcon.colcon_core.package_identification:_identify(.) by extension 'colcon_meta'
[0.588s] Level 1:colcon.colcon_core.package_identification:_identify(.) by extensions ['ros']
[0.588s] Level 1:colcon.colcon_core.package_identification:_identify(.) by extension 'ros'
[0.688s] Level 1:colcon.colcon_core.package_identification:_identify(.) by extensions ['cmake', 'python']
[0.688s] Level 1:colcon.colcon_core.package_identification:_identify(.) by extension 'cmake'
[0.688s] Level 1:colcon.colcon_core.package_identification:_identify(.) by extension 'python'
[0.688s] Level 1:colcon.colcon_core.package_identification:_identify(.) by extensions ['python_setup_py']
[0.688s] Level 1:colcon.colcon_core.package_identification:_identify(.) by extension 'python_setup_py'
[0.689s] Level 1:colcon.colcon_core.package_identification:_identify(build) by extensions ['ignore', 'ignore_ament_install']
[0.689s] Level 1:colcon.colcon_core.package_identification:_identify(build) by extension 'ignore'
[0.690s] Level 1:colcon.colcon_core.package_identification:_identify(build) ignored
[0.690s] Level 1:colcon.colcon_core.package_identification:_identify(install) by extensions ['ignore', 'ignore_ament_install']
[0.691s] Level 1:colcon.colcon_core.package_identification:_identify(install) by extension 'ignore'
[0.691s] Level 1:colcon.colcon_core.package_identification:_identify(install) ignored
[0.692s] Level 1:colcon.colcon_core.package_identification:_identify(log) by extensions ['ignore', 'ignore_ament_install']
[0.692s] Level 1:colcon.colcon_core.package_identification:_identify(log) by extension 'ignore'
[0.693s] Level 1:colcon.colcon_core.package_identification:_identify(log) ignored
[0.693s] Level 1:colcon.colcon_core.package_identification:_identify(ros2_ws) by extensions ['ignore', 'ignore_ament_install']
[0.693s] Level 1:colcon.colcon_core.package_identification:_identify(ros2_ws) by extension 'ignore'
[0.694s] Level 1:colcon.colcon_core.package_identification:_identify(ros2_ws) by extension 'ignore_ament_install'
[0.694s] Level 1:colcon.colcon_core.package_identification:_identify(ros2_ws) by extensions ['colcon_pkg']
[0.694s] Level 1:colcon.colcon_core.package_identification:_identify(ros2_ws) by extension 'colcon_pkg'
[0.694s] Level 1:colcon.colcon_core.package_identification:_identify(ros2_ws) by extensions ['colcon_meta']
[0.694s] Level 1:colcon.colcon_core.package_identification:_identify(ros2_ws) by extension 'colcon_meta'
[0.694s] Level 1:colcon.colcon_core.package_identification:_identify(ros2_ws) by extensions ['ros']
[0.695s] Level 1:colcon.colcon_core.package_identification:_identify(ros2_ws) by extension 'ros'
[0.695s] Level 1:colcon.colcon_core.package_identification:_identify(ros2_ws) by extensions ['cmake', 'python']
[0.695s] Level 1:colcon.colcon_core.package_identification:_identify(ros2_ws) by extension 'cmake'
[0.695s] Level 1:colcon.colcon_core.package_identification:_identify(ros2_ws) by extension 'python'
[0.695s] Level 1:colcon.colcon_core.package_identification:_identify(ros2_ws) by extensions ['python_setup_py']
[0.696s] Level 1:colcon.colcon_core.package_identification:_identify(ros2_ws) by extension 'python_setup_py'
[0.696s] Level 1:colcon.colcon_core.package_identification:_identify(ros2_ws/src) by extensions ['ignore', 'ignore_ament_install']
[0.696s] Level 1:colcon.colcon_core.package_identification:_identify(ros2_ws/src) by extension 'ignore'
[0.697s] Level 1:colcon.colcon_core.package_identification:_identify(ros2_ws/src) by extension 'ignore_ament_install'
[0.697s] Level 1:colcon.colcon_core.package_identification:_identify(ros2_ws/src) by extensions ['colcon_pkg']
[0.697s] Level 1:colcon.colcon_core.package_identification:_identify(ros2_ws/src) by extension 'colcon_pkg'
[0.697s] Level 1:colcon.colcon_core.package_identification:_identify(ros2_ws/src) by extensions ['colcon_meta']
[0.697s] Level 1:colcon.colcon_core.package_identification:_identify(ros2_ws/src) by extension 'colcon_meta'
[0.697s] Level 1:colcon.colcon_core.package_identification:_identify(ros2_ws/src) by extensions ['ros']
[0.698s] Level 1:colcon.colcon_core.package_identification:_identify(ros2_ws/src) by extension 'ros'
[0.698s] Level 1:colcon.colcon_core.package_identification:_identify(ros2_ws/src) by extensions ['cmake', 'python']
[0.698s] Level 1:colcon.colcon_core.package_identification:_identify(ros2_ws/src) by extension 'cmake'
[0.698s] Level 1:colcon.colcon_core.package_identification:_identify(ros2_ws/src) by extension 'python'
[0.698s] Level 1:colcon.colcon_core.package_identification:_identify(ros2_ws/src) by extensions ['python_setup_py']
[0.699s] Level 1:colcon.colcon_core.package_identification:_identify(ros2_ws/src) by extension 'python_setup_py'
[0.699s] Level 1:colcon.colcon_core.package_identification:_identify(ros2_ws/src/omni_robot_bringup) by extensions ['ignore', 'ignore_ament_install']
[0.699s] Level 1:colcon.colcon_core.package_identification:_identify(ros2_ws/src/omni_robot_bringup) by extension 'ignore'
[0.700s] Level 1:colcon.colcon_core.package_identification:_identify(ros2_ws/src/omni_robot_bringup) by extension 'ignore_ament_install'
[0.700s] Level 1:colcon.colcon_core.package_identification:_identify(ros2_ws/src/omni_robot_bringup) by extensions ['colcon_pkg']
[0.700s] Level 1:colcon.colcon_core.package_identification:_identify(ros2_ws/src/omni_robot_bringup) by extension 'colcon_pkg'
[0.700s] Level 1:colcon.colcon_core.package_identification:_identify(ros2_ws/src/omni_robot_bringup) by extensions ['colcon_meta']
[0.700s] Level 1:colcon.colcon_core.package_identification:_identify(ros2_ws/src/omni_robot_bringup) by extension 'colcon_meta'
[0.701s] Level 1:colcon.colcon_core.package_identification:_identify(ros2_ws/src/omni_robot_bringup) by extensions ['ros']
[0.701s] Level 1:colcon.colcon_core.package_identification:_identify(ros2_ws/src/omni_robot_bringup) by extension 'ros'
[0.709s] DEBUG:colcon.colcon_core.package_identification:Package 'ros2_ws/src/omni_robot_bringup' with type 'ros.ament_cmake' and name 'omni_robot_bringup'
[0.710s] Level 1:colcon.colcon_core.package_identification:_identify(ros2_ws/src/omni_robot_hardware) by extensions ['ignore', 'ignore_ament_install']
[0.710s] Level 1:colcon.colcon_core.package_identification:_identify(ros2_ws/src/omni_robot_hardware) by extension 'ignore'
[0.710s] Level 1:colcon.colcon_core.package_identification:_identify(ros2_ws/src/omni_robot_hardware) by extension 'ignore_ament_install'
[0.711s] Level 1:colcon.colcon_core.package_identification:_identify(ros2_ws/src/omni_robot_hardware) by extensions ['colcon_pkg']
[0.711s] Level 1:colcon.colcon_core.package_identification:_identify(ros2_ws/src/omni_robot_hardware) by extension 'colcon_pkg'
[0.711s] Level 1:colcon.colcon_core.package_identification:_identify(ros2_ws/src/omni_robot_hardware) by extensions ['colcon_meta']
[0.711s] Level 1:colcon.colcon_core.package_identification:_identify(ros2_ws/src/omni_robot_hardware) by extension 'colcon_meta'
[0.711s] Level 1:colcon.colcon_core.package_identification:_identify(ros2_ws/src/omni_robot_hardware) by extensions ['ros']
[0.711s] Level 1:colcon.colcon_core.package_identification:_identify(ros2_ws/src/omni_robot_hardware) by extension 'ros'
[0.716s] DEBUG:colcon.colcon_core.package_identification:Package 'ros2_ws/src/omni_robot_hardware' with type 'ros.ament_cmake' and name 'omni_robot_hardware'
[0.716s] Level 1:colcon.colcon_core.package_discovery:discover_packages(recursive) using defaults
[0.717s] Level 1:colcon.colcon_core.package_discovery:discover_packages(ignore) discover
[0.717s] Level 1:colcon.colcon_core.package_discovery:discover_packages(ignore) using defaults
[0.717s] Level 1:colcon.colcon_core.package_discovery:discover_packages(path) discover
[0.717s] Level 1:colcon.colcon_core.package_discovery:discover_packages(path) using defaults
[0.790s] Level 5:colcon.colcon_core.verb:set package 'omni_robot_hardware' build argument 'cmake_args' from command line to 'None'
[0.790s] Level 5:colcon.colcon_core.verb:set package 'omni_robot_hardware' build argument 'cmake_target' from command line to 'None'
[0.790s] Level 5:colcon.colcon_core.verb:set package 'omni_robot_hardware' build argument 'cmake_target_skip_unavailable' from command line to 'False'
[0.790s] Level 5:colcon.colcon_core.verb:set package 'omni_robot_hardware' build argument 'cmake_clean_cache' from command line to 'False'
[0.790s] Level 5:colcon.colcon_core.verb:set package 'omni_robot_hardware' build argument 'cmake_clean_first' from command line to 'False'
[0.791s] Level 5:colcon.colcon_core.verb:set package 'omni_robot_hardware' build argument 'cmake_force_configure' from command line to 'False'
[0.791s] Level 5:colcon.colcon_core.verb:set package 'omni_robot_hardware' build argument 'ament_cmake_args' from command line to 'None'
[0.791s] Level 5:colcon.colcon_core.verb:set package 'omni_robot_hardware' build argument 'catkin_cmake_args' from command line to 'None'
[0.791s] Level 5:colcon.colcon_core.verb:set package 'omni_robot_hardware' build argument 'catkin_skip_building_tests' from command line to 'False'
[0.791s] DEBUG:colcon.colcon_core.verb:Building package 'omni_robot_hardware' with the following arguments: {'ament_cmake_args': None, 'build_base': '/home/robot/omni_robot_ws/build/omni_robot_hardware', 'catkin_cmake_args': None, 'catkin_skip_building_tests': False, 'cmake_args': None, 'cmake_clean_cache': False, 'cmake_clean_first': False, 'cmake_force_configure': False, 'cmake_target': None, 'cmake_target_skip_unavailable': False, 'install_base': '/home/robot/omni_robot_ws/install/omni_robot_hardware', 'merge_install': False, 'path': '/home/robot/omni_robot_ws/ros2_ws/src/omni_robot_hardware', 'symlink_install': False, 'test_result_base': None}
[0.792s] Level 5:colcon.colcon_core.verb:set package 'omni_robot_bringup' build argument 'cmake_args' from command line to 'None'
[0.793s] Level 5:colcon.colcon_core.verb:set package 'omni_robot_bringup' build argument 'cmake_target' from command line to 'None'
[0.793s] Level 5:colcon.colcon_core.verb:set package 'omni_robot_bringup' build argument 'cmake_target_skip_unavailable' from command line to 'False'
[0.793s] Level 5:colcon.colcon_core.verb:set package 'omni_robot_bringup' build argument 'cmake_clean_cache' from command line to 'False'
[0.793s] Level 5:colcon.colcon_core.verb:set package 'omni_robot_bringup' build argument 'cmake_clean_first' from command line to 'False'
[0.793s] Level 5:colcon.colcon_core.verb:set package 'omni_robot_bringup' build argument 'cmake_force_configure' from command line to 'False'
[0.793s] Level 5:colcon.colcon_core.verb:set package 'omni_robot_bringup' build argument 'ament_cmake_args' from command line to 'None'
[0.793s] Level 5:colcon.colcon_core.verb:set package 'omni_robot_bringup' build argument 'catkin_cmake_args' from command line to 'None'
[0.793s] Level 5:colcon.colcon_core.verb:set package 'omni_robot_bringup' build argument 'catkin_skip_building_tests' from command line to 'False'
[0.793s] DEBUG:colcon.colcon_core.verb:Building package 'omni_robot_bringup' with the following arguments: {'ament_cmake_args': None, 'build_base': '/home/robot/omni_robot_ws/build/omni_robot_bringup', 'catkin_cmake_args': None, 'catkin_skip_building_tests': False, 'cmake_args': None, 'cmake_clean_cache': False, 'cmake_clean_first': False, 'cmake_force_configure': False, 'cmake_target': None, 'cmake_target_skip_unavailable': False, 'install_base': '/home/robot/omni_robot_ws/install/omni_robot_bringup', 'merge_install': False, 'path': '/home/robot/omni_robot_ws/ros2_ws/src/omni_robot_bringup', 'symlink_install': False, 'test_result_base': None}
[0.794s] INFO:colcon.colcon_core.executor:Executing jobs using 'parallel' executor
[0.797s] DEBUG:colcon.colcon_parallel_executor.executor.parallel:run_until_complete
[0.798s] INFO:colcon.colcon_ros.task.ament_cmake.build:Building ROS package in '/home/robot/omni_robot_ws/ros2_ws/src/omni_robot_hardware' with build type 'ament_cmake'
[0.799s] INFO:colcon.colcon_cmake.task.cmake.build:Building CMake package in '/home/robot/omni_robot_ws/ros2_ws/src/omni_robot_hardware'
[0.807s] INFO:colcon.colcon_core.plugin_system:Skipping extension 'colcon_core.shell.bat': Not used on non-Windows systems
[0.808s] DEBUG:colcon.colcon_core.shell:Skip shell extension 'dsv' for command environment
[0.865s] DEBUG:colcon.colcon_core.event_handler.log_command:Invoking command in '/home/robot/omni_robot_ws/build/omni_robot_hardware': CMAKE_PREFIX_PATH=${CMAKE_PREFIX_PATH}:/opt/ros/jazzy /usr/bin/cmake --build /home/robot/omni_robot_ws/build/omni_robot_hardware -- -j4 -l4
[57.483s] DEBUG:colcon.colcon_core.event_handler.log_command:Invoked command in '/home/robot/omni_robot_ws/build/omni_robot_hardware' returned '0': CMAKE_PREFIX_PATH=${CMAKE_PREFIX_PATH}:/opt/ros/jazzy /usr/bin/cmake --build /home/robot/omni_robot_ws/build/omni_robot_hardware -- -j4 -l4
[57.549s] DEBUG:colcon.colcon_core.event_handler.log_command:Invoking command in '/home/robot/omni_robot_ws/build/omni_robot_hardware': CMAKE_PREFIX_PATH=${CMAKE_PREFIX_PATH}:/opt/ros/jazzy /usr/bin/cmake --install /home/robot/omni_robot_ws/build/omni_robot_hardware
[57.706s] Level 1:colcon.colcon_core.environment:create_environment_scripts_only(omni_robot_hardware)
[57.708s] DEBUG:colcon.colcon_core.event_handler.log_command:Invoked command in '/home/robot/omni_robot_ws/build/omni_robot_hardware' returned '0': CMAKE_PREFIX_PATH=${CMAKE_PREFIX_PATH}:/opt/ros/jazzy /usr/bin/cmake --install /home/robot/omni_robot_ws/build/omni_robot_hardware
[57.720s] Level 1:colcon.colcon_core.environment:checking '/home/robot/omni_robot_ws/install/omni_robot_hardware' for CMake module files
[57.724s] Level 1:colcon.colcon_core.environment:checking '/home/robot/omni_robot_ws/install/omni_robot_hardware' for CMake config files
[57.727s] Level 1:colcon.colcon_core.shell:create_environment_hook('omni_robot_hardware', 'cmake_prefix_path')
[57.727s] INFO:colcon.colcon_core.shell:Creating environment descriptor '/home/robot/omni_robot_ws/install/omni_robot_hardware/share/omni_robot_hardware/hook/cmake_prefix_path.dsv'
[57.729s] INFO:colcon.colcon_core.shell:Creating environment hook '/home/robot/omni_robot_ws/install/omni_robot_hardware/share/omni_robot_hardware/hook/cmake_prefix_path.sh'
[57.735s] Level 1:colcon.colcon_core.environment:checking '/home/robot/omni_robot_ws/install/omni_robot_hardware/lib'
[57.735s] Level 1:colcon.colcon_core.shell:create_environment_hook('omni_robot_hardware', 'ld_library_path_lib')
[57.736s] INFO:colcon.colcon_core.shell:Creating environment descriptor '/home/robot/omni_robot_ws/install/omni_robot_hardware/share/omni_robot_hardware/hook/ld_library_path_lib.dsv'
[57.738s] INFO:colcon.colcon_core.shell:Creating environment hook '/home/robot/omni_robot_ws/install/omni_robot_hardware/share/omni_robot_hardware/hook/ld_library_path_lib.sh'
[57.743s] Level 1:colcon.colcon_core.environment:checking '/home/robot/omni_robot_ws/install/omni_robot_hardware/bin'
[57.743s] Level 1:colcon.colcon_core.environment:checking '/home/robot/omni_robot_ws/install/omni_robot_hardware/lib/pkgconfig/omni_robot_hardware.pc'
[57.751s] Level 1:colcon.colcon_core.environment:checking '/home/robot/omni_robot_ws/install/omni_robot_hardware/lib/python3.12/site-packages'
[57.753s] Level 1:colcon.colcon_core.environment:checking '/home/robot/omni_robot_ws/install/omni_robot_hardware/bin'
[57.754s] INFO:colcon.colcon_core.shell:Creating package descriptor '/home/robot/omni_robot_ws/install/omni_robot_hardware/share/omni_robot_hardware/package.dsv'
[57.757s] INFO:colcon.colcon_core.shell:Creating package script '/home/robot/omni_robot_ws/install/omni_robot_hardware/share/omni_robot_hardware/package.sh'
[57.761s] INFO:colcon.colcon_core.shell:Creating package script '/home/robot/omni_robot_ws/install/omni_robot_hardware/share/omni_robot_hardware/package.bash'
[57.764s] INFO:colcon.colcon_core.shell:Creating package script '/home/robot/omni_robot_ws/install/omni_robot_hardware/share/omni_robot_hardware/package.zsh'
[57.766s] Level 1:colcon.colcon_core.environment:create_file_with_runtime_dependencies(/home/robot/omni_robot_ws/install/omni_robot_hardware/share/colcon-core/packages/omni_robot_hardware)
[57.773s] Level 1:colcon.colcon_core.environment:create_environment_scripts_only(omni_robot_hardware)
[57.773s] Level 1:colcon.colcon_core.environment:checking '/home/robot/omni_robot_ws/install/omni_robot_hardware' for CMake module files
[57.778s] Level 1:colcon.colcon_core.environment:checking '/home/robot/omni_robot_ws/install/omni_robot_hardware' for CMake config files
[57.782s] Level 1:colcon.colcon_core.shell:create_environment_hook('omni_robot_hardware', 'cmake_prefix_path')
[57.783s] INFO:colcon.colcon_core.shell:Creating environment descriptor '/home/robot/omni_robot_ws/install/omni_robot_hardware/share/omni_robot_hardware/hook/cmake_prefix_path.dsv'
[57.785s] INFO:colcon.colcon_core.shell:Creating environment hook '/home/robot/omni_robot_ws/install/omni_robot_hardware/share/omni_robot_hardware/hook/cmake_prefix_path.sh'
[57.789s] Level 1:colcon.colcon_core.environment:checking '/home/robot/omni_robot_ws/install/omni_robot_hardware/lib'
[57.789s] Level 1:colcon.colcon_core.shell:create_environment_hook('omni_robot_hardware', 'ld_library_path_lib')
[57.790s] INFO:colcon.colcon_core.shell:Creating environment descriptor '/home/robot/omni_robot_ws/install/omni_robot_hardware/share/omni_robot_hardware/hook/ld_library_path_lib.dsv'
[57.792s] INFO:colcon.colcon_core.shell:Creating environment hook '/home/robot/omni_robot_ws/install/omni_robot_hardware/share/omni_robot_hardware/hook/ld_library_path_lib.sh'
[57.796s] Level 1:colcon.colcon_core.environment:checking '/home/robot/omni_robot_ws/install/omni_robot_hardware/bin'
[57.797s] Level 1:colcon.colcon_core.environment:checking '/home/robot/omni_robot_ws/install/omni_robot_hardware/lib/pkgconfig/omni_robot_hardware.pc'
[57.798s] Level 1:colcon.colcon_core.environment:checking '/home/robot/omni_robot_ws/install/omni_robot_hardware/lib/python3.12/site-packages'
[57.799s] Level 1:colcon.colcon_core.environment:checking '/home/robot/omni_robot_ws/install/omni_robot_hardware/bin'
[57.800s] INFO:colcon.colcon_core.shell:Creating package descriptor '/home/robot/omni_robot_ws/install/omni_robot_hardware/share/omni_robot_hardware/package.dsv'
[57.803s] INFO:colcon.colcon_core.shell:Creating package script '/home/robot/omni_robot_ws/install/omni_robot_hardware/share/omni_robot_hardware/package.sh'
[57.806s] INFO:colcon.colcon_core.shell:Creating package script '/home/robot/omni_robot_ws/install/omni_robot_hardware/share/omni_robot_hardware/package.bash'
[57.809s] INFO:colcon.colcon_core.shell:Creating package script '/home/robot/omni_robot_ws/install/omni_robot_hardware/share/omni_robot_hardware/package.zsh'
[57.813s] Level 1:colcon.colcon_core.environment:create_file_with_runtime_dependencies(/home/robot/omni_robot_ws/install/omni_robot_hardware/share/colcon-core/packages/omni_robot_hardware)
[57.817s] INFO:colcon.colcon_ros.task.ament_cmake.build:Building ROS package in '/home/robot/omni_robot_ws/ros2_ws/src/omni_robot_bringup' with build type 'ament_cmake'
[57.817s] INFO:colcon.colcon_cmake.task.cmake.build:Building CMake package in '/home/robot/omni_robot_ws/ros2_ws/src/omni_robot_bringup'
[57.819s] DEBUG:colcon.colcon_core.shell:Skip shell extension 'dsv' for command environment
[57.875s] DEBUG:colcon.colcon_core.event_handler.log_command:Invoking command in '/home/robot/omni_robot_ws/build/omni_robot_bringup': CMAKE_PREFIX_PATH=/home/robot/omni_robot_ws/install/omni_robot_hardware:/home/robot/omni_robot_ws/install/omni_robot_bringup:/opt/ros/jazzy/opt/gz_sim_vendor:/opt/ros/jazzy/opt/gz_sensors_vendor:/opt/ros/jazzy/opt/gz_physics_vendor:/opt/ros/jazzy/opt/sdformat_vendor:/opt/ros/jazzy/opt/gz_gui_vendor:/opt/ros/jazzy/opt/gz_transport_vendor:/opt/ros/jazzy/opt/gz_rendering_vendor:/opt/ros/jazzy/opt/gz_plugin_vendor:/opt/ros/jazzy/opt/gz_fuel_tools_vendor:/opt/ros/jazzy/opt/gz_msgs_vendor:/opt/ros/jazzy/opt/gz_common_vendor:/opt/ros/jazzy/opt/gz_math_vendor:/opt/ros/jazzy/opt/gz_utils_vendor:/opt/ros/jazzy/opt/gz_tools_vendor:/opt/ros/jazzy/opt/gz_ogre_next_vendor:/opt/ros/jazzy/opt/gz_dartsim_vendor:/opt/ros/jazzy/opt/gz_cmake_vendor:/opt/ros/jazzy /usr/bin/cmake --build /home/robot/omni_robot_ws/build/omni_robot_bringup -- -j4 -l4
[58.126s] DEBUG:colcon.colcon_core.event_handler.log_command:Invoked command in '/home/robot/omni_robot_ws/build/omni_robot_bringup' returned '0': CMAKE_PREFIX_PATH=/home/robot/omni_robot_ws/install/omni_robot_hardware:/home/robot/omni_robot_ws/install/omni_robot_bringup:/opt/ros/jazzy/opt/gz_sim_vendor:/opt/ros/jazzy/opt/gz_sensors_vendor:/opt/ros/jazzy/opt/gz_physics_vendor:/opt/ros/jazzy/opt/sdformat_vendor:/opt/ros/jazzy/opt/gz_gui_vendor:/opt/ros/jazzy/opt/gz_transport_vendor:/opt/ros/jazzy/opt/gz_rendering_vendor:/opt/ros/jazzy/opt/gz_plugin_vendor:/opt/ros/jazzy/opt/gz_fuel_tools_vendor:/opt/ros/jazzy/opt/gz_msgs_vendor:/opt/ros/jazzy/opt/gz_common_vendor:/opt/ros/jazzy/opt/gz_math_vendor:/opt/ros/jazzy/opt/gz_utils_vendor:/opt/ros/jazzy/opt/gz_tools_vendor:/opt/ros/jazzy/opt/gz_ogre_next_vendor:/opt/ros/jazzy/opt/gz_dartsim_vendor:/opt/ros/jazzy/opt/gz_cmake_vendor:/opt/ros/jazzy /usr/bin/cmake --build /home/robot/omni_robot_ws/build/omni_robot_bringup -- -j4 -l4
[58.132s] DEBUG:colcon.colcon_core.event_handler.log_command:Invoking command in '/home/robot/omni_robot_ws/build/omni_robot_bringup': CMAKE_PREFIX_PATH=/home/robot/omni_robot_ws/install/omni_robot_hardware:/home/robot/omni_robot_ws/install/omni_robot_bringup:/opt/ros/jazzy/opt/gz_sim_vendor:/opt/ros/jazzy/opt/gz_sensors_vendor:/opt/ros/jazzy/opt/gz_physics_vendor:/opt/ros/jazzy/opt/sdformat_vendor:/opt/ros/jazzy/opt/gz_gui_vendor:/opt/ros/jazzy/opt/gz_transport_vendor:/opt/ros/jazzy/opt/gz_rendering_vendor:/opt/ros/jazzy/opt/gz_plugin_vendor:/opt/ros/jazzy/opt/gz_fuel_tools_vendor:/opt/ros/jazzy/opt/gz_msgs_vendor:/opt/ros/jazzy/opt/gz_common_vendor:/opt/ros/jazzy/opt/gz_math_vendor:/opt/ros/jazzy/opt/gz_utils_vendor:/opt/ros/jazzy/opt/gz_tools_vendor:/opt/ros/jazzy/opt/gz_ogre_next_vendor:/opt/ros/jazzy/opt/gz_dartsim_vendor:/opt/ros/jazzy/opt/gz_cmake_vendor:/opt/ros/jazzy /usr/bin/cmake --install /home/robot/omni_robot_ws/build/omni_robot_bringup
[58.292s] Level 1:colcon.colcon_core.environment:create_environment_scripts_only(omni_robot_bringup)
[58.293s] Level 1:colcon.colcon_core.environment:checking '/home/robot/omni_robot_ws/install/omni_robot_bringup' for CMake module files
[58.295s] DEBUG:colcon.colcon_core.event_handler.log_command:Invoked command in '/home/robot/omni_robot_ws/build/omni_robot_bringup' returned '0': CMAKE_PREFIX_PATH=/home/robot/omni_robot_ws/install/omni_robot_hardware:/home/robot/omni_robot_ws/install/omni_robot_bringup:/opt/ros/jazzy/opt/gz_sim_vendor:/opt/ros/jazzy/opt/gz_sensors_vendor:/opt/ros/jazzy/opt/gz_physics_vendor:/opt/ros/jazzy/opt/sdformat_vendor:/opt/ros/jazzy/opt/gz_gui_vendor:/opt/ros/jazzy/opt/gz_transport_vendor:/opt/ros/jazzy/opt/gz_rendering_vendor:/opt/ros/jazzy/opt/gz_plugin_vendor:/opt/ros/jazzy/opt/gz_fuel_tools_vendor:/opt/ros/jazzy/opt/gz_msgs_vendor:/opt/ros/jazzy/opt/gz_common_vendor:/opt/ros/jazzy/opt/gz_math_vendor:/opt/ros/jazzy/opt/gz_utils_vendor:/opt/ros/jazzy/opt/gz_tools_vendor:/opt/ros/jazzy/opt/gz_ogre_next_vendor:/opt/ros/jazzy/opt/gz_dartsim_vendor:/opt/ros/jazzy/opt/gz_cmake_vendor:/opt/ros/jazzy /usr/bin/cmake --install /home/robot/omni_robot_ws/build/omni_robot_bringup
[58.298s] Level 1:colcon.colcon_core.environment:checking '/home/robot/omni_robot_ws/install/omni_robot_bringup' for CMake config files
[58.302s] Level 1:colcon.colcon_core.shell:create_environment_hook('omni_robot_bringup', 'cmake_prefix_path')
[58.303s] INFO:colcon.colcon_core.shell:Creating environment descriptor '/home/robot/omni_robot_ws/install/omni_robot_bringup/share/omni_robot_bringup/hook/cmake_prefix_path.dsv'
[58.305s] INFO:colcon.colcon_core.shell:Creating environment hook '/home/robot/omni_robot_ws/install/omni_robot_bringup/share/omni_robot_bringup/hook/cmake_prefix_path.sh'
[58.309s] Level 1:colcon.colcon_core.environment:checking '/home/robot/omni_robot_ws/install/omni_robot_bringup/bin'
[58.309s] Level 1:colcon.colcon_core.environment:checking '/home/robot/omni_robot_ws/install/omni_robot_bringup/lib/pkgconfig/omni_robot_bringup.pc'
[58.310s] Level 1:colcon.colcon_core.environment:checking '/home/robot/omni_robot_ws/install/omni_robot_bringup/lib/python3.12/site-packages'
[58.312s] Level 1:colcon.colcon_core.environment:checking '/home/robot/omni_robot_ws/install/omni_robot_bringup/bin'
[58.313s] INFO:colcon.colcon_core.shell:Creating package descriptor '/home/robot/omni_robot_ws/install/omni_robot_bringup/share/omni_robot_bringup/package.dsv'
[58.314s] INFO:colcon.colcon_core.shell:Creating package script '/home/robot/omni_robot_ws/install/omni_robot_bringup/share/omni_robot_bringup/package.sh'
[58.316s] INFO:colcon.colcon_core.shell:Creating package script '/home/robot/omni_robot_ws/install/omni_robot_bringup/share/omni_robot_bringup/package.bash'
[58.321s] INFO:colcon.colcon_core.shell:Creating package script '/home/robot/omni_robot_ws/install/omni_robot_bringup/share/omni_robot_bringup/package.zsh'
[58.324s] Level 1:colcon.colcon_core.environment:create_file_with_runtime_dependencies(/home/robot/omni_robot_ws/install/omni_robot_bringup/share/colcon-core/packages/omni_robot_bringup)
[58.329s] Level 1:colcon.colcon_core.environment:create_environment_scripts_only(omni_robot_bringup)
[58.330s] Level 1:colcon.colcon_core.environment:checking '/home/robot/omni_robot_ws/install/omni_robot_bringup' for CMake module files
[58.334s] Level 1:colcon.colcon_core.environment:checking '/home/robot/omni_robot_ws/install/omni_robot_bringup' for CMake config files
[58.339s] Level 1:colcon.colcon_core.shell:create_environment_hook('omni_robot_bringup', 'cmake_prefix_path')
[58.339s] INFO:colcon.colcon_core.shell:Creating environment descriptor '/home/robot/omni_robot_ws/install/omni_robot_bringup/share/omni_robot_bringup/hook/cmake_prefix_path.dsv'
[58.341s] INFO:colcon.colcon_core.shell:Creating environment hook '/home/robot/omni_robot_ws/install/omni_robot_bringup/share/omni_robot_bringup/hook/cmake_prefix_path.sh'
[58.388s] Level 1:colcon.colcon_core.environment:checking '/home/robot/omni_robot_ws/install/omni_robot_bringup/bin'
[58.389s] Level 1:colcon.colcon_core.environment:checking '/home/robot/omni_robot_ws/install/omni_robot_bringup/lib/pkgconfig/omni_robot_bringup.pc'
[58.391s] Level 1:colcon.colcon_core.environment:checking '/home/robot/omni_robot_ws/install/omni_robot_bringup/lib/python3.12/site-packages'
[58.394s] Level 1:colcon.colcon_core.environment:checking '/home/robot/omni_robot_ws/install/omni_robot_bringup/bin'
[58.395s] INFO:colcon.colcon_core.shell:Creating package descriptor '/home/robot/omni_robot_ws/install/omni_robot_bringup/share/omni_robot_bringup/package.dsv'
[58.398s] INFO:colcon.colcon_core.shell:Creating package script '/home/robot/omni_robot_ws/install/omni_robot_bringup/share/omni_robot_bringup/package.sh'
[58.401s] INFO:colcon.colcon_core.shell:Creating package script '/home/robot/omni_robot_ws/install/omni_robot_bringup/share/omni_robot_bringup/package.bash'
[58.404s] INFO:colcon.colcon_core.shell:Creating package script '/home/robot/omni_robot_ws/install/omni_robot_bringup/share/omni_robot_bringup/package.zsh'
[58.407s] Level 1:colcon.colcon_core.environment:create_file_with_runtime_dependencies(/home/robot/omni_robot_ws/install/omni_robot_bringup/share/colcon-core/packages/omni_robot_bringup)
[58.412s] DEBUG:colcon.colcon_parallel_executor.executor.parallel:closing loop
[58.414s] DEBUG:colcon.colcon_parallel_executor.executor.parallel:loop closed
[58.414s] DEBUG:colcon.colcon_parallel_executor.executor.parallel:run_until_complete finished with '0'
[58.415s] DEBUG:colcon.colcon_core.event_reactor:joining thread
[58.417s] DEBUG:colcon.colcon_core.event_reactor:joined thread
[58.418s] INFO:colcon.colcon_core.shell:Creating prefix script '/home/robot/omni_robot_ws/install/local_setup.sh'
[58.421s] INFO:colcon.colcon_core.shell:Creating prefix util module '/home/robot/omni_robot_ws/install/_local_setup_util_sh.py'
[58.428s] INFO:colcon.colcon_core.shell:Creating prefix chain script '/home/robot/omni_robot_ws/install/setup.sh'
[58.433s] INFO:colcon.colcon_core.shell:Creating prefix script '/home/robot/omni_robot_ws/install/local_setup.bash'
[58.440s] INFO:colcon.colcon_core.shell:Creating prefix chain script '/home/robot/omni_robot_ws/install/setup.bash'
[58.445s] INFO:colcon.colcon_core.shell:Creating prefix script '/home/robot/omni_robot_ws/install/local_setup.zsh'
[58.447s] INFO:colcon.colcon_core.shell:Creating prefix chain script '/home/robot/omni_robot_ws/install/setup.zsh'
