[0.066s] Invoking command in '/home/robot/omni_robot_ws/build/omni_robot_hardware': CMAKE_PREFIX_PATH=${CMAKE_PREFIX_PATH}:/opt/ros/jazzy /usr/bin/cmake --build /home/robot/omni_robot_ws/build/omni_robot_hardware -- -j4 -l4
[0.478s] [  6%] Built target hc_sr04
[0.487s] [ 13%] Built target tank_drive
[0.497s] [ 20%] Built target pigpio_client
[0.525s] [ 26%] Built target imu_node
[0.719s] [ 33%] Built target range_scan_node
[0.724s] [ 40%] Built target ultrasonic_perception_node
[0.731s] [ 46%] Built target obstacle_avoider_node
[0.747s] [ 53%] Built target open_loop_odom_node
[0.941s] [ 60%] Built target frontier_explorer_node
[0.956s] [ 66%] Built target simple_wander_node
[0.977s] [ 73%] Built target nav2_goal_sender_node
[0.977s] [ 76%] [32mBuilding CXX object CMakeFiles/bt_reactive_explorer_node.dir/src/bt_reactive_explorer_node.cpp.o[0m
[1.161s] [ 83%] Built target slam_watchdog_node
[1.169s] [ 90%] Built target ultrasonic_node
[1.181s] [ 96%] Built target tank_drive_node
[56.367s] [100%] [32m[1mLinking CXX executable bt_reactive_explorer_node[0m
[59.296s] [100%] Built target bt_reactive_explorer_node
[59.374s] Invoked command in '/home/robot/omni_robot_ws/build/omni_robot_hardware' returned '0': CMAKE_PREFIX_PATH=${CMAKE_PREFIX_PATH}:/opt/ros/jazzy /usr/bin/cmake --build /home/robot/omni_robot_ws/build/omni_robot_hardware -- -j4 -l4
[59.441s] Invoking command in '/home/robot/omni_robot_ws/build/omni_robot_hardware': CMAKE_PREFIX_PATH=${CMAKE_PREFIX_PATH}:/opt/ros/jazzy /usr/bin/cmake --install /home/robot/omni_robot_ws/build/omni_robot_hardware
[59.498s] -- Install configuration: ""
[59.500s] -- Execute custom install script
[59.502s] -- Up-to-date symlink: /home/robot/omni_robot_ws/install/omni_robot_hardware/lib/libhc_sr04.so
[59.503s] -- Up-to-date symlink: /home/robot/omni_robot_ws/install/omni_robot_hardware/lib/libpigpio_client.so
[59.504s] -- Up-to-date symlink: /home/robot/omni_robot_ws/install/omni_robot_hardware/lib/libtank_drive.so
[59.506s] -- Up-to-date symlink: /home/robot/omni_robot_ws/install/omni_robot_hardware/lib/omni_robot_hardware/ultrasonic_node
[59.507s] -- Up-to-date symlink: /home/robot/omni_robot_ws/install/omni_robot_hardware/lib/omni_robot_hardware/imu_node
[59.507s] -- Up-to-date symlink: /home/robot/omni_robot_ws/install/omni_robot_hardware/lib/omni_robot_hardware/tank_drive_node
[59.509s] -- Up-to-date symlink: /home/robot/omni_robot_ws/install/omni_robot_hardware/lib/omni_robot_hardware/obstacle_avoider_node
[59.510s] -- Up-to-date symlink: /home/robot/omni_robot_ws/install/omni_robot_hardware/lib/omni_robot_hardware/range_scan_node
[59.511s] -- Up-to-date symlink: /home/robot/omni_robot_ws/install/omni_robot_hardware/lib/omni_robot_hardware/ultrasonic_perception_node
[59.512s] -- Up-to-date symlink: /home/robot/omni_robot_ws/install/omni_robot_hardware/lib/omni_robot_hardware/open_loop_odom_node
[59.513s] -- Up-to-date symlink: /home/robot/omni_robot_ws/install/omni_robot_hardware/lib/omni_robot_hardware/nav2_goal_sender_node
[59.514s] -- Up-to-date symlink: /home/robot/omni_robot_ws/install/omni_robot_hardware/lib/omni_robot_hardware/frontier_explorer_node
[59.514s] -- Up-to-date symlink: /home/robot/omni_robot_ws/install/omni_robot_hardware/lib/omni_robot_hardware/simple_wander_node
[59.515s] -- Up-to-date symlink: /home/robot/omni_robot_ws/install/omni_robot_hardware/lib/omni_robot_hardware/bt_reactive_explorer_node
[59.517s] -- Up-to-date symlink: /home/robot/omni_robot_ws/install/omni_robot_hardware/lib/omni_robot_hardware/slam_watchdog_node
[59.519s] -- Up-to-date symlink: /home/robot/omni_robot_ws/install/omni_robot_hardware/include/omni_robot_hardware/hc_sr04.hpp
[59.520s] -- Up-to-date symlink: /home/robot/omni_robot_ws/install/omni_robot_hardware/include/omni_robot_hardware/pigpio_client.hpp
[59.521s] -- Up-to-date symlink: /home/robot/omni_robot_ws/install/omni_robot_hardware/include/omni_robot_hardware/tank_drive.hpp
[59.522s] -- Up-to-date symlink: /home/robot/omni_robot_ws/install/omni_robot_hardware/share/ament_index/resource_index/package_run_dependencies/omni_robot_hardware
[59.524s] -- Up-to-date symlink: /home/robot/omni_robot_ws/install/omni_robot_hardware/share/ament_index/resource_index/parent_prefix_path/omni_robot_hardware
[59.525s] -- Up-to-date symlink: /home/robot/omni_robot_ws/install/omni_robot_hardware/share/omni_robot_hardware/environment/ament_prefix_path.sh
[59.526s] -- Up-to-date symlink: /home/robot/omni_robot_ws/install/omni_robot_hardware/share/omni_robot_hardware/environment/ament_prefix_path.dsv
[59.527s] -- Up-to-date symlink: /home/robot/omni_robot_ws/install/omni_robot_hardware/share/omni_robot_hardware/environment/path.sh
[59.528s] -- Up-to-date symlink: /home/robot/omni_robot_ws/install/omni_robot_hardware/share/omni_robot_hardware/environment/path.dsv
[59.529s] -- Up-to-date symlink: /home/robot/omni_robot_ws/install/omni_robot_hardware/share/omni_robot_hardware/local_setup.bash
[59.530s] -- Up-to-date symlink: /home/robot/omni_robot_ws/install/omni_robot_hardware/share/omni_robot_hardware/local_setup.sh
[59.531s] -- Up-to-date symlink: /home/robot/omni_robot_ws/install/omni_robot_hardware/share/omni_robot_hardware/local_setup.zsh
[59.533s] -- Up-to-date symlink: /home/robot/omni_robot_ws/install/omni_robot_hardware/share/omni_robot_hardware/local_setup.dsv
[59.533s] -- Symlinking: /home/robot/omni_robot_ws/install/omni_robot_hardware/share/omni_robot_hardware/package.dsv
[59.597s] -- Up-to-date symlink: /home/robot/omni_robot_ws/install/omni_robot_hardware/share/ament_index/resource_index/packages/omni_robot_hardware
[59.598s] -- Up-to-date symlink: /home/robot/omni_robot_ws/install/omni_robot_hardware/share/omni_robot_hardware/cmake/omni_robot_hardwareConfig.cmake
[59.599s] -- Up-to-date symlink: /home/robot/omni_robot_ws/install/omni_robot_hardware/share/omni_robot_hardware/cmake/omni_robot_hardwareConfig-version.cmake
[59.600s] -- Up-to-date symlink: /home/robot/omni_robot_ws/install/omni_robot_hardware/share/omni_robot_hardware/package.xml
[59.609s] Invoked command in '/home/robot/omni_robot_ws/build/omni_robot_hardware' returned '0': CMAKE_PREFIX_PATH=${CMAKE_PREFIX_PATH}:/opt/ros/jazzy /usr/bin/cmake --install /home/robot/omni_robot_ws/build/omni_robot_hardware
