[0.065s] Invoking command in '/home/robot/omni_robot_ws/build/omni_robot_hardware': CMAKE_PREFIX_PATH=${CMAKE_PREFIX_PATH}:/opt/ros/jazzy /usr/bin/cmake --build /home/robot/omni_robot_ws/build/omni_robot_hardware -- -j4 -l4
[0.436s] [  6%] Built target pigpio_client
[0.441s] [ 13%] Built target hc_sr04
[0.469s] [ 20%] Built target tank_drive
[0.516s] [ 26%] Built target imu_node
[0.696s] [ 33%] Built target obstacle_avoider_node
[0.723s] [ 40%] Built target range_scan_node
[0.725s] [ 46%] Built target open_loop_odom_node
[0.751s] [ 53%] Built target ultrasonic_perception_node
[0.934s] [ 60%] Built target frontier_explorer_node
[0.937s] [ 66%] Built target nav2_goal_sender_node
[0.953s] [ 73%] Built target simple_wander_node
[0.994s] [ 80%] Built target bt_reactive_explorer_node
[1.119s] [ 86%] Built target slam_watchdog_node
[1.139s] [ 90%] [32mBuilding CXX object CMakeFiles/ultrasonic_node.dir/src/ultrasonic_node.cpp.o[0m
[1.145s] [ 96%] Built target tank_drive_node
[11.259s] [01m[K/home/robot/omni_robot_ws/ros2_ws/src/omni_robot_hardware/src/ultrasonic_node.cpp:[m[K In constructor ‘[01m[Komni_robot_hardware::UltrasonicNode::[01;32m[KUltrasonicNode[m[K()[m[K’:
[11.259s] [01m[K/home/robot/omni_robot_ws/ros2_ws/src/omni_robot_hardware/src/ultrasonic_node.cpp:43:15:[m[K [01;31m[Kerror: [m[Kno matching function for call to ‘[01m[Kmax(int, int64_t)[m[K’
[11.260s]    43 |       [01;31m[Kstd::max(0, get_parameter("inter_sensor_delay_ms").as_int())[m[K;
[11.261s]       |       [01;31m[K~~~~~~~~^~~~~~~~~~~~~~~~~~~~~~~~~~~~~~~~~~~~~~~~~~~~~~~~~~~~[m[K
[11.262s] In file included from [01m[K/usr/include/c++/13/algorithm:60[m[K,
[11.262s]                  from [01m[K/home/robot/omni_robot_ws/ros2_ws/src/omni_robot_hardware/src/ultrasonic_node.cpp:4[m[K:
[11.263s] [01m[K/usr/include/c++/13/bits/stl_algobase.h:257:5:[m[K [01;36m[Knote: [m[Kcandidate: ‘[01m[Ktemplate<class _Tp> constexpr const _Tp& std::[01;32m[Kmax[m[K(const _Tp&, const _Tp&)[m[K’
[11.263s]   257 |     [01;36m[Kmax[m[K(const _Tp& __a, const _Tp& __b)
[11.264s]       |     [01;36m[K^~~[m[K
[11.264s] [01m[K/usr/include/c++/13/bits/stl_algobase.h:257:5:[m[K [01;36m[Knote: [m[K  template argument deduction/substitution failed:
[11.265s] [01m[K/home/robot/omni_robot_ws/ros2_ws/src/omni_robot_hardware/src/ultrasonic_node.cpp:43:15:[m[K [01;36m[Knote: [m[K  deduced conflicting types for parameter ‘[01m[Kconst _Tp[m[K’ (‘[01m[Kint[m[K’ and ‘[01m[Kint64_t[m[K’ {aka ‘[01m[Klong int[m[K’})
[11.266s]    43 |       [01;36m[Kstd::max(0, get_parameter("inter_sensor_delay_ms").as_int())[m[K;
[11.267s]       |       [01;36m[K~~~~~~~~^~~~~~~~~~~~~~~~~~~~~~~~~~~~~~~~~~~~~~~~~~~~~~~~~~~~[m[K
[11.268s] [01m[K/usr/include/c++/13/bits/stl_algobase.h:303:5:[m[K [01;36m[Knote: [m[Kcandidate: ‘[01m[Ktemplate<class _Tp, class _Compare> constexpr const _Tp& std::[01;32m[Kmax[m[K(const _Tp&, const _Tp&, _Compare)[m[K’
[11.268s]   303 |     [01;36m[Kmax[m[K(const _Tp& __a, const _Tp& __b, _Compare __comp)
[11.269s]       |     [01;36m[K^~~[m[K
[11.270s] [01m[K/usr/include/c++/13/bits/stl_algobase.h:303:5:[m[K [01;36m[Knote: [m[K  template argument deduction/substitution failed:
[11.270s] [01m[K/home/robot/omni_robot_ws/ros2_ws/src/omni_robot_hardware/src/ultrasonic_node.cpp:43:15:[m[K [01;36m[Knote: [m[K  deduced conflicting types for parameter ‘[01m[Kconst _Tp[m[K’ (‘[01m[Kint[m[K’ and ‘[01m[Kint64_t[m[K’ {aka ‘[01m[Klong int[m[K’})
[11.271s]    43 |       [01;36m[Kstd::max(0, get_parameter("inter_sensor_delay_ms").as_int())[m[K;
[11.272s]       |       [01;36m[K~~~~~~~~^~~~~~~~~~~~~~~~~~~~~~~~~~~~~~~~~~~~~~~~~~~~~~~~~~~~[m[K
[11.272s] In file included from [01m[K/usr/include/c++/13/algorithm:61[m[K:
[11.273s] [01m[K/usr/include/c++/13/bits/stl_algo.h:5795:5:[m[K [01;36m[Knote: [m[Kcandidate: ‘[01m[Ktemplate<class _Tp> constexpr _Tp std::[01;32m[Kmax[m[K(initializer_list<_Tp>)[m[K’
[11.273s]  5795 |     [01;36m[Kmax[m[K(initializer_list<_Tp> __l)
[11.274s]       |     [01;36m[K^~~[m[K
[11.274s] [01m[K/usr/include/c++/13/bits/stl_algo.h:5795:5:[m[K [01;36m[Knote: [m[K  template argument deduction/substitution failed:
[11.275s] [01m[K/home/robot/omni_robot_ws/ros2_ws/src/omni_robot_hardware/src/ultrasonic_node.cpp:43:15:[m[K [01;36m[Knote: [m[K  mismatched types ‘[01m[Kstd::initializer_list<_Tp>[m[K’ and ‘[01m[Kint[m[K’
[11.275s]    43 |       [01;36m[Kstd::max(0, get_parameter("inter_sensor_delay_ms").as_int())[m[K;
[11.276s]       |       [01;36m[K~~~~~~~~^~~~~~~~~~~~~~~~~~~~~~~~~~~~~~~~~~~~~~~~~~~~~~~~~~~~[m[K
[11.277s] [01m[K/usr/include/c++/13/bits/stl_algo.h:5805:5:[m[K [01;36m[Knote: [m[Kcandidate: ‘[01m[Ktemplate<class _Tp, class _Compare> constexpr _Tp std::[01;32m[Kmax[m[K(initializer_list<_Tp>, _Compare)[m[K’
[11.277s]  5805 |     [01;36m[Kmax[m[K(initializer_list<_Tp> __l, _Compare __comp)
[11.278s]       |     [01;36m[K^~~[m[K
[11.278s] [01m[K/usr/include/c++/13/bits/stl_algo.h:5805:5:[m[K [01;36m[Knote: [m[K  template argument deduction/substitution failed:
[11.279s] [01m[K/home/robot/omni_robot_ws/ros2_ws/src/omni_robot_hardware/src/ultrasonic_node.cpp:43:15:[m[K [01;36m[Knote: [m[K  mismatched types ‘[01m[Kstd::initializer_list<_Tp>[m[K’ and ‘[01m[Kint[m[K’
[11.280s]    43 |       [01;36m[Kstd::max(0, get_parameter("inter_sensor_delay_ms").as_int())[m[K;
[11.280s]       |       [01;36m[K~~~~~~~~^~~~~~~~~~~~~~~~~~~~~~~~~~~~~~~~~~~~~~~~~~~~~~~~~~~~[m[K
[15.345s] gmake[2]: *** [CMakeFiles/ultrasonic_node.dir/build.make:76: CMakeFiles/ultrasonic_node.dir/src/ultrasonic_node.cpp.o] Error 1
[15.346s] gmake[1]: *** [CMakeFiles/Makefile2:244: CMakeFiles/ultrasonic_node.dir/all] Error 2
[15.347s] gmake: *** [Makefile:146: all] Error 2
[15.355s] Invoked command in '/home/robot/omni_robot_ws/build/omni_robot_hardware' returned '2': CMAKE_PREFIX_PATH=${CMAKE_PREFIX_PATH}:/opt/ros/jazzy /usr/bin/cmake --build /home/robot/omni_robot_ws/build/omni_robot_hardware -- -j4 -l4
