[0.066s] Invoking command in '/home/robot/omni_robot_ws/build/omni_robot_hardware': CMAKE_PREFIX_PATH=${CMAKE_PREFIX_PATH}:/opt/ros/jazzy /usr/bin/cmake /home/robot/omni_robot_ws/ros2_ws/src/omni_robot_hardware -DCMAKE_INSTALL_PREFIX=/home/robot/omni_robot_ws/install/omni_robot_hardware
[0.174s] -- Found ament_cmake: 2.5.6 (/opt/ros/jazzy/share/ament_cmake/cmake)
[1.230s] -- Override CMake install command with custom implementation using symlinks instead of copying resources
[1.317s] -- Found rclcpp: 28.1.18 (/opt/ros/jazzy/share/rclcpp/cmake)
[1.550s] -- Found rosidl_generator_c: 4.6.7 (/opt/ros/jazzy/share/rosidl_generator_c/cmake)
[1.604s] -- Found rosidl_generator_cpp: 4.6.7 (/opt/ros/jazzy/share/rosidl_generator_cpp/cmake)
[1.679s] -- Using all available rosidl_typesupport_c: rosidl_typesupport_fastrtps_c;rosidl_typesupport_introspection_c
[1.806s] -- Using all available rosidl_typesupport_cpp: rosidl_typesupport_fastrtps_cpp;rosidl_typesupport_introspection_cpp
[2.142s] -- Found rmw_implementation_cmake: 7.3.3 (/opt/ros/jazzy/share/rmw_implementation_cmake/cmake)
[2.155s] -- Found rmw_fastrtps_cpp: 8.4.3 (/opt/ros/jazzy/share/rmw_fastrtps_cpp/cmake)
[2.510s] -- Using RMW implementation 'rmw_fastrtps_cpp' as default
[2.837s] -- Found sensor_msgs: 5.3.7 (/opt/ros/jazzy/share/sensor_msgs/cmake)
[3.098s] -- Found nav_msgs: 5.3.7 (/opt/ros/jazzy/share/nav_msgs/cmake)
[3.210s] -- Found rclcpp_action: 28.1.18 (/opt/ros/jazzy/share/rclcpp_action/cmake)
[3.412s] -- Found nav2_msgs: 1.3.11 (/opt/ros/jazzy/share/nav2_msgs/cmake)
[3.784s] -- Found tf2: 0.36.20 (/opt/ros/jazzy/share/tf2/cmake)
[3.806s] -- Found tf2_ros: 0.36.20 (/opt/ros/jazzy/share/tf2_ros/cmake)
[4.117s] -- Found tf2_geometry_msgs: 0.36.20 (/opt/ros/jazzy/share/tf2_geometry_msgs/cmake)
[4.142s] -- Found eigen3_cmake_module: 0.3.0 (/opt/ros/jazzy/share/eigen3_cmake_module/cmake)
[4.150s] -- Ensuring Eigen3 include directory is part of orocos-kdl CMake target
[4.158s] -- Found visualization_msgs: 5.3.7 (/opt/ros/jazzy/share/visualization_msgs/cmake)
[4.781s] -- Configuring done (4.7s)
[5.189s] -- Generating done (0.3s)
[5.289s] -- Build files have been written to: /home/robot/omni_robot_ws/build/omni_robot_hardware
[5.334s] Invoked command in '/home/robot/omni_robot_ws/build/omni_robot_hardware' returned '0': CMAKE_PREFIX_PATH=${CMAKE_PREFIX_PATH}:/opt/ros/jazzy /usr/bin/cmake /home/robot/omni_robot_ws/ros2_ws/src/omni_robot_hardware -DCMAKE_INSTALL_PREFIX=/home/robot/omni_robot_ws/install/omni_robot_hardware
[5.341s] Invoking command in '/home/robot/omni_robot_ws/build/omni_robot_hardware': CMAKE_PREFIX_PATH=${CMAKE_PREFIX_PATH}:/opt/ros/jazzy /usr/bin/cmake --build /home/robot/omni_robot_ws/build/omni_robot_hardware -- -j4 -l4
[5.728s] [  6%] Built target hc_sr04
[5.749s] [ 13%] Built target pigpio_client
[5.764s] [ 20%] Built target tank_drive
[5.806s] [ 26%] Built target imu_node
[5.956s] [ 33%] Built target obstacle_avoider_node
[6.026s] [ 40%] Built target range_scan_node
[6.051s] [ 46%] Built target ultrasonic_perception_node
[6.113s] [ 53%] Built target open_loop_odom_node
[6.280s] [ 60%] Built target nav2_goal_sender_node
[6.296s] [ 66%] Built target simple_wander_node
[6.346s] [ 73%] Built target frontier_explorer_node
[6.357s] [ 76%] [32mBuilding CXX object CMakeFiles/bt_reactive_explorer_node.dir/src/bt_reactive_explorer_node.cpp.o[0m
[6.542s] [ 83%] Built target slam_watchdog_node
[6.606s] [ 90%] Built target ultrasonic_node
[6.612s] [ 96%] Built target tank_drive_node
[68.809s] [100%] [32m[1mLinking CXX executable bt_reactive_explorer_node[0m
[71.987s] [100%] Built target bt_reactive_explorer_node
[72.060s] Invoked command in '/home/robot/omni_robot_ws/build/omni_robot_hardware' returned '0': CMAKE_PREFIX_PATH=${CMAKE_PREFIX_PATH}:/opt/ros/jazzy /usr/bin/cmake --build /home/robot/omni_robot_ws/build/omni_robot_hardware -- -j4 -l4
[72.128s] Invoking command in '/home/robot/omni_robot_ws/build/omni_robot_hardware': CMAKE_PREFIX_PATH=${CMAKE_PREFIX_PATH}:/opt/ros/jazzy /usr/bin/cmake --install /home/robot/omni_robot_ws/build/omni_robot_hardware
[72.179s] -- Install configuration: ""
[72.181s] -- Execute custom install script
[72.183s] -- Up-to-date symlink: /home/robot/omni_robot_ws/install/omni_robot_hardware/lib/libhc_sr04.so
[72.184s] -- Up-to-date symlink: /home/robot/omni_robot_ws/install/omni_robot_hardware/lib/libpigpio_client.so
[72.185s] -- Up-to-date symlink: /home/robot/omni_robot_ws/install/omni_robot_hardware/lib/libtank_drive.so
[72.186s] -- Up-to-date symlink: /home/robot/omni_robot_ws/install/omni_robot_hardware/lib/omni_robot_hardware/ultrasonic_node
[72.186s] -- Up-to-date symlink: /home/robot/omni_robot_ws/install/omni_robot_hardware/lib/omni_robot_hardware/imu_node
[72.187s] -- Up-to-date symlink: /home/robot/omni_robot_ws/install/omni_robot_hardware/lib/omni_robot_hardware/tank_drive_node
[72.188s] -- Up-to-date symlink: /home/robot/omni_robot_ws/install/omni_robot_hardware/lib/omni_robot_hardware/obstacle_avoider_node
[72.189s] -- Up-to-date symlink: /home/robot/omni_robot_ws/install/omni_robot_hardware/lib/omni_robot_hardware/range_scan_node
[72.190s] -- Up-to-date symlink: /home/robot/omni_robot_ws/install/omni_robot_hardware/lib/omni_robot_hardware/ultrasonic_perception_node
[72.191s] -- Up-to-date symlink: /home/robot/omni_robot_ws/install/omni_robot_hardware/lib/omni_robot_hardware/open_loop_odom_node
[72.192s] -- Up-to-date symlink: /home/robot/omni_robot_ws/install/omni_robot_hardware/lib/omni_robot_hardware/nav2_goal_sender_node
[72.193s] -- Up-to-date symlink: /home/robot/omni_robot_ws/install/omni_robot_hardware/lib/omni_robot_hardware/frontier_explorer_node
[72.194s] -- Up-to-date symlink: /home/robot/omni_robot_ws/install/omni_robot_hardware/lib/omni_robot_hardware/simple_wander_node
[72.195s] -- Up-to-date symlink: /home/robot/omni_robot_ws/install/omni_robot_hardware/lib/omni_robot_hardware/bt_reactive_explorer_node
[72.196s] -- Up-to-date symlink: /home/robot/omni_robot_ws/install/omni_robot_hardware/lib/omni_robot_hardware/slam_watchdog_node
[72.199s] -- Up-to-date symlink: /home/robot/omni_robot_ws/install/omni_robot_hardware/include/omni_robot_hardware/hc_sr04.hpp
[72.199s] -- Up-to-date symlink: /home/robot/omni_robot_ws/install/omni_robot_hardware/include/omni_robot_hardware/pigpio_client.hpp
[72.200s] -- Up-to-date symlink: /home/robot/omni_robot_ws/install/omni_robot_hardware/include/omni_robot_hardware/tank_drive.hpp
[72.202s] -- Up-to-date symlink: /home/robot/omni_robot_ws/install/omni_robot_hardware/share/ament_index/resource_index/package_run_dependencies/omni_robot_hardware
[72.203s] -- Up-to-date symlink: /home/robot/omni_robot_ws/install/omni_robot_hardware/share/ament_index/resource_index/parent_prefix_path/omni_robot_hardware
[72.204s] -- Up-to-date symlink: /home/robot/omni_robot_ws/install/omni_robot_hardware/share/omni_robot_hardware/environment/ament_prefix_path.sh
[72.205s] -- Up-to-date symlink: /home/robot/omni_robot_ws/install/omni_robot_hardware/share/omni_robot_hardware/environment/ament_prefix_path.dsv
[72.206s] -- Up-to-date symlink: /home/robot/omni_robot_ws/install/omni_robot_hardware/share/omni_robot_hardware/environment/path.sh
[72.207s] -- Up-to-date symlink: /home/robot/omni_robot_ws/install/omni_robot_hardware/share/omni_robot_hardware/environment/path.dsv
[72.208s] -- Up-to-date symlink: /home/robot/omni_robot_ws/install/omni_robot_hardware/share/omni_robot_hardware/local_setup.bash
[72.209s] -- Up-to-date symlink: /home/robot/omni_robot_ws/install/omni_robot_hardware/share/omni_robot_hardware/local_setup.sh
[72.210s] -- Up-to-date symlink: /home/robot/omni_robot_ws/install/omni_robot_hardware/share/omni_robot_hardware/local_setup.zsh
[72.211s] -- Up-to-date symlink: /home/robot/omni_robot_ws/install/omni_robot_hardware/share/omni_robot_hardware/local_setup.dsv
[72.212s] -- Symlinking: /home/robot/omni_robot_ws/install/omni_robot_hardware/share/omni_robot_hardware/package.dsv
[72.272s] -- Up-to-date symlink: /home/robot/omni_robot_ws/install/omni_robot_hardware/share/ament_index/resource_index/packages/omni_robot_hardware
[72.273s] -- Up-to-date symlink: /home/robot/omni_robot_ws/install/omni_robot_hardware/share/omni_robot_hardware/cmake/omni_robot_hardwareConfig.cmake
[72.274s] -- Up-to-date symlink: /home/robot/omni_robot_ws/install/omni_robot_hardware/share/omni_robot_hardware/cmake/omni_robot_hardwareConfig-version.cmake
[72.275s] -- Up-to-date symlink: /home/robot/omni_robot_ws/install/omni_robot_hardware/share/omni_robot_hardware/package.xml
[72.283s] Invoked command in '/home/robot/omni_robot_ws/build/omni_robot_hardware' returned '0': CMAKE_PREFIX_PATH=${CMAKE_PREFIX_PATH}:/opt/ros/jazzy /usr/bin/cmake --install /home/robot/omni_robot_ws/build/omni_robot_hardware
