[  6%] Built target hc_sr04
[ 12%] Built target tank_drive
[ 18%] Built target pigpio_client
[ 25%] Built target imu_node
[ 31%] Built target range_scan_node
[ 37%] Built target obstacle_avoider_node
[ 43%] Built target ultrasonic_perception_node
[ 50%] Built target open_loop_odom_node
[ 56%] Built target nav2_goal_sender_node
[ 62%] Built target frontier_explorer_node
[ 68%] Built target bt_reactive_explorer_node
[ 75%] Built target simple_wander_node
[ 81%] Built target slam_watchdog_node
[ 87%] Built target ultrasonic_node
[ 93%] [32mBuilding CXX object CMakeFiles/bt_reactive_explorer_v2_node.dir/src/bt_reactive_explorer_v2_node.cpp.o[0m
[ 96%] Built target tank_drive_node
[01m[K/home/robot/omni_robot_ws/ros2_ws/src/omni_robot_hardware/src/bt_reactive_explorer_v2_node.cpp:[m[K In member function ‘[01m[Kvirtual BT::NodeStatus omni_robot_hardware::ReactiveExploreV2Node::TurnInPlaceAction::[01;32m[KonRunning[m[K()[m[K’:
[01m[K/home/robot/omni_robot_ws/ros2_ws/src/omni_robot_hardware/src/bt_reactive_explorer_v2_node.cpp:379:11:[m[K [01;31m[Kerror: [m[K‘[01m[Kelapsed[m[K’ was not declared in this scope; did you mean ‘[01m[Kelapsed1[m[K’?
  379 |       if ([01;31m[Kelapsed[m[K > min_turn_s && (!std::isfinite(r) || r > clear_threshold)) {
      |           [01;31m[K^~~~~~~[m[K
      |           [32m[Kelapsed1[m[K
[01m[K/home/robot/omni_robot_ws/ros2_ws/src/omni_robot_hardware/src/bt_reactive_explorer_v2_node.cpp:372:14:[m[K [01;35m[Kwarning: [m[Kunused variable ‘[01m[Kelapsed1[m[K’ [[01;35m[K]8;;https://gcc.gnu.org/onlinedocs/gcc/Warning-Options.html#index-Wunused-variable-Wunused-variable]8;;[m[K]
  372 |       double [01;35m[Kelapsed1[m[K = (node->now() - start_time_).seconds();
      |              [01;35m[K^~~~~~~~[m[K
gmake[2]: *** [CMakeFiles/bt_reactive_explorer_v2_node.dir/build.make:76: CMakeFiles/bt_reactive_explorer_v2_node.dir/src/bt_reactive_explorer_v2_node.cpp.o] Error 1
gmake[1]: *** [CMakeFiles/Makefile2:533: CMakeFiles/bt_reactive_explorer_v2_node.dir/all] Error 2
gmake: *** [Makefile:146: all] Error 2
