-- The C compiler identification is GNU 13.3.0
-- The CXX compiler identification is GNU 13.3.0
-- Detecting C compiler ABI info
-- Detecting C compiler ABI info - done
-- Check for working C compiler: /usr/bin/cc - skipped
-- Detecting C compile features
-- Detecting C compile features - done
-- Detecting CXX compiler ABI info
-- Detecting CXX compiler ABI info - done
-- Check for working CXX compiler: /usr/bin/c++ - skipped
-- Detecting CXX compile features
-- Detecting CXX compile features - done
-- Found ament_cmake: 2.5.6 (/opt/ros/jazzy/share/ament_cmake/cmake)
-- Found Python3: /usr/bin/python3 (found version "3.12.3") found components: Interpreter 
-- Override CMake install command with custom implementation using symlinks instead of copying resources
-- Configuring done (6.8s)
-- Generating done (0.0s)
-- Build files have been written to: /home/robot/omni_robot_ws/build/omni_robot_bringup
-- Install configuration: ""
-- Execute custom install script
-- Symlinking: /home/robot/omni_robot_ws/install/omni_robot_bringup/share/omni_robot_bringup/launch/phase8_nav2_slam.launch.py
-- Symlinking: /home/robot/omni_robot_ws/install/omni_robot_bringup/share/omni_robot_bringup/launch/robot.launch.py
-- Symlinking: /home/robot/omni_robot_ws/install/omni_robot_bringup/share/omni_robot_bringup/launch/sensors.launch.py
-- Symlinking: /home/robot/omni_robot_ws/install/omni_robot_bringup/share/omni_robot_bringup/config/avoidance.yaml
-- Symlinking: /home/robot/omni_robot_ws/install/omni_robot_bringup/share/omni_robot_bringup/config/avoidance_nav.yaml
-- Symlinking: /home/robot/omni_robot_ws/install/omni_robot_bringup/share/omni_robot_bringup/config/drive.yaml
-- Symlinking: /home/robot/omni_robot_ws/install/omni_robot_bringup/share/omni_robot_bringup/config/nav2_params_ultrasonic.yaml
-- Symlinking: /home/robot/omni_robot_ws/install/omni_robot_bringup/share/omni_robot_bringup/config/sensors.yaml
-- Symlinking: /home/robot/omni_robot_ws/install/omni_robot_bringup/share/omni_robot_bringup/config/slam_toolbox_ultrasonic.yaml
-- Symlinking: /home/robot/omni_robot_ws/install/omni_robot_bringup/share/ament_index/resource_index/package_run_dependencies/omni_robot_bringup
-- Symlinking: /home/robot/omni_robot_ws/install/omni_robot_bringup/share/ament_index/resource_index/parent_prefix_path/omni_robot_bringup
-- Symlinking: /home/robot/omni_robot_ws/install/omni_robot_bringup/share/omni_robot_bringup/environment/ament_prefix_path.sh
-- Symlinking: /home/robot/omni_robot_ws/install/omni_robot_bringup/share/omni_robot_bringup/environment/ament_prefix_path.dsv
-- Symlinking: /home/robot/omni_robot_ws/install/omni_robot_bringup/share/omni_robot_bringup/environment/path.sh
-- Symlinking: /home/robot/omni_robot_ws/install/omni_robot_bringup/share/omni_robot_bringup/environment/path.dsv
-- Symlinking: /home/robot/omni_robot_ws/install/omni_robot_bringup/share/omni_robot_bringup/local_setup.bash
-- Symlinking: /home/robot/omni_robot_ws/install/omni_robot_bringup/share/omni_robot_bringup/local_setup.sh
-- Symlinking: /home/robot/omni_robot_ws/install/omni_robot_bringup/share/omni_robot_bringup/local_setup.zsh
-- Symlinking: /home/robot/omni_robot_ws/install/omni_robot_bringup/share/omni_robot_bringup/local_setup.dsv
-- Symlinking: /home/robot/omni_robot_ws/install/omni_robot_bringup/share/omni_robot_bringup/package.dsv
-- Symlinking: /home/robot/omni_robot_ws/install/omni_robot_bringup/share/ament_index/resource_index/packages/omni_robot_bringup
-- Symlinking: /home/robot/omni_robot_ws/install/omni_robot_bringup/share/omni_robot_bringup/cmake/omni_robot_bringupConfig.cmake
-- Symlinking: /home/robot/omni_robot_ws/install/omni_robot_bringup/share/omni_robot_bringup/cmake/omni_robot_bringupConfig-version.cmake
-- Symlinking: /home/robot/omni_robot_ws/install/omni_robot_bringup/share/omni_robot_bringup/package.xml
