[0.419s] DEBUG:colcon:Command line arguments: ['/usr/bin/colcon', 'build']
[0.420s] DEBUG:colcon:Parsed command line arguments: Namespace(log_base=None, log_level=None, verb_name='build', build_base='build', install_base='install', merge_install=False, symlink_install=False, test_result_base=None, continue_on_error=False, executor='parallel', parallel_workers=4, event_handlers=None, ignore_user_meta=False, metas=['./colcon.meta'], base_paths=['.'], packages_ignore=None, packages_ignore_regex=None, paths=None, packages_up_to=None, packages_up_to_regex=None, packages_above=None, packages_above_and_dependencies=None, packages_above_depth=None, packages_select_by_dep=None, packages_skip_by_dep=None, packages_skip_up_to=None, packages_select_build_failed=False, packages_skip_build_finished=False, packages_select_test_failures=False, packages_skip_test_passed=False, packages_select=None, packages_skip=None, packages_select_regex=None, packages_skip_regex=None, packages_start=None, packages_end=None, cmake_args=None, cmake_target=None, cmake_target_skip_unavailable=False, cmake_clean_cache=False, cmake_clean_first=False, cmake_force_configure=False, ament_cmake_args=None, catkin_cmake_args=None, catkin_skip_building_tests=False, verb_parser=<colcon_defaults.argument_parser.defaults.DefaultArgumentsDecorator object at 0xffffa4f40dd0>, verb_extension=<colcon_core.verb.build.BuildVerb object at 0xffffa5129e80>, main=<bound method BuildVerb.main of <colcon_core.verb.build.BuildVerb object at 0xffffa5129e80>>)
[0.592s] Level 1:colcon.colcon_core.package_discovery:discover_packages(colcon_meta) check parameters
[0.592s] Level 1:colcon.colcon_core.package_discovery:discover_packages(recursive) check parameters
[0.592s] Level 1:colcon.colcon_core.package_discovery:discover_packages(ignore) check parameters
[0.592s] Level 1:colcon.colcon_core.package_discovery:discover_packages(path) check parameters
[0.592s] Level 1:colcon.colcon_core.package_discovery:discover_packages(colcon_meta) discover
[0.593s] Level 1:colcon.colcon_core.package_discovery:discover_packages(recursive) discover
[0.593s] INFO:colcon.colcon_core.package_discovery:Crawling recursively for packages in '/home/robot/omni_robot_ws'
[0.593s] Level 1:colcon.colcon_core.package_identification:_identify(.) by extensions ['ignore', 'ignore_ament_install']
[0.594s] Level 1:colcon.colcon_core.package_identification:_identify(.) by extension 'ignore'
[0.594s] Level 1:colcon.colcon_core.package_identification:_identify(.) by extension 'ignore_ament_install'
[0.594s] Level 1:colcon.colcon_core.package_identification:_identify(.) by extensions ['colcon_pkg']
[0.594s] Level 1:colcon.colcon_core.package_identification:_identify(.) by extension 'colcon_pkg'
[0.595s] Level 1:colcon.colcon_core.package_identification:_identify(.) by extensions ['colcon_meta']
[0.595s] Level 1:colcon.colcon_core.package_identification:_identify(.) by extension 'colcon_meta'
[0.595s] Level 1:colcon.colcon_core.package_identification:_identify(.) by extensions ['ros']
[0.595s] Level 1:colcon.colcon_core.package_identification:_identify(.) by extension 'ros'
[0.697s] Level 1:colcon.colcon_core.package_identification:_identify(.) by extensions ['cmake', 'python']
[0.697s] Level 1:colcon.colcon_core.package_identification:_identify(.) by extension 'cmake'
[0.698s] Level 1:colcon.colcon_core.package_identification:_identify(.) by extension 'python'
[0.698s] Level 1:colcon.colcon_core.package_identification:_identify(.) by extensions ['python_setup_py']
[0.698s] Level 1:colcon.colcon_core.package_identification:_identify(.) by extension 'python_setup_py'
[0.699s] Level 1:colcon.colcon_core.package_identification:_identify(build) by extensions ['ignore', 'ignore_ament_install']
[0.699s] Level 1:colcon.colcon_core.package_identification:_identify(build) by extension 'ignore'
[0.700s] Level 1:colcon.colcon_core.package_identification:_identify(build) ignored
[0.700s] Level 1:colcon.colcon_core.package_identification:_identify(install) by extensions ['ignore', 'ignore_ament_install']
[0.701s] Level 1:colcon.colcon_core.package_identification:_identify(install) by extension 'ignore'
[0.701s] Level 1:colcon.colcon_core.package_identification:_identify(install) ignored
[0.702s] Level 1:colcon.colcon_core.package_identification:_identify(log) by extensions ['ignore', 'ignore_ament_install']
[0.703s] Level 1:colcon.colcon_core.package_identification:_identify(log) by extension 'ignore'
[0.703s] Level 1:colcon.colcon_core.package_identification:_identify(log) ignored
[0.704s] Level 1:colcon.colcon_core.package_identification:_identify(ros2_ws) by extensions ['ignore', 'ignore_ament_install']
[0.704s] Level 1:colcon.colcon_core.package_identification:_identify(ros2_ws) by extension 'ignore'
[0.705s] Level 1:colcon.colcon_core.package_identification:_identify(ros2_ws) by extension 'ignore_ament_install'
[0.705s] Level 1:colcon.colcon_core.package_identification:_identify(ros2_ws) by extensions ['colcon_pkg']
[0.705s] Level 1:colcon.colcon_core.package_identification:_identify(ros2_ws) by extension 'colcon_pkg'
[0.705s] Level 1:colcon.colcon_core.package_identification:_identify(ros2_ws) by extensions ['colcon_meta']
[0.706s] Level 1:colcon.colcon_core.package_identification:_identify(ros2_ws) by extension 'colcon_meta'
[0.706s] Level 1:colcon.colcon_core.package_identification:_identify(ros2_ws) by extensions ['ros']
[0.706s] Level 1:colcon.colcon_core.package_identification:_identify(ros2_ws) by extension 'ros'
[0.707s] Level 1:colcon.colcon_core.package_identification:_identify(ros2_ws) by extensions ['cmake', 'python']
[0.707s] Level 1:colcon.colcon_core.package_identification:_identify(ros2_ws) by extension 'cmake'
[0.707s] Level 1:colcon.colcon_core.package_identification:_identify(ros2_ws) by extension 'python'
[0.708s] Level 1:colcon.colcon_core.package_identification:_identify(ros2_ws) by extensions ['python_setup_py']
[0.708s] Level 1:colcon.colcon_core.package_identification:_identify(ros2_ws) by extension 'python_setup_py'
[0.708s] Level 1:colcon.colcon_core.package_identification:_identify(ros2_ws/src) by extensions ['ignore', 'ignore_ament_install']
[0.709s] Level 1:colcon.colcon_core.package_identification:_identify(ros2_ws/src) by extension 'ignore'
[0.709s] Level 1:colcon.colcon_core.package_identification:_identify(ros2_ws/src) by extension 'ignore_ament_install'
[0.710s] Level 1:colcon.colcon_core.package_identification:_identify(ros2_ws/src) by extensions ['colcon_pkg']
[0.710s] Level 1:colcon.colcon_core.package_identification:_identify(ros2_ws/src) by extension 'colcon_pkg'
[0.710s] Level 1:colcon.colcon_core.package_identification:_identify(ros2_ws/src) by extensions ['colcon_meta']
[0.711s] Level 1:colcon.colcon_core.package_identification:_identify(ros2_ws/src) by extension 'colcon_meta'
[0.711s] Level 1:colcon.colcon_core.package_identification:_identify(ros2_ws/src) by extensions ['ros']
[0.711s] Level 1:colcon.colcon_core.package_identification:_identify(ros2_ws/src) by extension 'ros'
[0.712s] Level 1:colcon.colcon_core.package_identification:_identify(ros2_ws/src) by extensions ['cmake', 'python']
[0.712s] Level 1:colcon.colcon_core.package_identification:_identify(ros2_ws/src) by extension 'cmake'
[0.712s] Level 1:colcon.colcon_core.package_identification:_identify(ros2_ws/src) by extension 'python'
[0.712s] Level 1:colcon.colcon_core.package_identification:_identify(ros2_ws/src) by extensions ['python_setup_py']
[0.712s] Level 1:colcon.colcon_core.package_identification:_identify(ros2_ws/src) by extension 'python_setup_py'
[0.713s] Level 1:colcon.colcon_core.package_identification:_identify(ros2_ws/src/omni_robot_bringup) by extensions ['ignore', 'ignore_ament_install']
[0.714s] Level 1:colcon.colcon_core.package_identification:_identify(ros2_ws/src/omni_robot_bringup) by extension 'ignore'
[0.714s] Level 1:colcon.colcon_core.package_identification:_identify(ros2_ws/src/omni_robot_bringup) by extension 'ignore_ament_install'
[0.714s] Level 1:colcon.colcon_core.package_identification:_identify(ros2_ws/src/omni_robot_bringup) by extensions ['colcon_pkg']
[0.715s] Level 1:colcon.colcon_core.package_identification:_identify(ros2_ws/src/omni_robot_bringup) by extension 'colcon_pkg'
[0.715s] Level 1:colcon.colcon_core.package_identification:_identify(ros2_ws/src/omni_robot_bringup) by extensions ['colcon_meta']
[0.715s] Level 1:colcon.colcon_core.package_identification:_identify(ros2_ws/src/omni_robot_bringup) by extension 'colcon_meta'
[0.715s] Level 1:colcon.colcon_core.package_identification:_identify(ros2_ws/src/omni_robot_bringup) by extensions ['ros']
[0.716s] Level 1:colcon.colcon_core.package_identification:_identify(ros2_ws/src/omni_robot_bringup) by extension 'ros'
[0.726s] DEBUG:colcon.colcon_core.package_identification:Package 'ros2_ws/src/omni_robot_bringup' with type 'ros.ament_cmake' and name 'omni_robot_bringup'
[0.726s] Level 1:colcon.colcon_core.package_identification:_identify(ros2_ws/src/omni_robot_hardware) by extensions ['ignore', 'ignore_ament_install']
[0.727s] Level 1:colcon.colcon_core.package_identification:_identify(ros2_ws/src/omni_robot_hardware) by extension 'ignore'
[0.727s] Level 1:colcon.colcon_core.package_identification:_identify(ros2_ws/src/omni_robot_hardware) by extension 'ignore_ament_install'
[0.727s] Level 1:colcon.colcon_core.package_identification:_identify(ros2_ws/src/omni_robot_hardware) by extensions ['colcon_pkg']
[0.727s] Level 1:colcon.colcon_core.package_identification:_identify(ros2_ws/src/omni_robot_hardware) by extension 'colcon_pkg'
[0.728s] Level 1:colcon.colcon_core.package_identification:_identify(ros2_ws/src/omni_robot_hardware) by extensions ['colcon_meta']
[0.728s] Level 1:colcon.colcon_core.package_identification:_identify(ros2_ws/src/omni_robot_hardware) by extension 'colcon_meta'
[0.728s] Level 1:colcon.colcon_core.package_identification:_identify(ros2_ws/src/omni_robot_hardware) by extensions ['ros']
[0.728s] Level 1:colcon.colcon_core.package_identification:_identify(ros2_ws/src/omni_robot_hardware) by extension 'ros'
[0.733s] DEBUG:colcon.colcon_core.package_identification:Package 'ros2_ws/src/omni_robot_hardware' with type 'ros.ament_cmake' and name 'omni_robot_hardware'
[0.733s] Level 1:colcon.colcon_core.package_discovery:discover_packages(recursive) using defaults
[0.734s] Level 1:colcon.colcon_core.package_discovery:discover_packages(ignore) discover
[0.734s] Level 1:colcon.colcon_core.package_discovery:discover_packages(ignore) using defaults
[0.734s] Level 1:colcon.colcon_core.package_discovery:discover_packages(path) discover
[0.734s] Level 1:colcon.colcon_core.package_discovery:discover_packages(path) using defaults
[0.814s] Level 5:colcon.colcon_core.verb:set package 'omni_robot_hardware' build argument 'cmake_args' from command line to 'None'
[0.814s] Level 5:colcon.colcon_core.verb:set package 'omni_robot_hardware' build argument 'cmake_target' from command line to 'None'
[0.814s] Level 5:colcon.colcon_core.verb:set package 'omni_robot_hardware' build argument 'cmake_target_skip_unavailable' from command line to 'False'
[0.814s] Level 5:colcon.colcon_core.verb:set package 'omni_robot_hardware' build argument 'cmake_clean_cache' from command line to 'False'
[0.814s] Level 5:colcon.colcon_core.verb:set package 'omni_robot_hardware' build argument 'cmake_clean_first' from command line to 'False'
[0.814s] Level 5:colcon.colcon_core.verb:set package 'omni_robot_hardware' build argument 'cmake_force_configure' from command line to 'False'
[0.814s] Level 5:colcon.colcon_core.verb:set package 'omni_robot_hardware' build argument 'ament_cmake_args' from command line to 'None'
[0.814s] Level 5:colcon.colcon_core.verb:set package 'omni_robot_hardware' build argument 'catkin_cmake_args' from command line to 'None'
[0.815s] Level 5:colcon.colcon_core.verb:set package 'omni_robot_hardware' build argument 'catkin_skip_building_tests' from command line to 'False'
[0.815s] DEBUG:colcon.colcon_core.verb:Building package 'omni_robot_hardware' with the following arguments: {'ament_cmake_args': None, 'build_base': '/home/robot/omni_robot_ws/build/omni_robot_hardware', 'catkin_cmake_args': None, 'catkin_skip_building_tests': False, 'cmake_args': None, 'cmake_clean_cache': False, 'cmake_clean_first': False, 'cmake_force_configure': False, 'cmake_target': None, 'cmake_target_skip_unavailable': False, 'install_base': '/home/robot/omni_robot_ws/install/omni_robot_hardware', 'merge_install': False, 'path': '/home/robot/omni_robot_ws/ros2_ws/src/omni_robot_hardware', 'symlink_install': False, 'test_result_base': None}
[0.816s] Level 5:colcon.colcon_core.verb:set package 'omni_robot_bringup' build argument 'cmake_args' from command line to 'None'
[0.816s] Level 5:colcon.colcon_core.verb:set package 'omni_robot_bringup' build argument 'cmake_target' from command line to 'None'
[0.816s] Level 5:colcon.colcon_core.verb:set package 'omni_robot_bringup' build argument 'cmake_target_skip_unavailable' from command line to 'False'
[0.816s] Level 5:colcon.colcon_core.verb:set package 'omni_robot_bringup' build argument 'cmake_clean_cache' from command line to 'False'
[0.817s] Level 5:colcon.colcon_core.verb:set package 'omni_robot_bringup' build argument 'cmake_clean_first' from command line to 'False'
[0.817s] Level 5:colcon.colcon_core.verb:set package 'omni_robot_bringup' build argument 'cmake_force_configure' from command line to 'False'
[0.817s] Level 5:colcon.colcon_core.verb:set package 'omni_robot_bringup' build argument 'ament_cmake_args' from command line to 'None'
[0.817s] Level 5:colcon.colcon_core.verb:set package 'omni_robot_bringup' build argument 'catkin_cmake_args' from command line to 'None'
[0.817s] Level 5:colcon.colcon_core.verb:set package 'omni_robot_bringup' build argument 'catkin_skip_building_tests' from command line to 'False'
[0.817s] DEBUG:colcon.colcon_core.verb:Building package 'omni_robot_bringup' with the following arguments: {'ament_cmake_args': None, 'build_base': '/home/robot/omni_robot_ws/build/omni_robot_bringup', 'catkin_cmake_args': None, 'catkin_skip_building_tests': False, 'cmake_args': None, 'cmake_clean_cache': False, 'cmake_clean_first': False, 'cmake_force_configure': False, 'cmake_target': None, 'cmake_target_skip_unavailable': False, 'install_base': '/home/robot/omni_robot_ws/install/omni_robot_bringup', 'merge_install': False, 'path': '/home/robot/omni_robot_ws/ros2_ws/src/omni_robot_bringup', 'symlink_install': False, 'test_result_base': None}
[0.818s] INFO:colcon.colcon_core.executor:Executing jobs using 'parallel' executor
[0.821s] DEBUG:colcon.colcon_parallel_executor.executor.parallel:run_until_complete
[0.822s] INFO:colcon.colcon_ros.task.ament_cmake.build:Building ROS package in '/home/robot/omni_robot_ws/ros2_ws/src/omni_robot_hardware' with build type 'ament_cmake'
[0.823s] INFO:colcon.colcon_cmake.task.cmake.build:Building CMake package in '/home/robot/omni_robot_ws/ros2_ws/src/omni_robot_hardware'
[0.832s] INFO:colcon.colcon_core.plugin_system:Skipping extension 'colcon_core.shell.bat': Not used on non-Windows systems
[0.833s] DEBUG:colcon.colcon_core.shell:Skip shell extension 'dsv' for command environment
[0.889s] DEBUG:colcon.colcon_core.event_handler.log_command:Invoking command in '/home/robot/omni_robot_ws/build/omni_robot_hardware': CMAKE_PREFIX_PATH=${CMAKE_PREFIX_PATH}:/opt/ros/jazzy /usr/bin/cmake --build /home/robot/omni_robot_ws/build/omni_robot_hardware -- -j4 -l4
[2.054s] DEBUG:colcon.colcon_core.event_handler.log_command:Invoked command in '/home/robot/omni_robot_ws/build/omni_robot_hardware' returned '0': CMAKE_PREFIX_PATH=${CMAKE_PREFIX_PATH}:/opt/ros/jazzy /usr/bin/cmake --build /home/robot/omni_robot_ws/build/omni_robot_hardware -- -j4 -l4
[2.122s] DEBUG:colcon.colcon_core.event_handler.log_command:Invoking command in '/home/robot/omni_robot_ws/build/omni_robot_hardware': CMAKE_PREFIX_PATH=${CMAKE_PREFIX_PATH}:/opt/ros/jazzy /usr/bin/cmake --install /home/robot/omni_robot_ws/build/omni_robot_hardware
[2.287s] Level 1:colcon.colcon_core.environment:create_environment_scripts_only(omni_robot_hardware)
[2.289s] DEBUG:colcon.colcon_core.event_handler.log_command:Invoked command in '/home/robot/omni_robot_ws/build/omni_robot_hardware' returned '0': CMAKE_PREFIX_PATH=${CMAKE_PREFIX_PATH}:/opt/ros/jazzy /usr/bin/cmake --install /home/robot/omni_robot_ws/build/omni_robot_hardware
[2.301s] Level 1:colcon.colcon_core.environment:checking '/home/robot/omni_robot_ws/install/omni_robot_hardware' for CMake module files
[2.306s] Level 1:colcon.colcon_core.environment:checking '/home/robot/omni_robot_ws/install/omni_robot_hardware' for CMake config files
[2.309s] Level 1:colcon.colcon_core.shell:create_environment_hook('omni_robot_hardware', 'cmake_prefix_path')
[2.310s] INFO:colcon.colcon_core.shell:Creating environment descriptor '/home/robot/omni_robot_ws/install/omni_robot_hardware/share/omni_robot_hardware/hook/cmake_prefix_path.dsv'
[2.312s] INFO:colcon.colcon_core.shell:Creating environment hook '/home/robot/omni_robot_ws/install/omni_robot_hardware/share/omni_robot_hardware/hook/cmake_prefix_path.sh'
[2.316s] Level 1:colcon.colcon_core.environment:checking '/home/robot/omni_robot_ws/install/omni_robot_hardware/lib'
[2.316s] Level 1:colcon.colcon_core.shell:create_environment_hook('omni_robot_hardware', 'ld_library_path_lib')
[2.317s] INFO:colcon.colcon_core.shell:Creating environment descriptor '/home/robot/omni_robot_ws/install/omni_robot_hardware/share/omni_robot_hardware/hook/ld_library_path_lib.dsv'
[2.319s] INFO:colcon.colcon_core.shell:Creating environment hook '/home/robot/omni_robot_ws/install/omni_robot_hardware/share/omni_robot_hardware/hook/ld_library_path_lib.sh'
[2.321s] Level 1:colcon.colcon_core.environment:checking '/home/robot/omni_robot_ws/install/omni_robot_hardware/bin'
[2.321s] Level 1:colcon.colcon_core.environment:checking '/home/robot/omni_robot_ws/install/omni_robot_hardware/lib/pkgconfig/omni_robot_hardware.pc'
[2.329s] Level 1:colcon.colcon_core.environment:checking '/home/robot/omni_robot_ws/install/omni_robot_hardware/lib/python3.12/site-packages'
[2.331s] Level 1:colcon.colcon_core.environment:checking '/home/robot/omni_robot_ws/install/omni_robot_hardware/bin'
[2.332s] INFO:colcon.colcon_core.shell:Creating package descriptor '/home/robot/omni_robot_ws/install/omni_robot_hardware/share/omni_robot_hardware/package.dsv'
[2.334s] INFO:colcon.colcon_core.shell:Creating package script '/home/robot/omni_robot_ws/install/omni_robot_hardware/share/omni_robot_hardware/package.sh'
[2.337s] INFO:colcon.colcon_core.shell:Creating package script '/home/robot/omni_robot_ws/install/omni_robot_hardware/share/omni_robot_hardware/package.bash'
[2.340s] INFO:colcon.colcon_core.shell:Creating package script '/home/robot/omni_robot_ws/install/omni_robot_hardware/share/omni_robot_hardware/package.zsh'
[2.343s] Level 1:colcon.colcon_core.environment:create_file_with_runtime_dependencies(/home/robot/omni_robot_ws/install/omni_robot_hardware/share/colcon-core/packages/omni_robot_hardware)
[2.346s] Level 1:colcon.colcon_core.environment:create_environment_scripts_only(omni_robot_hardware)
[2.347s] Level 1:colcon.colcon_core.environment:checking '/home/robot/omni_robot_ws/install/omni_robot_hardware' for CMake module files
[2.351s] Level 1:colcon.colcon_core.environment:checking '/home/robot/omni_robot_ws/install/omni_robot_hardware' for CMake config files
[2.354s] Level 1:colcon.colcon_core.shell:create_environment_hook('omni_robot_hardware', 'cmake_prefix_path')
[2.355s] INFO:colcon.colcon_core.shell:Creating environment descriptor '/home/robot/omni_robot_ws/install/omni_robot_hardware/share/omni_robot_hardware/hook/cmake_prefix_path.dsv'
[2.357s] INFO:colcon.colcon_core.shell:Creating environment hook '/home/robot/omni_robot_ws/install/omni_robot_hardware/share/omni_robot_hardware/hook/cmake_prefix_path.sh'
[2.360s] Level 1:colcon.colcon_core.environment:checking '/home/robot/omni_robot_ws/install/omni_robot_hardware/lib'
[2.361s] Level 1:colcon.colcon_core.shell:create_environment_hook('omni_robot_hardware', 'ld_library_path_lib')
[2.361s] INFO:colcon.colcon_core.shell:Creating environment descriptor '/home/robot/omni_robot_ws/install/omni_robot_hardware/share/omni_robot_hardware/hook/ld_library_path_lib.dsv'
[2.363s] INFO:colcon.colcon_core.shell:Creating environment hook '/home/robot/omni_robot_ws/install/omni_robot_hardware/share/omni_robot_hardware/hook/ld_library_path_lib.sh'
[2.365s] Level 1:colcon.colcon_core.environment:checking '/home/robot/omni_robot_ws/install/omni_robot_hardware/bin'
[2.365s] Level 1:colcon.colcon_core.environment:checking '/home/robot/omni_robot_ws/install/omni_robot_hardware/lib/pkgconfig/omni_robot_hardware.pc'
[2.366s] Level 1:colcon.colcon_core.environment:checking '/home/robot/omni_robot_ws/install/omni_robot_hardware/lib/python3.12/site-packages'
[2.367s] Level 1:colcon.colcon_core.environment:checking '/home/robot/omni_robot_ws/install/omni_robot_hardware/bin'
[2.368s] INFO:colcon.colcon_core.shell:Creating package descriptor '/home/robot/omni_robot_ws/install/omni_robot_hardware/share/omni_robot_hardware/package.dsv'
[2.372s] INFO:colcon.colcon_core.shell:Creating package script '/home/robot/omni_robot_ws/install/omni_robot_hardware/share/omni_robot_hardware/package.sh'
[2.374s] INFO:colcon.colcon_core.shell:Creating package script '/home/robot/omni_robot_ws/install/omni_robot_hardware/share/omni_robot_hardware/package.bash'
[2.376s] INFO:colcon.colcon_core.shell:Creating package script '/home/robot/omni_robot_ws/install/omni_robot_hardware/share/omni_robot_hardware/package.zsh'
[2.378s] Level 1:colcon.colcon_core.environment:create_file_with_runtime_dependencies(/home/robot/omni_robot_ws/install/omni_robot_hardware/share/colcon-core/packages/omni_robot_hardware)
[2.380s] INFO:colcon.colcon_ros.task.ament_cmake.build:Building ROS package in '/home/robot/omni_robot_ws/ros2_ws/src/omni_robot_bringup' with build type 'ament_cmake'
[2.380s] INFO:colcon.colcon_cmake.task.cmake.build:Building CMake package in '/home/robot/omni_robot_ws/ros2_ws/src/omni_robot_bringup'
[2.381s] DEBUG:colcon.colcon_core.shell:Skip shell extension 'dsv' for command environment
[2.434s] DEBUG:colcon.colcon_core.event_handler.log_command:Invoking command in '/home/robot/omni_robot_ws/build/omni_robot_bringup': CMAKE_PREFIX_PATH=/home/robot/omni_robot_ws/install/omni_robot_hardware:/home/robot/omni_robot_ws/install/omni_robot_bringup:/opt/ros/jazzy/opt/gz_sim_vendor:/opt/ros/jazzy/opt/gz_sensors_vendor:/opt/ros/jazzy/opt/gz_physics_vendor:/opt/ros/jazzy/opt/sdformat_vendor:/opt/ros/jazzy/opt/gz_gui_vendor:/opt/ros/jazzy/opt/gz_transport_vendor:/opt/ros/jazzy/opt/gz_rendering_vendor:/opt/ros/jazzy/opt/gz_plugin_vendor:/opt/ros/jazzy/opt/gz_fuel_tools_vendor:/opt/ros/jazzy/opt/gz_msgs_vendor:/opt/ros/jazzy/opt/gz_common_vendor:/opt/ros/jazzy/opt/gz_math_vendor:/opt/ros/jazzy/opt/gz_utils_vendor:/opt/ros/jazzy/opt/gz_tools_vendor:/opt/ros/jazzy/opt/gz_ogre_next_vendor:/opt/ros/jazzy/opt/gz_dartsim_vendor:/opt/ros/jazzy/opt/gz_cmake_vendor:/opt/ros/jazzy /usr/bin/cmake --build /home/robot/omni_robot_ws/build/omni_robot_bringup -- -j4 -l4
[2.703s] DEBUG:colcon.colcon_core.event_handler.log_command:Invoked command in '/home/robot/omni_robot_ws/build/omni_robot_bringup' returned '0': CMAKE_PREFIX_PATH=/home/robot/omni_robot_ws/install/omni_robot_hardware:/home/robot/omni_robot_ws/install/omni_robot_bringup:/opt/ros/jazzy/opt/gz_sim_vendor:/opt/ros/jazzy/opt/gz_sensors_vendor:/opt/ros/jazzy/opt/gz_physics_vendor:/opt/ros/jazzy/opt/sdformat_vendor:/opt/ros/jazzy/opt/gz_gui_vendor:/opt/ros/jazzy/opt/gz_transport_vendor:/opt/ros/jazzy/opt/gz_rendering_vendor:/opt/ros/jazzy/opt/gz_plugin_vendor:/opt/ros/jazzy/opt/gz_fuel_tools_vendor:/opt/ros/jazzy/opt/gz_msgs_vendor:/opt/ros/jazzy/opt/gz_common_vendor:/opt/ros/jazzy/opt/gz_math_vendor:/opt/ros/jazzy/opt/gz_utils_vendor:/opt/ros/jazzy/opt/gz_tools_vendor:/opt/ros/jazzy/opt/gz_ogre_next_vendor:/opt/ros/jazzy/opt/gz_dartsim_vendor:/opt/ros/jazzy/opt/gz_cmake_vendor:/opt/ros/jazzy /usr/bin/cmake --build /home/robot/omni_robot_ws/build/omni_robot_bringup -- -j4 -l4
[2.709s] DEBUG:colcon.colcon_core.event_handler.log_command:Invoking command in '/home/robot/omni_robot_ws/build/omni_robot_bringup': CMAKE_PREFIX_PATH=/home/robot/omni_robot_ws/install/omni_robot_hardware:/home/robot/omni_robot_ws/install/omni_robot_bringup:/opt/ros/jazzy/opt/gz_sim_vendor:/opt/ros/jazzy/opt/gz_sensors_vendor:/opt/ros/jazzy/opt/gz_physics_vendor:/opt/ros/jazzy/opt/sdformat_vendor:/opt/ros/jazzy/opt/gz_gui_vendor:/opt/ros/jazzy/opt/gz_transport_vendor:/opt/ros/jazzy/opt/gz_rendering_vendor:/opt/ros/jazzy/opt/gz_plugin_vendor:/opt/ros/jazzy/opt/gz_fuel_tools_vendor:/opt/ros/jazzy/opt/gz_msgs_vendor:/opt/ros/jazzy/opt/gz_common_vendor:/opt/ros/jazzy/opt/gz_math_vendor:/opt/ros/jazzy/opt/gz_utils_vendor:/opt/ros/jazzy/opt/gz_tools_vendor:/opt/ros/jazzy/opt/gz_ogre_next_vendor:/opt/ros/jazzy/opt/gz_dartsim_vendor:/opt/ros/jazzy/opt/gz_cmake_vendor:/opt/ros/jazzy /usr/bin/cmake --install /home/robot/omni_robot_ws/build/omni_robot_bringup
[2.874s] Level 1:colcon.colcon_core.environment:create_environment_scripts_only(omni_robot_bringup)
[2.875s] Level 1:colcon.colcon_core.environment:checking '/home/robot/omni_robot_ws/install/omni_robot_bringup' for CMake module files
[2.876s] DEBUG:colcon.colcon_core.event_handler.log_command:Invoked command in '/home/robot/omni_robot_ws/build/omni_robot_bringup' returned '0': CMAKE_PREFIX_PATH=/home/robot/omni_robot_ws/install/omni_robot_hardware:/home/robot/omni_robot_ws/install/omni_robot_bringup:/opt/ros/jazzy/opt/gz_sim_vendor:/opt/ros/jazzy/opt/gz_sensors_vendor:/opt/ros/jazzy/opt/gz_physics_vendor:/opt/ros/jazzy/opt/sdformat_vendor:/opt/ros/jazzy/opt/gz_gui_vendor:/opt/ros/jazzy/opt/gz_transport_vendor:/opt/ros/jazzy/opt/gz_rendering_vendor:/opt/ros/jazzy/opt/gz_plugin_vendor:/opt/ros/jazzy/opt/gz_fuel_tools_vendor:/opt/ros/jazzy/opt/gz_msgs_vendor:/opt/ros/jazzy/opt/gz_common_vendor:/opt/ros/jazzy/opt/gz_math_vendor:/opt/ros/jazzy/opt/gz_utils_vendor:/opt/ros/jazzy/opt/gz_tools_vendor:/opt/ros/jazzy/opt/gz_ogre_next_vendor:/opt/ros/jazzy/opt/gz_dartsim_vendor:/opt/ros/jazzy/opt/gz_cmake_vendor:/opt/ros/jazzy /usr/bin/cmake --install /home/robot/omni_robot_ws/build/omni_robot_bringup
[2.879s] Level 1:colcon.colcon_core.environment:checking '/home/robot/omni_robot_ws/install/omni_robot_bringup' for CMake config files
[2.884s] Level 1:colcon.colcon_core.shell:create_environment_hook('omni_robot_bringup', 'cmake_prefix_path')
[2.884s] INFO:colcon.colcon_core.shell:Creating environment descriptor '/home/robot/omni_robot_ws/install/omni_robot_bringup/share/omni_robot_bringup/hook/cmake_prefix_path.dsv'
[2.886s] INFO:colcon.colcon_core.shell:Creating environment hook '/home/robot/omni_robot_ws/install/omni_robot_bringup/share/omni_robot_bringup/hook/cmake_prefix_path.sh'
[2.889s] Level 1:colcon.colcon_core.environment:checking '/home/robot/omni_robot_ws/install/omni_robot_bringup/bin'
[2.889s] Level 1:colcon.colcon_core.environment:checking '/home/robot/omni_robot_ws/install/omni_robot_bringup/lib/pkgconfig/omni_robot_bringup.pc'
[2.890s] Level 1:colcon.colcon_core.environment:checking '/home/robot/omni_robot_ws/install/omni_robot_bringup/lib/python3.12/site-packages'
[2.892s] Level 1:colcon.colcon_core.environment:checking '/home/robot/omni_robot_ws/install/omni_robot_bringup/bin'
[2.893s] INFO:colcon.colcon_core.shell:Creating package descriptor '/home/robot/omni_robot_ws/install/omni_robot_bringup/share/omni_robot_bringup/package.dsv'
[2.895s] INFO:colcon.colcon_core.shell:Creating package script '/home/robot/omni_robot_ws/install/omni_robot_bringup/share/omni_robot_bringup/package.sh'
[2.896s] INFO:colcon.colcon_core.shell:Creating package script '/home/robot/omni_robot_ws/install/omni_robot_bringup/share/omni_robot_bringup/package.bash'
[2.898s] INFO:colcon.colcon_core.shell:Creating package script '/home/robot/omni_robot_ws/install/omni_robot_bringup/share/omni_robot_bringup/package.zsh'
[2.900s] Level 1:colcon.colcon_core.environment:create_file_with_runtime_dependencies(/home/robot/omni_robot_ws/install/omni_robot_bringup/share/colcon-core/packages/omni_robot_bringup)
[2.902s] Level 1:colcon.colcon_core.environment:create_environment_scripts_only(omni_robot_bringup)
[2.903s] Level 1:colcon.colcon_core.environment:checking '/home/robot/omni_robot_ws/install/omni_robot_bringup' for CMake module files
[2.906s] Level 1:colcon.colcon_core.environment:checking '/home/robot/omni_robot_ws/install/omni_robot_bringup' for CMake config files
[2.910s] Level 1:colcon.colcon_core.shell:create_environment_hook('omni_robot_bringup', 'cmake_prefix_path')
[2.911s] INFO:colcon.colcon_core.shell:Creating environment descriptor '/home/robot/omni_robot_ws/install/omni_robot_bringup/share/omni_robot_bringup/hook/cmake_prefix_path.dsv'
[2.913s] INFO:colcon.colcon_core.shell:Creating environment hook '/home/robot/omni_robot_ws/install/omni_robot_bringup/share/omni_robot_bringup/hook/cmake_prefix_path.sh'
[2.915s] Level 1:colcon.colcon_core.environment:checking '/home/robot/omni_robot_ws/install/omni_robot_bringup/bin'
[2.916s] Level 1:colcon.colcon_core.environment:checking '/home/robot/omni_robot_ws/install/omni_robot_bringup/lib/pkgconfig/omni_robot_bringup.pc'
[2.916s] Level 1:colcon.colcon_core.environment:checking '/home/robot/omni_robot_ws/install/omni_robot_bringup/lib/python3.12/site-packages'
[2.918s] Level 1:colcon.colcon_core.environment:checking '/home/robot/omni_robot_ws/install/omni_robot_bringup/bin'
[2.919s] INFO:colcon.colcon_core.shell:Creating package descriptor '/home/robot/omni_robot_ws/install/omni_robot_bringup/share/omni_robot_bringup/package.dsv'
[2.921s] INFO:colcon.colcon_core.shell:Creating package script '/home/robot/omni_robot_ws/install/omni_robot_bringup/share/omni_robot_bringup/package.sh'
[2.923s] INFO:colcon.colcon_core.shell:Creating package script '/home/robot/omni_robot_ws/install/omni_robot_bringup/share/omni_robot_bringup/package.bash'
[2.925s] INFO:colcon.colcon_core.shell:Creating package script '/home/robot/omni_robot_ws/install/omni_robot_bringup/share/omni_robot_bringup/package.zsh'
[2.927s] Level 1:colcon.colcon_core.environment:create_file_with_runtime_dependencies(/home/robot/omni_robot_ws/install/omni_robot_bringup/share/colcon-core/packages/omni_robot_bringup)
[2.929s] DEBUG:colcon.colcon_parallel_executor.executor.parallel:closing loop
[2.930s] DEBUG:colcon.colcon_parallel_executor.executor.parallel:loop closed
[2.931s] DEBUG:colcon.colcon_parallel_executor.executor.parallel:run_until_complete finished with '0'
[2.931s] DEBUG:colcon.colcon_core.event_reactor:joining thread
[2.932s] DEBUG:colcon.colcon_core.event_reactor:joined thread
[2.933s] INFO:colcon.colcon_core.shell:Creating prefix script '/home/robot/omni_robot_ws/install/local_setup.sh'
[2.936s] INFO:colcon.colcon_core.shell:Creating prefix util module '/home/robot/omni_robot_ws/install/_local_setup_util_sh.py'
[2.941s] INFO:colcon.colcon_core.shell:Creating prefix chain script '/home/robot/omni_robot_ws/install/setup.sh'
[2.947s] INFO:colcon.colcon_core.shell:Creating prefix script '/home/robot/omni_robot_ws/install/local_setup.bash'
[2.949s] INFO:colcon.colcon_core.shell:Creating prefix chain script '/home/robot/omni_robot_ws/install/setup.bash'
[2.954s] INFO:colcon.colcon_core.shell:Creating prefix script '/home/robot/omni_robot_ws/install/local_setup.zsh'
[2.956s] INFO:colcon.colcon_core.shell:Creating prefix chain script '/home/robot/omni_robot_ws/install/setup.zsh'
