[0.063s] Invoking command in '/home/robot/omni_robot_ws/build/omni_robot_hardware': CMAKE_PREFIX_PATH=${CMAKE_PREFIX_PATH}:/opt/ros/jazzy /usr/bin/cmake --build /home/robot/omni_robot_ws/build/omni_robot_hardware -- -j4 -l4
[0.442s] [  6%] Built target hc_sr04
[0.446s] [ 13%] Built target pigpio_client
[0.459s] [ 20%] Built target tank_drive
[0.524s] [ 26%] Built target imu_node
[0.645s] [ 33%] Built target range_scan_node
[0.669s] [ 40%] Built target obstacle_avoider_node
[0.708s] [ 46%] Built target ultrasonic_perception_node
[0.737s] [ 53%] Built target open_loop_odom_node
[0.874s] [ 60%] Built target nav2_goal_sender_node
[0.888s] [ 66%] Built target frontier_explorer_node
[0.934s] [ 73%] Built target simple_wander_node
[1.014s] [ 76%] [32mBuilding CXX object CMakeFiles/bt_reactive_explorer_node.dir/src/bt_reactive_explorer_node.cpp.o[0m
[1.095s] [ 83%] Built target slam_watchdog_node
[1.096s] [ 90%] Built target ultrasonic_node
[1.140s] [ 96%] Built target tank_drive_node
[12.851s] [01m[K/home/robot/omni_robot_ws/ros2_ws/src/omni_robot_hardware/src/bt_reactive_explorer_node.cpp:[m[K In member function ‘[01m[Kvirtual BT::NodeStatus omni_robot_hardware::ReactiveExploreNode::TimedTwistAction::[01;32m[KonRunning[m[K()[m[K’:
[12.852s] [01m[K/home/robot/omni_robot_ws/ros2_ws/src/omni_robot_hardware/src/bt_reactive_explorer_node.cpp:349:16:[m[K [01;31m[Kerror: [m[Kassignment of read-only variable ‘[01m[Kelapsed[m[K’
[12.852s]   349 |        [01;31m[Kelapsed = (node()->now() - start_time_).seconds()[m[K;
[12.853s]       |        [01;31m[K~~~~~~~~^~~~~~~~~~~~~~~~~~~~~~~~~~~~~~~~~~~~~~~~~[m[K
[25.770s] gmake[2]: *** [CMakeFiles/bt_reactive_explorer_node.dir/build.make:76: CMakeFiles/bt_reactive_explorer_node.dir/src/bt_reactive_explorer_node.cpp.o] Error 1
[25.771s] gmake[1]: *** [CMakeFiles/Makefile2:505: CMakeFiles/bt_reactive_explorer_node.dir/all] Error 2
[25.772s] gmake: *** [Makefile:146: all] Error 2
[25.782s] Invoked command in '/home/robot/omni_robot_ws/build/omni_robot_hardware' returned '2': CMAKE_PREFIX_PATH=${CMAKE_PREFIX_PATH}:/opt/ros/jazzy /usr/bin/cmake --build /home/robot/omni_robot_ws/build/omni_robot_hardware -- -j4 -l4
