[0.091s] Invoking command in '/home/robot/omni_robot_ws/build/omni_robot_bringup': CMAKE_PREFIX_PATH=/home/robot/omni_robot_ws/install/omni_robot_hardware:/home/robot/omni_robot_ws/install/omni_robot_bringup:/opt/ros/jazzy/opt/gz_sim_vendor:/opt/ros/jazzy/opt/gz_sensors_vendor:/opt/ros/jazzy/opt/gz_physics_vendor:/opt/ros/jazzy/opt/sdformat_vendor:/opt/ros/jazzy/opt/gz_gui_vendor:/opt/ros/jazzy/opt/gz_transport_vendor:/opt/ros/jazzy/opt/gz_rendering_vendor:/opt/ros/jazzy/opt/gz_plugin_vendor:/opt/ros/jazzy/opt/gz_fuel_tools_vendor:/opt/ros/jazzy/opt/gz_msgs_vendor:/opt/ros/jazzy/opt/gz_common_vendor:/opt/ros/jazzy/opt/gz_math_vendor:/opt/ros/jazzy/opt/gz_utils_vendor:/opt/ros/jazzy/opt/gz_tools_vendor:/opt/ros/jazzy/opt/gz_ogre_next_vendor:/opt/ros/jazzy/opt/gz_dartsim_vendor:/opt/ros/jazzy/opt/gz_cmake_vendor:/opt/ros/jazzy /usr/bin/cmake --build /home/robot/omni_robot_ws/build/omni_robot_bringup -- -j4 -l4
[0.339s] Invoked command in '/home/robot/omni_robot_ws/build/omni_robot_bringup' returned '0': CMAKE_PREFIX_PATH=/home/robot/omni_robot_ws/install/omni_robot_hardware:/home/robot/omni_robot_ws/install/omni_robot_bringup:/opt/ros/jazzy/opt/gz_sim_vendor:/opt/ros/jazzy/opt/gz_sensors_vendor:/opt/ros/jazzy/opt/gz_physics_vendor:/opt/ros/jazzy/opt/sdformat_vendor:/opt/ros/jazzy/opt/gz_gui_vendor:/opt/ros/jazzy/opt/gz_transport_vendor:/opt/ros/jazzy/opt/gz_rendering_vendor:/opt/ros/jazzy/opt/gz_plugin_vendor:/opt/ros/jazzy/opt/gz_fuel_tools_vendor:/opt/ros/jazzy/opt/gz_msgs_vendor:/opt/ros/jazzy/opt/gz_common_vendor:/opt/ros/jazzy/opt/gz_math_vendor:/opt/ros/jazzy/opt/gz_utils_vendor:/opt/ros/jazzy/opt/gz_tools_vendor:/opt/ros/jazzy/opt/gz_ogre_next_vendor:/opt/ros/jazzy/opt/gz_dartsim_vendor:/opt/ros/jazzy/opt/gz_cmake_vendor:/opt/ros/jazzy /usr/bin/cmake --build /home/robot/omni_robot_ws/build/omni_robot_bringup -- -j4 -l4
[0.403s] Invoking command in '/home/robot/omni_robot_ws/build/omni_robot_bringup': CMAKE_PREFIX_PATH=/home/robot/omni_robot_ws/install/omni_robot_hardware:/home/robot/omni_robot_ws/install/omni_robot_bringup:/opt/ros/jazzy/opt/gz_sim_vendor:/opt/ros/jazzy/opt/gz_sensors_vendor:/opt/ros/jazzy/opt/gz_physics_vendor:/opt/ros/jazzy/opt/sdformat_vendor:/opt/ros/jazzy/opt/gz_gui_vendor:/opt/ros/jazzy/opt/gz_transport_vendor:/opt/ros/jazzy/opt/gz_rendering_vendor:/opt/ros/jazzy/opt/gz_plugin_vendor:/opt/ros/jazzy/opt/gz_fuel_tools_vendor:/opt/ros/jazzy/opt/gz_msgs_vendor:/opt/ros/jazzy/opt/gz_common_vendor:/opt/ros/jazzy/opt/gz_math_vendor:/opt/ros/jazzy/opt/gz_utils_vendor:/opt/ros/jazzy/opt/gz_tools_vendor:/opt/ros/jazzy/opt/gz_ogre_next_vendor:/opt/ros/jazzy/opt/gz_dartsim_vendor:/opt/ros/jazzy/opt/gz_cmake_vendor:/opt/ros/jazzy /usr/bin/cmake --install /home/robot/omni_robot_ws/build/omni_robot_bringup
[0.456s] -- Install configuration: ""
[0.458s] -- Execute custom install script
[0.460s] -- Up-to-date symlink: /home/robot/omni_robot_ws/install/omni_robot_bringup/share/omni_robot_bringup/launch/nav2_auto.launch.py
[0.461s] -- Up-to-date symlink: /home/robot/omni_robot_ws/install/omni_robot_bringup/share/omni_robot_bringup/launch/nav2_manual.launch.py
[0.462s] -- Up-to-date symlink: /home/robot/omni_robot_ws/install/omni_robot_bringup/share/omni_robot_bringup/launch/phase8_nav2_explore.launch.py
[0.463s] -- Up-to-date symlink: /home/robot/omni_robot_ws/install/omni_robot_bringup/share/omni_robot_bringup/launch/phase8_nav2_slam.launch.py
[0.464s] -- Up-to-date symlink: /home/robot/omni_robot_ws/install/omni_robot_bringup/share/omni_robot_bringup/launch/reactive_explore.launch.py
[0.465s] -- Up-to-date symlink: /home/robot/omni_robot_ws/install/omni_robot_bringup/share/omni_robot_bringup/launch/reactive_explore_v2.launch.py
[0.466s] -- Up-to-date symlink: /home/robot/omni_robot_ws/install/omni_robot_bringup/share/omni_robot_bringup/launch/robot.launch.py
[0.467s] -- Up-to-date symlink: /home/robot/omni_robot_ws/install/omni_robot_bringup/share/omni_robot_bringup/launch/sensors.launch.py
[0.468s] -- Up-to-date symlink: /home/robot/omni_robot_ws/install/omni_robot_bringup/share/omni_robot_bringup/launch/simple_wander.launch.py
[0.469s] -- Up-to-date symlink: /home/robot/omni_robot_ws/install/omni_robot_bringup/share/omni_robot_bringup/launch/slam_only.launch.py
[0.471s] -- Up-to-date symlink: /home/robot/omni_robot_ws/install/omni_robot_bringup/share/omni_robot_bringup/config/avoidance.yaml
[0.472s] -- Up-to-date symlink: /home/robot/omni_robot_ws/install/omni_robot_bringup/share/omni_robot_bringup/config/avoidance_nav.yaml
[0.473s] -- Up-to-date symlink: /home/robot/omni_robot_ws/install/omni_robot_bringup/share/omni_robot_bringup/config/bt_reactive_explore.xml
[0.474s] -- Up-to-date symlink: /home/robot/omni_robot_ws/install/omni_robot_bringup/share/omni_robot_bringup/config/bt_reactive_explore.yaml
[0.475s] -- Up-to-date symlink: /home/robot/omni_robot_ws/install/omni_robot_bringup/share/omni_robot_bringup/config/bt_reactive_explore_v2.yaml
[0.476s] -- Up-to-date symlink: /home/robot/omni_robot_ws/install/omni_robot_bringup/share/omni_robot_bringup/config/drive.yaml
[0.477s] -- Up-to-date symlink: /home/robot/omni_robot_ws/install/omni_robot_bringup/share/omni_robot_bringup/config/frontier_explore.yaml
[0.478s] -- Up-to-date symlink: /home/robot/omni_robot_ws/install/omni_robot_bringup/share/omni_robot_bringup/config/nav2_params_ultrasonic.yaml
[0.479s] -- Up-to-date symlink: /home/robot/omni_robot_ws/install/omni_robot_bringup/share/omni_robot_bringup/config/sensors.yaml
[0.479s] -- Up-to-date symlink: /home/robot/omni_robot_ws/install/omni_robot_bringup/share/omni_robot_bringup/config/simple_wander.yaml
[0.480s] -- Up-to-date symlink: /home/robot/omni_robot_ws/install/omni_robot_bringup/share/omni_robot_bringup/config/slam_toolbox_ultrasonic.yaml
[0.481s] -- Up-to-date symlink: /home/robot/omni_robot_ws/install/omni_robot_bringup/share/omni_robot_bringup/config/slam_watchdog.yaml
[0.483s] -- Up-to-date symlink: /home/robot/omni_robot_ws/install/omni_robot_bringup/share/ament_index/resource_index/package_run_dependencies/omni_robot_bringup
[0.484s] -- Up-to-date symlink: /home/robot/omni_robot_ws/install/omni_robot_bringup/share/ament_index/resource_index/parent_prefix_path/omni_robot_bringup
[0.485s] -- Up-to-date symlink: /home/robot/omni_robot_ws/install/omni_robot_bringup/share/omni_robot_bringup/environment/ament_prefix_path.sh
[0.486s] -- Up-to-date symlink: /home/robot/omni_robot_ws/install/omni_robot_bringup/share/omni_robot_bringup/environment/ament_prefix_path.dsv
[0.487s] -- Up-to-date symlink: /home/robot/omni_robot_ws/install/omni_robot_bringup/share/omni_robot_bringup/environment/path.sh
[0.488s] -- Up-to-date symlink: /home/robot/omni_robot_ws/install/omni_robot_bringup/share/omni_robot_bringup/environment/path.dsv
[0.489s] -- Up-to-date symlink: /home/robot/omni_robot_ws/install/omni_robot_bringup/share/omni_robot_bringup/local_setup.bash
[0.490s] -- Up-to-date symlink: /home/robot/omni_robot_ws/install/omni_robot_bringup/share/omni_robot_bringup/local_setup.sh
[0.491s] -- Up-to-date symlink: /home/robot/omni_robot_ws/install/omni_robot_bringup/share/omni_robot_bringup/local_setup.zsh
[0.492s] -- Up-to-date symlink: /home/robot/omni_robot_ws/install/omni_robot_bringup/share/omni_robot_bringup/local_setup.dsv
[0.493s] -- Symlinking: /home/robot/omni_robot_ws/install/omni_robot_bringup/share/omni_robot_bringup/package.dsv
[0.553s] -- Up-to-date symlink: /home/robot/omni_robot_ws/install/omni_robot_bringup/share/ament_index/resource_index/packages/omni_robot_bringup
[0.554s] -- Up-to-date symlink: /home/robot/omni_robot_ws/install/omni_robot_bringup/share/omni_robot_bringup/cmake/omni_robot_bringupConfig.cmake
[0.555s] -- Up-to-date symlink: /home/robot/omni_robot_ws/install/omni_robot_bringup/share/omni_robot_bringup/cmake/omni_robot_bringupConfig-version.cmake
[0.556s] -- Up-to-date symlink: /home/robot/omni_robot_ws/install/omni_robot_bringup/share/omni_robot_bringup/package.xml
[0.564s] Invoked command in '/home/robot/omni_robot_ws/build/omni_robot_bringup' returned '0': CMAKE_PREFIX_PATH=/home/robot/omni_robot_ws/install/omni_robot_hardware:/home/robot/omni_robot_ws/install/omni_robot_bringup:/opt/ros/jazzy/opt/gz_sim_vendor:/opt/ros/jazzy/opt/gz_sensors_vendor:/opt/ros/jazzy/opt/gz_physics_vendor:/opt/ros/jazzy/opt/sdformat_vendor:/opt/ros/jazzy/opt/gz_gui_vendor:/opt/ros/jazzy/opt/gz_transport_vendor:/opt/ros/jazzy/opt/gz_rendering_vendor:/opt/ros/jazzy/opt/gz_plugin_vendor:/opt/ros/jazzy/opt/gz_fuel_tools_vendor:/opt/ros/jazzy/opt/gz_msgs_vendor:/opt/ros/jazzy/opt/gz_common_vendor:/opt/ros/jazzy/opt/gz_math_vendor:/opt/ros/jazzy/opt/gz_utils_vendor:/opt/ros/jazzy/opt/gz_tools_vendor:/opt/ros/jazzy/opt/gz_ogre_next_vendor:/opt/ros/jazzy/opt/gz_dartsim_vendor:/opt/ros/jazzy/opt/gz_cmake_vendor:/opt/ros/jazzy /usr/bin/cmake --install /home/robot/omni_robot_ws/build/omni_robot_bringup
