[0.788s] DEBUG:colcon:Command line arguments: ['/usr/bin/colcon', 'build', '--symlink-install', '--packages-select', 'omni_robot_hardware', 'omni_robot_bringup']
[0.788s] DEBUG:colcon:Parsed command line arguments: Namespace(log_base=None, log_level=None, verb_name='build', build_base='build', install_base='install', merge_install=False, symlink_install=True, test_result_base=None, continue_on_error=False, executor='parallel', parallel_workers=4, event_handlers=None, ignore_user_meta=False, metas=['./colcon.meta'], base_paths=['.'], packages_ignore=None, packages_ignore_regex=None, paths=None, packages_up_to=None, packages_up_to_regex=None, packages_above=None, packages_above_and_dependencies=None, packages_above_depth=None, packages_select_by_dep=None, packages_skip_by_dep=None, packages_skip_up_to=None, packages_select_build_failed=False, packages_skip_build_finished=False, packages_select_test_failures=False, packages_skip_test_passed=False, packages_select=['omni_robot_hardware', 'omni_robot_bringup'], packages_skip=None, packages_select_regex=None, packages_skip_regex=None, packages_start=None, packages_end=None, cmake_args=None, cmake_target=None, cmake_target_skip_unavailable=False, cmake_clean_cache=False, cmake_clean_first=False, cmake_force_configure=False, ament_cmake_args=None, catkin_cmake_args=None, catkin_skip_building_tests=False, verb_parser=<colcon_defaults.argument_parser.defaults.DefaultArgumentsDecorator object at 0xffffa401ce60>, verb_extension=<colcon_core.verb.build.BuildVerb object at 0xffffa3f46000>, main=<bound method BuildVerb.main of <colcon_core.verb.build.BuildVerb object at 0xffffa3f46000>>)
[1.151s] Level 1:colcon.colcon_core.package_discovery:discover_packages(colcon_meta) check parameters
[1.152s] Level 1:colcon.colcon_core.package_discovery:discover_packages(recursive) check parameters
[1.152s] Level 1:colcon.colcon_core.package_discovery:discover_packages(ignore) check parameters
[1.152s] Level 1:colcon.colcon_core.package_discovery:discover_packages(path) check parameters
[1.153s] Level 1:colcon.colcon_core.package_discovery:discover_packages(colcon_meta) discover
[1.153s] Level 1:colcon.colcon_core.package_discovery:discover_packages(recursive) discover
[1.154s] INFO:colcon.colcon_core.package_discovery:Crawling recursively for packages in '/home/robot/omni_robot_ws'
[1.154s] Level 1:colcon.colcon_core.package_identification:_identify(.) by extensions ['ignore', 'ignore_ament_install']
[1.155s] Level 1:colcon.colcon_core.package_identification:_identify(.) by extension 'ignore'
[1.156s] Level 1:colcon.colcon_core.package_identification:_identify(.) by extension 'ignore_ament_install'
[1.156s] Level 1:colcon.colcon_core.package_identification:_identify(.) by extensions ['colcon_pkg']
[1.157s] Level 1:colcon.colcon_core.package_identification:_identify(.) by extension 'colcon_pkg'
[1.157s] Level 1:colcon.colcon_core.package_identification:_identify(.) by extensions ['colcon_meta']
[1.158s] Level 1:colcon.colcon_core.package_identification:_identify(.) by extension 'colcon_meta'
[1.158s] Level 1:colcon.colcon_core.package_identification:_identify(.) by extensions ['ros']
[1.158s] Level 1:colcon.colcon_core.package_identification:_identify(.) by extension 'ros'
[1.323s] Level 1:colcon.colcon_core.package_identification:_identify(.) by extensions ['cmake', 'python']
[1.324s] Level 1:colcon.colcon_core.package_identification:_identify(.) by extension 'cmake'
[1.324s] Level 1:colcon.colcon_core.package_identification:_identify(.) by extension 'python'
[1.325s] Level 1:colcon.colcon_core.package_identification:_identify(.) by extensions ['python_setup_py']
[1.325s] Level 1:colcon.colcon_core.package_identification:_identify(.) by extension 'python_setup_py'
[1.326s] Level 1:colcon.colcon_core.package_identification:_identify(build) by extensions ['ignore', 'ignore_ament_install']
[1.327s] Level 1:colcon.colcon_core.package_identification:_identify(build) by extension 'ignore'
[1.328s] Level 1:colcon.colcon_core.package_identification:_identify(build) ignored
[1.329s] Level 1:colcon.colcon_core.package_identification:_identify(install) by extensions ['ignore', 'ignore_ament_install']
[1.330s] Level 1:colcon.colcon_core.package_identification:_identify(install) by extension 'ignore'
[1.330s] Level 1:colcon.colcon_core.package_identification:_identify(install) ignored
[1.331s] Level 1:colcon.colcon_core.package_identification:_identify(log) by extensions ['ignore', 'ignore_ament_install']
[1.332s] Level 1:colcon.colcon_core.package_identification:_identify(log) by extension 'ignore'
[1.333s] Level 1:colcon.colcon_core.package_identification:_identify(log) ignored
[1.334s] Level 1:colcon.colcon_core.package_identification:_identify(ros2_ws) by extensions ['ignore', 'ignore_ament_install']
[1.334s] Level 1:colcon.colcon_core.package_identification:_identify(ros2_ws) by extension 'ignore'
[1.335s] Level 1:colcon.colcon_core.package_identification:_identify(ros2_ws) by extension 'ignore_ament_install'
[1.336s] Level 1:colcon.colcon_core.package_identification:_identify(ros2_ws) by extensions ['colcon_pkg']
[1.336s] Level 1:colcon.colcon_core.package_identification:_identify(ros2_ws) by extension 'colcon_pkg'
[1.337s] Level 1:colcon.colcon_core.package_identification:_identify(ros2_ws) by extensions ['colcon_meta']
[1.337s] Level 1:colcon.colcon_core.package_identification:_identify(ros2_ws) by extension 'colcon_meta'
[1.338s] Level 1:colcon.colcon_core.package_identification:_identify(ros2_ws) by extensions ['ros']
[1.338s] Level 1:colcon.colcon_core.package_identification:_identify(ros2_ws) by extension 'ros'
[1.339s] Level 1:colcon.colcon_core.package_identification:_identify(ros2_ws) by extensions ['cmake', 'python']
[1.339s] Level 1:colcon.colcon_core.package_identification:_identify(ros2_ws) by extension 'cmake'
[1.340s] Level 1:colcon.colcon_core.package_identification:_identify(ros2_ws) by extension 'python'
[1.340s] Level 1:colcon.colcon_core.package_identification:_identify(ros2_ws) by extensions ['python_setup_py']
[1.340s] Level 1:colcon.colcon_core.package_identification:_identify(ros2_ws) by extension 'python_setup_py'
[1.341s] Level 1:colcon.colcon_core.package_identification:_identify(ros2_ws/src) by extensions ['ignore', 'ignore_ament_install']
[1.342s] Level 1:colcon.colcon_core.package_identification:_identify(ros2_ws/src) by extension 'ignore'
[1.343s] Level 1:colcon.colcon_core.package_identification:_identify(ros2_ws/src) by extension 'ignore_ament_install'
[1.343s] Level 1:colcon.colcon_core.package_identification:_identify(ros2_ws/src) by extensions ['colcon_pkg']
[1.344s] Level 1:colcon.colcon_core.package_identification:_identify(ros2_ws/src) by extension 'colcon_pkg'
[1.344s] Level 1:colcon.colcon_core.package_identification:_identify(ros2_ws/src) by extensions ['colcon_meta']
[1.345s] Level 1:colcon.colcon_core.package_identification:_identify(ros2_ws/src) by extension 'colcon_meta'
[1.345s] Level 1:colcon.colcon_core.package_identification:_identify(ros2_ws/src) by extensions ['ros']
[1.345s] Level 1:colcon.colcon_core.package_identification:_identify(ros2_ws/src) by extension 'ros'
[1.346s] Level 1:colcon.colcon_core.package_identification:_identify(ros2_ws/src) by extensions ['cmake', 'python']
[1.347s] Level 1:colcon.colcon_core.package_identification:_identify(ros2_ws/src) by extension 'cmake'
[1.347s] Level 1:colcon.colcon_core.package_identification:_identify(ros2_ws/src) by extension 'python'
[1.348s] Level 1:colcon.colcon_core.package_identification:_identify(ros2_ws/src) by extensions ['python_setup_py']
[1.348s] Level 1:colcon.colcon_core.package_identification:_identify(ros2_ws/src) by extension 'python_setup_py'
[1.349s] Level 1:colcon.colcon_core.package_identification:_identify(ros2_ws/src/omni_robot_bringup) by extensions ['ignore', 'ignore_ament_install']
[1.350s] Level 1:colcon.colcon_core.package_identification:_identify(ros2_ws/src/omni_robot_bringup) by extension 'ignore'
[1.351s] Level 1:colcon.colcon_core.package_identification:_identify(ros2_ws/src/omni_robot_bringup) by extension 'ignore_ament_install'
[1.352s] Level 1:colcon.colcon_core.package_identification:_identify(ros2_ws/src/omni_robot_bringup) by extensions ['colcon_pkg']
[1.352s] Level 1:colcon.colcon_core.package_identification:_identify(ros2_ws/src/omni_robot_bringup) by extension 'colcon_pkg'
[1.353s] Level 1:colcon.colcon_core.package_identification:_identify(ros2_ws/src/omni_robot_bringup) by extensions ['colcon_meta']
[1.353s] Level 1:colcon.colcon_core.package_identification:_identify(ros2_ws/src/omni_robot_bringup) by extension 'colcon_meta'
[1.353s] Level 1:colcon.colcon_core.package_identification:_identify(ros2_ws/src/omni_robot_bringup) by extensions ['ros']
[1.354s] Level 1:colcon.colcon_core.package_identification:_identify(ros2_ws/src/omni_robot_bringup) by extension 'ros'
[1.369s] DEBUG:colcon.colcon_core.package_identification:Package 'ros2_ws/src/omni_robot_bringup' with type 'ros.ament_cmake' and name 'omni_robot_bringup'
[1.370s] Level 1:colcon.colcon_core.package_identification:_identify(ros2_ws/src/omni_robot_hardware) by extensions ['ignore', 'ignore_ament_install']
[1.371s] Level 1:colcon.colcon_core.package_identification:_identify(ros2_ws/src/omni_robot_hardware) by extension 'ignore'
[1.372s] Level 1:colcon.colcon_core.package_identification:_identify(ros2_ws/src/omni_robot_hardware) by extension 'ignore_ament_install'
[1.372s] Level 1:colcon.colcon_core.package_identification:_identify(ros2_ws/src/omni_robot_hardware) by extensions ['colcon_pkg']
[1.373s] Level 1:colcon.colcon_core.package_identification:_identify(ros2_ws/src/omni_robot_hardware) by extension 'colcon_pkg'
[1.373s] Level 1:colcon.colcon_core.package_identification:_identify(ros2_ws/src/omni_robot_hardware) by extensions ['colcon_meta']
[1.374s] Level 1:colcon.colcon_core.package_identification:_identify(ros2_ws/src/omni_robot_hardware) by extension 'colcon_meta'
[1.374s] Level 1:colcon.colcon_core.package_identification:_identify(ros2_ws/src/omni_robot_hardware) by extensions ['ros']
[1.375s] Level 1:colcon.colcon_core.package_identification:_identify(ros2_ws/src/omni_robot_hardware) by extension 'ros'
[1.381s] DEBUG:colcon.colcon_core.package_identification:Package 'ros2_ws/src/omni_robot_hardware' with type 'ros.ament_cmake' and name 'omni_robot_hardware'
[1.381s] Level 1:colcon.colcon_core.package_discovery:discover_packages(recursive) using defaults
[1.382s] Level 1:colcon.colcon_core.package_discovery:discover_packages(ignore) discover
[1.382s] Level 1:colcon.colcon_core.package_discovery:discover_packages(ignore) using defaults
[1.382s] Level 1:colcon.colcon_core.package_discovery:discover_packages(path) discover
[1.383s] Level 1:colcon.colcon_core.package_discovery:discover_packages(path) using defaults
[1.497s] Level 5:colcon.colcon_core.verb:set package 'omni_robot_hardware' build argument 'cmake_args' from command line to 'None'
[1.497s] Level 5:colcon.colcon_core.verb:set package 'omni_robot_hardware' build argument 'cmake_target' from command line to 'None'
[1.498s] Level 5:colcon.colcon_core.verb:set package 'omni_robot_hardware' build argument 'cmake_target_skip_unavailable' from command line to 'False'
[1.498s] Level 5:colcon.colcon_core.verb:set package 'omni_robot_hardware' build argument 'cmake_clean_cache' from command line to 'False'
[1.499s] Level 5:colcon.colcon_core.verb:set package 'omni_robot_hardware' build argument 'cmake_clean_first' from command line to 'False'
[1.499s] Level 5:colcon.colcon_core.verb:set package 'omni_robot_hardware' build argument 'cmake_force_configure' from command line to 'False'
[1.500s] Level 5:colcon.colcon_core.verb:set package 'omni_robot_hardware' build argument 'ament_cmake_args' from command line to 'None'
[1.500s] Level 5:colcon.colcon_core.verb:set package 'omni_robot_hardware' build argument 'catkin_cmake_args' from command line to 'None'
[1.500s] Level 5:colcon.colcon_core.verb:set package 'omni_robot_hardware' build argument 'catkin_skip_building_tests' from command line to 'False'
[1.500s] DEBUG:colcon.colcon_core.verb:Building package 'omni_robot_hardware' with the following arguments: {'ament_cmake_args': None, 'build_base': '/home/robot/omni_robot_ws/build/omni_robot_hardware', 'catkin_cmake_args': None, 'catkin_skip_building_tests': False, 'cmake_args': None, 'cmake_clean_cache': False, 'cmake_clean_first': False, 'cmake_force_configure': False, 'cmake_target': None, 'cmake_target_skip_unavailable': False, 'install_base': '/home/robot/omni_robot_ws/install/omni_robot_hardware', 'merge_install': False, 'path': '/home/robot/omni_robot_ws/ros2_ws/src/omni_robot_hardware', 'symlink_install': True, 'test_result_base': None}
[1.502s] Level 5:colcon.colcon_core.verb:set package 'omni_robot_bringup' build argument 'cmake_args' from command line to 'None'
[1.503s] Level 5:colcon.colcon_core.verb:set package 'omni_robot_bringup' build argument 'cmake_target' from command line to 'None'
[1.503s] Level 5:colcon.colcon_core.verb:set package 'omni_robot_bringup' build argument 'cmake_target_skip_unavailable' from command line to 'False'
[1.503s] Level 5:colcon.colcon_core.verb:set package 'omni_robot_bringup' build argument 'cmake_clean_cache' from command line to 'False'
[1.503s] Level 5:colcon.colcon_core.verb:set package 'omni_robot_bringup' build argument 'cmake_clean_first' from command line to 'False'
[1.504s] Level 5:colcon.colcon_core.verb:set package 'omni_robot_bringup' build argument 'cmake_force_configure' from command line to 'False'
[1.504s] Level 5:colcon.colcon_core.verb:set package 'omni_robot_bringup' build argument 'ament_cmake_args' from command line to 'None'
[1.504s] Level 5:colcon.colcon_core.verb:set package 'omni_robot_bringup' build argument 'catkin_cmake_args' from command line to 'None'
[1.505s] Level 5:colcon.colcon_core.verb:set package 'omni_robot_bringup' build argument 'catkin_skip_building_tests' from command line to 'False'
[1.505s] DEBUG:colcon.colcon_core.verb:Building package 'omni_robot_bringup' with the following arguments: {'ament_cmake_args': None, 'build_base': '/home/robot/omni_robot_ws/build/omni_robot_bringup', 'catkin_cmake_args': None, 'catkin_skip_building_tests': False, 'cmake_args': None, 'cmake_clean_cache': False, 'cmake_clean_first': False, 'cmake_force_configure': False, 'cmake_target': None, 'cmake_target_skip_unavailable': False, 'install_base': '/home/robot/omni_robot_ws/install/omni_robot_bringup', 'merge_install': False, 'path': '/home/robot/omni_robot_ws/ros2_ws/src/omni_robot_bringup', 'symlink_install': True, 'test_result_base': None}
[1.506s] INFO:colcon.colcon_core.executor:Executing jobs using 'parallel' executor
[1.513s] DEBUG:colcon.colcon_parallel_executor.executor.parallel:run_until_complete
[1.514s] INFO:colcon.colcon_ros.task.ament_cmake.build:Building ROS package in '/home/robot/omni_robot_ws/ros2_ws/src/omni_robot_hardware' with build type 'ament_cmake'
[1.515s] INFO:colcon.colcon_cmake.task.cmake.build:Building CMake package in '/home/robot/omni_robot_ws/ros2_ws/src/omni_robot_hardware'
[1.534s] INFO:colcon.colcon_core.plugin_system:Skipping extension 'colcon_core.shell.bat': Not used on non-Windows systems
[1.535s] DEBUG:colcon.colcon_core.shell:Skip shell extension 'dsv' for command environment
[1.625s] DEBUG:colcon.colcon_core.event_handler.log_command:Invoking command in '/home/robot/omni_robot_ws/build/omni_robot_hardware': CMAKE_PREFIX_PATH=${CMAKE_PREFIX_PATH}:/opt/ros/jazzy /usr/bin/cmake --build /home/robot/omni_robot_ws/build/omni_robot_hardware -- -j4 -l4
[91.880s] DEBUG:colcon.colcon_core.event_handler.log_command:Invoked command in '/home/robot/omni_robot_ws/build/omni_robot_hardware' returned '0': CMAKE_PREFIX_PATH=${CMAKE_PREFIX_PATH}:/opt/ros/jazzy /usr/bin/cmake --build /home/robot/omni_robot_ws/build/omni_robot_hardware -- -j4 -l4
[91.978s] DEBUG:colcon.colcon_core.event_handler.log_command:Invoking command in '/home/robot/omni_robot_ws/build/omni_robot_hardware': CMAKE_PREFIX_PATH=${CMAKE_PREFIX_PATH}:/opt/ros/jazzy /usr/bin/cmake --install /home/robot/omni_robot_ws/build/omni_robot_hardware
[92.223s] Level 1:colcon.colcon_core.environment:create_environment_scripts_only(omni_robot_hardware)
[92.226s] DEBUG:colcon.colcon_core.event_handler.log_command:Invoked command in '/home/robot/omni_robot_ws/build/omni_robot_hardware' returned '0': CMAKE_PREFIX_PATH=${CMAKE_PREFIX_PATH}:/opt/ros/jazzy /usr/bin/cmake --install /home/robot/omni_robot_ws/build/omni_robot_hardware
[92.250s] Level 1:colcon.colcon_core.environment:checking '/home/robot/omni_robot_ws/install/omni_robot_hardware' for CMake module files
[92.261s] Level 1:colcon.colcon_core.environment:checking '/home/robot/omni_robot_ws/install/omni_robot_hardware' for CMake config files
[92.267s] Level 1:colcon.colcon_core.shell:create_environment_hook('omni_robot_hardware', 'cmake_prefix_path')
[92.269s] INFO:colcon.colcon_core.shell:Creating environment descriptor '/home/robot/omni_robot_ws/install/omni_robot_hardware/share/omni_robot_hardware/hook/cmake_prefix_path.dsv'
[92.274s] INFO:colcon.colcon_core.shell:Creating environment hook '/home/robot/omni_robot_ws/install/omni_robot_hardware/share/omni_robot_hardware/hook/cmake_prefix_path.sh'
[92.284s] Level 1:colcon.colcon_core.environment:checking '/home/robot/omni_robot_ws/install/omni_robot_hardware/lib'
[92.286s] Level 1:colcon.colcon_core.shell:create_environment_hook('omni_robot_hardware', 'ld_library_path_lib')
[92.288s] INFO:colcon.colcon_core.shell:Creating environment descriptor '/home/robot/omni_robot_ws/install/omni_robot_hardware/share/omni_robot_hardware/hook/ld_library_path_lib.dsv'
[92.292s] INFO:colcon.colcon_core.shell:Creating environment hook '/home/robot/omni_robot_ws/install/omni_robot_hardware/share/omni_robot_hardware/hook/ld_library_path_lib.sh'
[92.296s] Level 1:colcon.colcon_core.environment:checking '/home/robot/omni_robot_ws/install/omni_robot_hardware/bin'
[92.297s] Level 1:colcon.colcon_core.environment:checking '/home/robot/omni_robot_ws/install/omni_robot_hardware/lib/pkgconfig/omni_robot_hardware.pc'
[92.310s] Level 1:colcon.colcon_core.environment:checking '/home/robot/omni_robot_ws/install/omni_robot_hardware/lib/python3.12/site-packages'
[92.312s] Level 1:colcon.colcon_core.environment:checking '/home/robot/omni_robot_ws/install/omni_robot_hardware/bin'
[92.316s] INFO:colcon.colcon_core.shell:Creating package descriptor '/home/robot/omni_robot_ws/install/omni_robot_hardware/share/omni_robot_hardware/package.dsv'
[92.321s] INFO:colcon.colcon_core.shell:Creating package script '/home/robot/omni_robot_ws/install/omni_robot_hardware/share/omni_robot_hardware/package.sh'
[92.327s] INFO:colcon.colcon_core.shell:Creating package script '/home/robot/omni_robot_ws/install/omni_robot_hardware/share/omni_robot_hardware/package.bash'
[92.332s] INFO:colcon.colcon_core.shell:Creating package script '/home/robot/omni_robot_ws/install/omni_robot_hardware/share/omni_robot_hardware/package.zsh'
[92.338s] Level 1:colcon.colcon_core.environment:create_file_with_runtime_dependencies(/home/robot/omni_robot_ws/install/omni_robot_hardware/share/colcon-core/packages/omni_robot_hardware)
[92.344s] Level 1:colcon.colcon_core.environment:create_environment_scripts_only(omni_robot_hardware)
[92.345s] Level 1:colcon.colcon_core.environment:checking '/home/robot/omni_robot_ws/install/omni_robot_hardware' for CMake module files
[92.354s] Level 1:colcon.colcon_core.environment:checking '/home/robot/omni_robot_ws/install/omni_robot_hardware' for CMake config files
[92.360s] Level 1:colcon.colcon_core.shell:create_environment_hook('omni_robot_hardware', 'cmake_prefix_path')
[92.361s] INFO:colcon.colcon_core.shell:Creating environment descriptor '/home/robot/omni_robot_ws/install/omni_robot_hardware/share/omni_robot_hardware/hook/cmake_prefix_path.dsv'
[92.364s] INFO:colcon.colcon_core.shell:Creating environment hook '/home/robot/omni_robot_ws/install/omni_robot_hardware/share/omni_robot_hardware/hook/cmake_prefix_path.sh'
[92.370s] Level 1:colcon.colcon_core.environment:checking '/home/robot/omni_robot_ws/install/omni_robot_hardware/lib'
[92.371s] Level 1:colcon.colcon_core.shell:create_environment_hook('omni_robot_hardware', 'ld_library_path_lib')
[92.373s] INFO:colcon.colcon_core.shell:Creating environment descriptor '/home/robot/omni_robot_ws/install/omni_robot_hardware/share/omni_robot_hardware/hook/ld_library_path_lib.dsv'
[92.376s] INFO:colcon.colcon_core.shell:Creating environment hook '/home/robot/omni_robot_ws/install/omni_robot_hardware/share/omni_robot_hardware/hook/ld_library_path_lib.sh'
[92.379s] Level 1:colcon.colcon_core.environment:checking '/home/robot/omni_robot_ws/install/omni_robot_hardware/bin'
[92.380s] Level 1:colcon.colcon_core.environment:checking '/home/robot/omni_robot_ws/install/omni_robot_hardware/lib/pkgconfig/omni_robot_hardware.pc'
[92.385s] Level 1:colcon.colcon_core.environment:checking '/home/robot/omni_robot_ws/install/omni_robot_hardware/lib/python3.12/site-packages'
[92.388s] Level 1:colcon.colcon_core.environment:checking '/home/robot/omni_robot_ws/install/omni_robot_hardware/bin'
[92.390s] INFO:colcon.colcon_core.shell:Creating package descriptor '/home/robot/omni_robot_ws/install/omni_robot_hardware/share/omni_robot_hardware/package.dsv'
[92.396s] INFO:colcon.colcon_core.shell:Creating package script '/home/robot/omni_robot_ws/install/omni_robot_hardware/share/omni_robot_hardware/package.sh'
[92.401s] INFO:colcon.colcon_core.shell:Creating package script '/home/robot/omni_robot_ws/install/omni_robot_hardware/share/omni_robot_hardware/package.bash'
[92.405s] INFO:colcon.colcon_core.shell:Creating package script '/home/robot/omni_robot_ws/install/omni_robot_hardware/share/omni_robot_hardware/package.zsh'
[92.409s] Level 1:colcon.colcon_core.environment:create_file_with_runtime_dependencies(/home/robot/omni_robot_ws/install/omni_robot_hardware/share/colcon-core/packages/omni_robot_hardware)
[92.414s] INFO:colcon.colcon_ros.task.ament_cmake.build:Building ROS package in '/home/robot/omni_robot_ws/ros2_ws/src/omni_robot_bringup' with build type 'ament_cmake'
[92.415s] INFO:colcon.colcon_cmake.task.cmake.build:Building CMake package in '/home/robot/omni_robot_ws/ros2_ws/src/omni_robot_bringup'
[92.416s] DEBUG:colcon.colcon_core.shell:Skip shell extension 'dsv' for command environment
[92.515s] DEBUG:colcon.colcon_core.event_handler.log_command:Invoking command in '/home/robot/omni_robot_ws/build/omni_robot_bringup': CMAKE_PREFIX_PATH=/home/robot/omni_robot_ws/install/omni_robot_hardware:/home/robot/omni_robot_ws/install/omni_robot_bringup:/opt/ros/jazzy/opt/gz_sim_vendor:/opt/ros/jazzy/opt/gz_sensors_vendor:/opt/ros/jazzy/opt/gz_physics_vendor:/opt/ros/jazzy/opt/sdformat_vendor:/opt/ros/jazzy/opt/gz_gui_vendor:/opt/ros/jazzy/opt/gz_transport_vendor:/opt/ros/jazzy/opt/gz_rendering_vendor:/opt/ros/jazzy/opt/gz_plugin_vendor:/opt/ros/jazzy/opt/gz_fuel_tools_vendor:/opt/ros/jazzy/opt/gz_msgs_vendor:/opt/ros/jazzy/opt/gz_common_vendor:/opt/ros/jazzy/opt/gz_math_vendor:/opt/ros/jazzy/opt/gz_utils_vendor:/opt/ros/jazzy/opt/gz_tools_vendor:/opt/ros/jazzy/opt/gz_ogre_next_vendor:/opt/ros/jazzy/opt/gz_dartsim_vendor:/opt/ros/jazzy/opt/gz_cmake_vendor:/opt/ros/jazzy /usr/bin/cmake --build /home/robot/omni_robot_ws/build/omni_robot_bringup -- -j4 -l4
[92.931s] DEBUG:colcon.colcon_core.event_handler.log_command:Invoked command in '/home/robot/omni_robot_ws/build/omni_robot_bringup' returned '0': CMAKE_PREFIX_PATH=/home/robot/omni_robot_ws/install/omni_robot_hardware:/home/robot/omni_robot_ws/install/omni_robot_bringup:/opt/ros/jazzy/opt/gz_sim_vendor:/opt/ros/jazzy/opt/gz_sensors_vendor:/opt/ros/jazzy/opt/gz_physics_vendor:/opt/ros/jazzy/opt/sdformat_vendor:/opt/ros/jazzy/opt/gz_gui_vendor:/opt/ros/jazzy/opt/gz_transport_vendor:/opt/ros/jazzy/opt/gz_rendering_vendor:/opt/ros/jazzy/opt/gz_plugin_vendor:/opt/ros/jazzy/opt/gz_fuel_tools_vendor:/opt/ros/jazzy/opt/gz_msgs_vendor:/opt/ros/jazzy/opt/gz_common_vendor:/opt/ros/jazzy/opt/gz_math_vendor:/opt/ros/jazzy/opt/gz_utils_vendor:/opt/ros/jazzy/opt/gz_tools_vendor:/opt/ros/jazzy/opt/gz_ogre_next_vendor:/opt/ros/jazzy/opt/gz_dartsim_vendor:/opt/ros/jazzy/opt/gz_cmake_vendor:/opt/ros/jazzy /usr/bin/cmake --build /home/robot/omni_robot_ws/build/omni_robot_bringup -- -j4 -l4
[92.938s] DEBUG:colcon.colcon_core.event_handler.log_command:Invoking command in '/home/robot/omni_robot_ws/build/omni_robot_bringup': CMAKE_PREFIX_PATH=/home/robot/omni_robot_ws/install/omni_robot_hardware:/home/robot/omni_robot_ws/install/omni_robot_bringup:/opt/ros/jazzy/opt/gz_sim_vendor:/opt/ros/jazzy/opt/gz_sensors_vendor:/opt/ros/jazzy/opt/gz_physics_vendor:/opt/ros/jazzy/opt/sdformat_vendor:/opt/ros/jazzy/opt/gz_gui_vendor:/opt/ros/jazzy/opt/gz_transport_vendor:/opt/ros/jazzy/opt/gz_rendering_vendor:/opt/ros/jazzy/opt/gz_plugin_vendor:/opt/ros/jazzy/opt/gz_fuel_tools_vendor:/opt/ros/jazzy/opt/gz_msgs_vendor:/opt/ros/jazzy/opt/gz_common_vendor:/opt/ros/jazzy/opt/gz_math_vendor:/opt/ros/jazzy/opt/gz_utils_vendor:/opt/ros/jazzy/opt/gz_tools_vendor:/opt/ros/jazzy/opt/gz_ogre_next_vendor:/opt/ros/jazzy/opt/gz_dartsim_vendor:/opt/ros/jazzy/opt/gz_cmake_vendor:/opt/ros/jazzy /usr/bin/cmake --install /home/robot/omni_robot_ws/build/omni_robot_bringup
[93.154s] Level 1:colcon.colcon_core.environment:create_environment_scripts_only(omni_robot_bringup)
[93.158s] Level 1:colcon.colcon_core.environment:checking '/home/robot/omni_robot_ws/install/omni_robot_bringup' for CMake module files
[93.164s] DEBUG:colcon.colcon_core.event_handler.log_command:Invoked command in '/home/robot/omni_robot_ws/build/omni_robot_bringup' returned '0': CMAKE_PREFIX_PATH=/home/robot/omni_robot_ws/install/omni_robot_hardware:/home/robot/omni_robot_ws/install/omni_robot_bringup:/opt/ros/jazzy/opt/gz_sim_vendor:/opt/ros/jazzy/opt/gz_sensors_vendor:/opt/ros/jazzy/opt/gz_physics_vendor:/opt/ros/jazzy/opt/sdformat_vendor:/opt/ros/jazzy/opt/gz_gui_vendor:/opt/ros/jazzy/opt/gz_transport_vendor:/opt/ros/jazzy/opt/gz_rendering_vendor:/opt/ros/jazzy/opt/gz_plugin_vendor:/opt/ros/jazzy/opt/gz_fuel_tools_vendor:/opt/ros/jazzy/opt/gz_msgs_vendor:/opt/ros/jazzy/opt/gz_common_vendor:/opt/ros/jazzy/opt/gz_math_vendor:/opt/ros/jazzy/opt/gz_utils_vendor:/opt/ros/jazzy/opt/gz_tools_vendor:/opt/ros/jazzy/opt/gz_ogre_next_vendor:/opt/ros/jazzy/opt/gz_dartsim_vendor:/opt/ros/jazzy/opt/gz_cmake_vendor:/opt/ros/jazzy /usr/bin/cmake --install /home/robot/omni_robot_ws/build/omni_robot_bringup
[93.174s] Level 1:colcon.colcon_core.environment:checking '/home/robot/omni_robot_ws/install/omni_robot_bringup' for CMake config files
[93.181s] Level 1:colcon.colcon_core.shell:create_environment_hook('omni_robot_bringup', 'cmake_prefix_path')
[93.182s] INFO:colcon.colcon_core.shell:Creating environment descriptor '/home/robot/omni_robot_ws/install/omni_robot_bringup/share/omni_robot_bringup/hook/cmake_prefix_path.dsv'
[93.185s] INFO:colcon.colcon_core.shell:Creating environment hook '/home/robot/omni_robot_ws/install/omni_robot_bringup/share/omni_robot_bringup/hook/cmake_prefix_path.sh'
[93.194s] Level 1:colcon.colcon_core.environment:checking '/home/robot/omni_robot_ws/install/omni_robot_bringup/bin'
[93.195s] Level 1:colcon.colcon_core.environment:checking '/home/robot/omni_robot_ws/install/omni_robot_bringup/lib/pkgconfig/omni_robot_bringup.pc'
[93.197s] Level 1:colcon.colcon_core.environment:checking '/home/robot/omni_robot_ws/install/omni_robot_bringup/lib/python3.12/site-packages'
[93.200s] Level 1:colcon.colcon_core.environment:checking '/home/robot/omni_robot_ws/install/omni_robot_bringup/bin'
[93.201s] INFO:colcon.colcon_core.shell:Creating package descriptor '/home/robot/omni_robot_ws/install/omni_robot_bringup/share/omni_robot_bringup/package.dsv'
[93.204s] INFO:colcon.colcon_core.shell:Creating package script '/home/robot/omni_robot_ws/install/omni_robot_bringup/share/omni_robot_bringup/package.sh'
[93.207s] INFO:colcon.colcon_core.shell:Creating package script '/home/robot/omni_robot_ws/install/omni_robot_bringup/share/omni_robot_bringup/package.bash'
[93.210s] INFO:colcon.colcon_core.shell:Creating package script '/home/robot/omni_robot_ws/install/omni_robot_bringup/share/omni_robot_bringup/package.zsh'
[93.212s] Level 1:colcon.colcon_core.environment:create_file_with_runtime_dependencies(/home/robot/omni_robot_ws/install/omni_robot_bringup/share/colcon-core/packages/omni_robot_bringup)
[93.217s] Level 1:colcon.colcon_core.environment:create_environment_scripts_only(omni_robot_bringup)
[93.218s] Level 1:colcon.colcon_core.environment:checking '/home/robot/omni_robot_ws/install/omni_robot_bringup' for CMake module files
[93.223s] Level 1:colcon.colcon_core.environment:checking '/home/robot/omni_robot_ws/install/omni_robot_bringup' for CMake config files
[93.228s] Level 1:colcon.colcon_core.shell:create_environment_hook('omni_robot_bringup', 'cmake_prefix_path')
[93.229s] INFO:colcon.colcon_core.shell:Creating environment descriptor '/home/robot/omni_robot_ws/install/omni_robot_bringup/share/omni_robot_bringup/hook/cmake_prefix_path.dsv'
[93.233s] INFO:colcon.colcon_core.shell:Creating environment hook '/home/robot/omni_robot_ws/install/omni_robot_bringup/share/omni_robot_bringup/hook/cmake_prefix_path.sh'
[93.238s] Level 1:colcon.colcon_core.environment:checking '/home/robot/omni_robot_ws/install/omni_robot_bringup/bin'
[93.238s] Level 1:colcon.colcon_core.environment:checking '/home/robot/omni_robot_ws/install/omni_robot_bringup/lib/pkgconfig/omni_robot_bringup.pc'
[93.240s] Level 1:colcon.colcon_core.environment:checking '/home/robot/omni_robot_ws/install/omni_robot_bringup/lib/python3.12/site-packages'
[93.242s] Level 1:colcon.colcon_core.environment:checking '/home/robot/omni_robot_ws/install/omni_robot_bringup/bin'
[93.244s] INFO:colcon.colcon_core.shell:Creating package descriptor '/home/robot/omni_robot_ws/install/omni_robot_bringup/share/omni_robot_bringup/package.dsv'
[93.248s] INFO:colcon.colcon_core.shell:Creating package script '/home/robot/omni_robot_ws/install/omni_robot_bringup/share/omni_robot_bringup/package.sh'
[93.252s] INFO:colcon.colcon_core.shell:Creating package script '/home/robot/omni_robot_ws/install/omni_robot_bringup/share/omni_robot_bringup/package.bash'
[93.255s] INFO:colcon.colcon_core.shell:Creating package script '/home/robot/omni_robot_ws/install/omni_robot_bringup/share/omni_robot_bringup/package.zsh'
[93.259s] Level 1:colcon.colcon_core.environment:create_file_with_runtime_dependencies(/home/robot/omni_robot_ws/install/omni_robot_bringup/share/colcon-core/packages/omni_robot_bringup)
[93.261s] DEBUG:colcon.colcon_parallel_executor.executor.parallel:closing loop
[93.262s] DEBUG:colcon.colcon_parallel_executor.executor.parallel:loop closed
[93.263s] DEBUG:colcon.colcon_parallel_executor.executor.parallel:run_until_complete finished with '0'
[93.264s] DEBUG:colcon.colcon_core.event_reactor:joining thread
[93.269s] DEBUG:colcon.colcon_core.event_reactor:joined thread
[93.270s] INFO:colcon.colcon_core.shell:Creating prefix script '/home/robot/omni_robot_ws/install/local_setup.sh'
[93.274s] INFO:colcon.colcon_core.shell:Creating prefix util module '/home/robot/omni_robot_ws/install/_local_setup_util_sh.py'
[93.287s] INFO:colcon.colcon_core.shell:Creating prefix chain script '/home/robot/omni_robot_ws/install/setup.sh'
[93.302s] INFO:colcon.colcon_core.shell:Creating prefix script '/home/robot/omni_robot_ws/install/local_setup.bash'
[93.308s] INFO:colcon.colcon_core.shell:Creating prefix chain script '/home/robot/omni_robot_ws/install/setup.bash'
[93.316s] INFO:colcon.colcon_core.shell:Creating prefix script '/home/robot/omni_robot_ws/install/local_setup.zsh'
[93.319s] INFO:colcon.colcon_core.shell:Creating prefix chain script '/home/robot/omni_robot_ws/install/setup.zsh'
