[0.065s] Invoking command in '/home/robot/omni_robot_ws/build/omni_robot_hardware': CMAKE_PREFIX_PATH=${CMAKE_PREFIX_PATH}:/opt/ros/jazzy /usr/bin/cmake --build /home/robot/omni_robot_ws/build/omni_robot_hardware -- -j4 -l4
[0.442s] [  6%] Built target pigpio_client
[0.452s] [ 13%] Built target tank_drive
[0.455s] [ 20%] Built target hc_sr04
[0.487s] [ 26%] Built target imu_node
[0.649s] [ 33%] Built target range_scan_node
[0.652s] [ 40%] Built target obstacle_avoider_node
[0.656s] [ 46%] Built target ultrasonic_perception_node
[0.723s] [ 53%] Built target open_loop_odom_node
[0.846s] [ 60%] Built target simple_wander_node
[0.869s] [ 66%] Built target nav2_goal_sender_node
[0.884s] [ 73%] Built target frontier_explorer_node
[0.932s] [ 76%] [32mBuilding CXX object CMakeFiles/bt_reactive_explorer_node.dir/src/bt_reactive_explorer_node.cpp.o[0m
[1.058s] [ 83%] Built target slam_watchdog_node
[1.085s] [ 90%] Built target ultrasonic_node
[1.088s] [ 96%] Built target tank_drive_node
[12.827s] [01m[K/home/robot/omni_robot_ws/ros2_ws/src/omni_robot_hardware/src/bt_reactive_explorer_node.cpp:[m[K In member function ‘[01m[Kvirtual BT::NodeStatus omni_robot_hardware::ReactiveExploreNode::TimedTwistAction::[01;32m[KonRunning[m[K()[m[K’:
[12.828s] [01m[K/home/robot/omni_robot_ws/ros2_ws/src/omni_robot_hardware/src/bt_reactive_explorer_node.cpp:349:20:[m[K [01;31m[Kerror: [m[Kconflicting declaration ‘[01m[Kconst double elapsed[m[K’
[12.829s]   349 |       const double [01;31m[Kelapsed[m[K = (node()->now() - start_time_).seconds();
[12.829s]       |                    [01;31m[K^~~~~~~[m[K
[12.830s] [01m[K/home/robot/omni_robot_ws/ros2_ws/src/omni_robot_hardware/src/bt_reactive_explorer_node.cpp:337:14:[m[K [01;36m[Knote: [m[Kprevious declaration as ‘[01m[Kdouble elapsed[m[K’
[12.830s]   337 |       double [01;36m[Kelapsed[m[K = (node()->now() - start_time_).seconds();
[12.831s]       |              [01;36m[K^~~~~~~[m[K
[25.827s] gmake[2]: *** [CMakeFiles/bt_reactive_explorer_node.dir/build.make:76: CMakeFiles/bt_reactive_explorer_node.dir/src/bt_reactive_explorer_node.cpp.o] Error 1
[25.827s] gmake[1]: *** [CMakeFiles/Makefile2:505: CMakeFiles/bt_reactive_explorer_node.dir/all] Error 2
[25.829s] gmake: *** [Makefile:146: all] Error 2
[25.838s] Invoked command in '/home/robot/omni_robot_ws/build/omni_robot_hardware' returned '2': CMAKE_PREFIX_PATH=${CMAKE_PREFIX_PATH}:/opt/ros/jazzy /usr/bin/cmake --build /home/robot/omni_robot_ws/build/omni_robot_hardware -- -j4 -l4
