[0.062s] Invoking command in '/home/robot/omni_robot_ws/build/omni_robot_hardware': CMAKE_PREFIX_PATH=${CMAKE_PREFIX_PATH}:/opt/ros/jazzy /usr/bin/cmake --build /home/robot/omni_robot_ws/build/omni_robot_hardware -- -j4 -l4
[0.431s] [  6%] Built target hc_sr04
[0.434s] [ 13%] Built target pigpio_client
[0.438s] [ 20%] Built target tank_drive
[0.499s] [ 26%] Built target imu_node
[0.630s] [ 33%] Built target obstacle_avoider_node
[0.639s] [ 40%] Built target range_scan_node
[0.657s] [ 46%] Built target ultrasonic_perception_node
[0.722s] [ 53%] Built target open_loop_odom_node
[0.860s] [ 60%] Built target nav2_goal_sender_node
[0.864s] [ 66%] Built target frontier_explorer_node
[0.869s] [ 73%] Built target simple_wander_node
[0.941s] [ 80%] Built target bt_reactive_explorer_node
[1.050s] [ 86%] Built target slam_watchdog_node
[1.058s] [ 93%] Built target ultrasonic_node
[1.064s] [100%] Built target tank_drive_node
[1.136s] Invoked command in '/home/robot/omni_robot_ws/build/omni_robot_hardware' returned '0': CMAKE_PREFIX_PATH=${CMAKE_PREFIX_PATH}:/opt/ros/jazzy /usr/bin/cmake --build /home/robot/omni_robot_ws/build/omni_robot_hardware -- -j4 -l4
[1.198s] Invoking command in '/home/robot/omni_robot_ws/build/omni_robot_hardware': CMAKE_PREFIX_PATH=${CMAKE_PREFIX_PATH}:/opt/ros/jazzy /usr/bin/cmake --install /home/robot/omni_robot_ws/build/omni_robot_hardware
[1.251s] -- Install configuration: ""
[1.252s] -- Execute custom install script
[1.254s] -- Up-to-date symlink: /home/robot/omni_robot_ws/install/omni_robot_hardware/lib/libhc_sr04.so
[1.255s] -- Up-to-date symlink: /home/robot/omni_robot_ws/install/omni_robot_hardware/lib/libpigpio_client.so
[1.256s] -- Up-to-date symlink: /home/robot/omni_robot_ws/install/omni_robot_hardware/lib/libtank_drive.so
[1.257s] -- Up-to-date symlink: /home/robot/omni_robot_ws/install/omni_robot_hardware/lib/omni_robot_hardware/ultrasonic_node
[1.258s] -- Up-to-date symlink: /home/robot/omni_robot_ws/install/omni_robot_hardware/lib/omni_robot_hardware/imu_node
[1.259s] -- Up-to-date symlink: /home/robot/omni_robot_ws/install/omni_robot_hardware/lib/omni_robot_hardware/tank_drive_node
[1.260s] -- Up-to-date symlink: /home/robot/omni_robot_ws/install/omni_robot_hardware/lib/omni_robot_hardware/obstacle_avoider_node
[1.261s] -- Up-to-date symlink: /home/robot/omni_robot_ws/install/omni_robot_hardware/lib/omni_robot_hardware/range_scan_node
[1.262s] -- Up-to-date symlink: /home/robot/omni_robot_ws/install/omni_robot_hardware/lib/omni_robot_hardware/ultrasonic_perception_node
[1.263s] -- Up-to-date symlink: /home/robot/omni_robot_ws/install/omni_robot_hardware/lib/omni_robot_hardware/open_loop_odom_node
[1.264s] -- Up-to-date symlink: /home/robot/omni_robot_ws/install/omni_robot_hardware/lib/omni_robot_hardware/nav2_goal_sender_node
[1.265s] -- Up-to-date symlink: /home/robot/omni_robot_ws/install/omni_robot_hardware/lib/omni_robot_hardware/frontier_explorer_node
[1.265s] -- Up-to-date symlink: /home/robot/omni_robot_ws/install/omni_robot_hardware/lib/omni_robot_hardware/simple_wander_node
[1.266s] -- Up-to-date symlink: /home/robot/omni_robot_ws/install/omni_robot_hardware/lib/omni_robot_hardware/bt_reactive_explorer_node
[1.267s] -- Up-to-date symlink: /home/robot/omni_robot_ws/install/omni_robot_hardware/lib/omni_robot_hardware/slam_watchdog_node
[1.270s] -- Up-to-date symlink: /home/robot/omni_robot_ws/install/omni_robot_hardware/include/omni_robot_hardware/hc_sr04.hpp
[1.270s] -- Up-to-date symlink: /home/robot/omni_robot_ws/install/omni_robot_hardware/include/omni_robot_hardware/pigpio_client.hpp
[1.271s] -- Up-to-date symlink: /home/robot/omni_robot_ws/install/omni_robot_hardware/include/omni_robot_hardware/tank_drive.hpp
[1.273s] -- Up-to-date symlink: /home/robot/omni_robot_ws/install/omni_robot_hardware/share/ament_index/resource_index/package_run_dependencies/omni_robot_hardware
[1.274s] -- Up-to-date symlink: /home/robot/omni_robot_ws/install/omni_robot_hardware/share/ament_index/resource_index/parent_prefix_path/omni_robot_hardware
[1.275s] -- Up-to-date symlink: /home/robot/omni_robot_ws/install/omni_robot_hardware/share/omni_robot_hardware/environment/ament_prefix_path.sh
[1.276s] -- Up-to-date symlink: /home/robot/omni_robot_ws/install/omni_robot_hardware/share/omni_robot_hardware/environment/ament_prefix_path.dsv
[1.277s] -- Up-to-date symlink: /home/robot/omni_robot_ws/install/omni_robot_hardware/share/omni_robot_hardware/environment/path.sh
[1.278s] -- Up-to-date symlink: /home/robot/omni_robot_ws/install/omni_robot_hardware/share/omni_robot_hardware/environment/path.dsv
[1.279s] -- Up-to-date symlink: /home/robot/omni_robot_ws/install/omni_robot_hardware/share/omni_robot_hardware/local_setup.bash
[1.280s] -- Up-to-date symlink: /home/robot/omni_robot_ws/install/omni_robot_hardware/share/omni_robot_hardware/local_setup.sh
[1.282s] -- Up-to-date symlink: /home/robot/omni_robot_ws/install/omni_robot_hardware/share/omni_robot_hardware/local_setup.zsh
[1.283s] -- Up-to-date symlink: /home/robot/omni_robot_ws/install/omni_robot_hardware/share/omni_robot_hardware/local_setup.dsv
[1.284s] -- Symlinking: /home/robot/omni_robot_ws/install/omni_robot_hardware/share/omni_robot_hardware/package.dsv
[1.343s] -- Up-to-date symlink: /home/robot/omni_robot_ws/install/omni_robot_hardware/share/ament_index/resource_index/packages/omni_robot_hardware
[1.344s] -- Up-to-date symlink: /home/robot/omni_robot_ws/install/omni_robot_hardware/share/omni_robot_hardware/cmake/omni_robot_hardwareConfig.cmake
[1.345s] -- Up-to-date symlink: /home/robot/omni_robot_ws/install/omni_robot_hardware/share/omni_robot_hardware/cmake/omni_robot_hardwareConfig-version.cmake
[1.346s] -- Up-to-date symlink: /home/robot/omni_robot_ws/install/omni_robot_hardware/share/omni_robot_hardware/package.xml
[1.354s] Invoked command in '/home/robot/omni_robot_ws/build/omni_robot_hardware' returned '0': CMAKE_PREFIX_PATH=${CMAKE_PREFIX_PATH}:/opt/ros/jazzy /usr/bin/cmake --install /home/robot/omni_robot_ws/build/omni_robot_hardware
