[0.071s] Invoking command in '/home/robot/omni_robot_ws/build/omni_robot_hardware': CMAKE_PREFIX_PATH=${CMAKE_PREFIX_PATH}:/opt/ros/jazzy /usr/bin/cmake --build /home/robot/omni_robot_ws/build/omni_robot_hardware -- -j4 -l4
[0.499s] [  9%] Built target hc_sr04
[0.699s] [ 18%] Built target imu_node
[0.908s] [ 27%] Built target obstacle_avoider_node
[1.105s] [ 36%] Built target range_scan_node
[1.312s] [ 45%] Built target ultrasonic_perception_node
[1.511s] [ 54%] Built target open_loop_odom_node
[1.736s] [ 63%] Built target nav2_goal_sender_node
[1.912s] [ 72%] Built target tank_drive
[2.078s] [ 81%] Built target pigpio_client
[2.281s] [ 90%] Built target ultrasonic_node
[2.478s] [100%] Built target tank_drive_node
[2.559s] Invoked command in '/home/robot/omni_robot_ws/build/omni_robot_hardware' returned '0': CMAKE_PREFIX_PATH=${CMAKE_PREFIX_PATH}:/opt/ros/jazzy /usr/bin/cmake --build /home/robot/omni_robot_ws/build/omni_robot_hardware -- -j4 -l4
[2.636s] Invoking command in '/home/robot/omni_robot_ws/build/omni_robot_hardware': CMAKE_PREFIX_PATH=${CMAKE_PREFIX_PATH}:/opt/ros/jazzy /usr/bin/cmake --install /home/robot/omni_robot_ws/build/omni_robot_hardware
[2.698s] -- Install configuration: ""
[2.699s] -- Execute custom install script
[2.702s] -- Up-to-date symlink: /home/robot/omni_robot_ws/install/omni_robot_hardware/lib/libhc_sr04.so
[2.704s] -- Up-to-date symlink: /home/robot/omni_robot_ws/install/omni_robot_hardware/lib/libpigpio_client.so
[2.705s] -- Up-to-date symlink: /home/robot/omni_robot_ws/install/omni_robot_hardware/lib/libtank_drive.so
[2.708s] -- Up-to-date symlink: /home/robot/omni_robot_ws/install/omni_robot_hardware/lib/omni_robot_hardware/ultrasonic_node
[2.709s] -- Up-to-date symlink: /home/robot/omni_robot_ws/install/omni_robot_hardware/lib/omni_robot_hardware/imu_node
[2.709s] -- Up-to-date symlink: /home/robot/omni_robot_ws/install/omni_robot_hardware/lib/omni_robot_hardware/tank_drive_node
[2.711s] -- Up-to-date symlink: /home/robot/omni_robot_ws/install/omni_robot_hardware/lib/omni_robot_hardware/obstacle_avoider_node
[2.712s] -- Up-to-date symlink: /home/robot/omni_robot_ws/install/omni_robot_hardware/lib/omni_robot_hardware/range_scan_node
[2.712s] -- Up-to-date symlink: /home/robot/omni_robot_ws/install/omni_robot_hardware/lib/omni_robot_hardware/ultrasonic_perception_node
[2.713s] -- Up-to-date symlink: /home/robot/omni_robot_ws/install/omni_robot_hardware/lib/omni_robot_hardware/open_loop_odom_node
[2.714s] -- Up-to-date symlink: /home/robot/omni_robot_ws/install/omni_robot_hardware/lib/omni_robot_hardware/nav2_goal_sender_node
[2.717s] -- Up-to-date symlink: /home/robot/omni_robot_ws/install/omni_robot_hardware/include/omni_robot_hardware/hc_sr04.hpp
[2.717s] -- Up-to-date symlink: /home/robot/omni_robot_ws/install/omni_robot_hardware/include/omni_robot_hardware/pigpio_client.hpp
[2.718s] -- Up-to-date symlink: /home/robot/omni_robot_ws/install/omni_robot_hardware/include/omni_robot_hardware/tank_drive.hpp
[2.720s] -- Up-to-date symlink: /home/robot/omni_robot_ws/install/omni_robot_hardware/share/ament_index/resource_index/package_run_dependencies/omni_robot_hardware
[2.721s] -- Up-to-date symlink: /home/robot/omni_robot_ws/install/omni_robot_hardware/share/ament_index/resource_index/parent_prefix_path/omni_robot_hardware
[2.723s] -- Up-to-date symlink: /home/robot/omni_robot_ws/install/omni_robot_hardware/share/omni_robot_hardware/environment/ament_prefix_path.sh
[2.724s] -- Up-to-date symlink: /home/robot/omni_robot_ws/install/omni_robot_hardware/share/omni_robot_hardware/environment/ament_prefix_path.dsv
[2.725s] -- Up-to-date symlink: /home/robot/omni_robot_ws/install/omni_robot_hardware/share/omni_robot_hardware/environment/path.sh
[2.726s] -- Up-to-date symlink: /home/robot/omni_robot_ws/install/omni_robot_hardware/share/omni_robot_hardware/environment/path.dsv
[2.727s] -- Up-to-date symlink: /home/robot/omni_robot_ws/install/omni_robot_hardware/share/omni_robot_hardware/local_setup.bash
[2.730s] -- Up-to-date symlink: /home/robot/omni_robot_ws/install/omni_robot_hardware/share/omni_robot_hardware/local_setup.sh
[2.732s] -- Up-to-date symlink: /home/robot/omni_robot_ws/install/omni_robot_hardware/share/omni_robot_hardware/local_setup.zsh
[2.733s] -- Up-to-date symlink: /home/robot/omni_robot_ws/install/omni_robot_hardware/share/omni_robot_hardware/local_setup.dsv
[2.735s] -- Symlinking: /home/robot/omni_robot_ws/install/omni_robot_hardware/share/omni_robot_hardware/package.dsv
[2.807s] -- Up-to-date symlink: /home/robot/omni_robot_ws/install/omni_robot_hardware/share/ament_index/resource_index/packages/omni_robot_hardware
[2.809s] -- Up-to-date symlink: /home/robot/omni_robot_ws/install/omni_robot_hardware/share/omni_robot_hardware/cmake/omni_robot_hardwareConfig.cmake
[2.810s] -- Up-to-date symlink: /home/robot/omni_robot_ws/install/omni_robot_hardware/share/omni_robot_hardware/cmake/omni_robot_hardwareConfig-version.cmake
[2.812s] -- Up-to-date symlink: /home/robot/omni_robot_ws/install/omni_robot_hardware/share/omni_robot_hardware/package.xml
[2.819s] Invoked command in '/home/robot/omni_robot_ws/build/omni_robot_hardware' returned '0': CMAKE_PREFIX_PATH=${CMAKE_PREFIX_PATH}:/opt/ros/jazzy /usr/bin/cmake --install /home/robot/omni_robot_ws/build/omni_robot_hardware
