[0.069s] Invoking command in '/home/robot/omni_robot_ws/build/omni_robot_hardware': /usr/bin/cmake /home/robot/omni_robot_ws/ros2_ws/src/omni_robot_hardware -DCMAKE_INSTALL_PREFIX=/home/robot/omni_robot_ws/install/omni_robot_hardware
[0.499s] -- Found ament_cmake: 2.5.6 (/opt/ros/jazzy/share/ament_cmake/cmake)
[23.080s] Traceback (most recent call last):
[23.081s]   File "/opt/ros/jazzy/share/ament_cmake_core/cmake/package_templates/templates_2_cmake.py", line 21, in <module>
[23.082s]     from ament_package.templates import get_environment_hook_template_path
[23.083s] ModuleNotFoundError: No module named 'ament_package'
[23.231s] [31mCMake Error at /opt/ros/jazzy/share/ament_cmake_core/cmake/ament_cmake_package_templates-extras.cmake:41 (message):
[23.232s]   execute_process(/usr/bin/python3
[23.233s]   /opt/ros/jazzy/share/ament_cmake_core/cmake/package_templates/templates_2_cmake.py
[23.233s]   /home/robot/omni_robot_ws/build/omni_robot_hardware/ament_cmake_package_templates/templates.cmake)
[23.233s]   returned error code 1
[23.234s] Call Stack (most recent call first):
[23.234s]   /opt/ros/jazzy/share/ament_cmake_core/cmake/ament_cmake_coreConfig.cmake:41 (include)
[23.234s]   /opt/ros/jazzy/share/ament_cmake/cmake/ament_cmake_export_dependencies-extras.cmake:15 (find_package)
[23.235s]   /opt/ros/jazzy/share/ament_cmake/cmake/ament_cmakeConfig.cmake:41 (include)
[23.235s]   CMakeLists.txt:8 (find_package)
[23.235s] 
[23.236s] [0m
[23.236s] -- Configuring incomplete, errors occurred!
[23.290s] Invoked command in '/home/robot/omni_robot_ws/build/omni_robot_hardware' returned '1': /usr/bin/cmake /home/robot/omni_robot_ws/ros2_ws/src/omni_robot_hardware -DCMAKE_INSTALL_PREFIX=/home/robot/omni_robot_ws/install/omni_robot_hardware
