-- The C compiler identification is GNU 13.3.0
-- The CXX compiler identification is GNU 13.3.0
-- Detecting C compiler ABI info
-- Detecting C compiler ABI info - done
-- Check for working C compiler: /usr/bin/cc - skipped
-- Detecting C compile features
-- Detecting C compile features - done
-- Detecting CXX compiler ABI info
-- Detecting CXX compiler ABI info - done
-- Check for working CXX compiler: /usr/bin/c++ - skipped
-- Detecting CXX compile features
-- Detecting CXX compile features - done
-- Found ament_cmake: 2.5.6 (/opt/ros/jazzy/share/ament_cmake/cmake)
-- Found Python3: /usr/bin/python3 (found version "3.12.3") found components: Interpreter 
-- Override CMake install command with custom implementation using symlinks instead of copying resources
-- Found rclcpp: 28.1.18 (/opt/ros/jazzy/share/rclcpp/cmake)
-- Found rosidl_generator_c: 4.6.7 (/opt/ros/jazzy/share/rosidl_generator_c/cmake)
-- Found rosidl_generator_cpp: 4.6.7 (/opt/ros/jazzy/share/rosidl_generator_cpp/cmake)
-- Using all available rosidl_typesupport_c: rosidl_typesupport_fastrtps_c;rosidl_typesupport_introspection_c
-- Using all available rosidl_typesupport_cpp: rosidl_typesupport_fastrtps_cpp;rosidl_typesupport_introspection_cpp
-- Found rmw_implementation_cmake: 7.3.3 (/opt/ros/jazzy/share/rmw_implementation_cmake/cmake)
-- Found rmw_fastrtps_cpp: 8.4.3 (/opt/ros/jazzy/share/rmw_fastrtps_cpp/cmake)
-- Found OpenSSL: /usr/lib/aarch64-linux-gnu/libcrypto.so (found version "3.0.13")  
-- Found FastRTPS: /opt/ros/jazzy/include (Required is at least version "2.13") 
-- Using RMW implementation 'rmw_fastrtps_cpp' as default
-- Found sensor_msgs: 5.3.7 (/opt/ros/jazzy/share/sensor_msgs/cmake)
-- Found nav_msgs: 5.3.7 (/opt/ros/jazzy/share/nav_msgs/cmake)
-- Found rclcpp_action: 28.1.18 (/opt/ros/jazzy/share/rclcpp_action/cmake)
-- Found nav2_msgs: 1.3.11 (/opt/ros/jazzy/share/nav2_msgs/cmake)
-- Found tf2: 0.36.20 (/opt/ros/jazzy/share/tf2/cmake)
-- Found tf2_ros: 0.36.20 (/opt/ros/jazzy/share/tf2_ros/cmake)
-- Found tf2_geometry_msgs: 0.36.20 (/opt/ros/jazzy/share/tf2_geometry_msgs/cmake)
-- Found eigen3_cmake_module: 0.3.0 (/opt/ros/jazzy/share/eigen3_cmake_module/cmake)
-- Found Eigen3: TRUE (found version "3.4.0") 
-- Ensuring Eigen3 include directory is part of orocos-kdl CMake target
-- Found visualization_msgs: 5.3.7 (/opt/ros/jazzy/share/visualization_msgs/cmake)
-- Configuring done (16.1s)
-- Generating done (0.3s)
-- Build files have been written to: /home/robot/omni_robot_ws/build/omni_robot_hardware
[  4%] [32mBuilding CXX object CMakeFiles/hc_sr04.dir/src/hc_sr04.cpp.o[0m
[  9%] [32m[1mLinking CXX shared library libhc_sr04.so[0m
[  9%] Built target hc_sr04
[ 13%] [32mBuilding CXX object CMakeFiles/imu_node.dir/src/imu_node.cpp.o[0m
[ 18%] [32m[1mLinking CXX executable imu_node[0m
[ 18%] Built target imu_node
[ 22%] [32mBuilding CXX object CMakeFiles/obstacle_avoider_node.dir/src/obstacle_avoider_node.cpp.o[0m
[ 27%] [32m[1mLinking CXX executable obstacle_avoider_node[0m
[ 27%] Built target obstacle_avoider_node
[ 31%] [32mBuilding CXX object CMakeFiles/range_scan_node.dir/src/range_scan_node.cpp.o[0m
[ 36%] [32m[1mLinking CXX executable range_scan_node[0m
[ 36%] Built target range_scan_node
[ 40%] [32mBuilding CXX object CMakeFiles/ultrasonic_perception_node.dir/src/ultrasonic_perception_node.cpp.o[0m
[ 45%] [32m[1mLinking CXX executable ultrasonic_perception_node[0m
[ 45%] Built target ultrasonic_perception_node
[ 50%] [32mBuilding CXX object CMakeFiles/open_loop_odom_node.dir/src/open_loop_odom_node.cpp.o[0m
[ 54%] [32m[1mLinking CXX executable open_loop_odom_node[0m
[ 54%] Built target open_loop_odom_node
[ 59%] [32mBuilding CXX object CMakeFiles/nav2_goal_sender_node.dir/src/nav2_goal_sender_node.cpp.o[0m
[ 63%] [32m[1mLinking CXX executable nav2_goal_sender_node[0m
[ 63%] Built target nav2_goal_sender_node
[ 68%] [32mBuilding CXX object CMakeFiles/tank_drive.dir/src/tank_drive.cpp.o[0m
[ 72%] [32m[1mLinking CXX shared library libtank_drive.so[0m
[ 72%] Built target tank_drive
[ 77%] [32mBuilding CXX object CMakeFiles/pigpio_client.dir/src/pigpio_client.cpp.o[0m
[ 81%] [32m[1mLinking CXX shared library libpigpio_client.so[0m
[ 81%] Built target pigpio_client
[ 86%] [32mBuilding CXX object CMakeFiles/ultrasonic_node.dir/src/ultrasonic_node.cpp.o[0m
[ 90%] [32m[1mLinking CXX executable ultrasonic_node[0m
[ 90%] Built target ultrasonic_node
[ 95%] [32mBuilding CXX object CMakeFiles/tank_drive_node.dir/src/tank_drive_node.cpp.o[0m
[100%] [32m[1mLinking CXX executable tank_drive_node[0m
[100%] Built target tank_drive_node
-- Install configuration: ""
-- Execute custom install script
-- Symlinking: /home/robot/omni_robot_ws/install/omni_robot_hardware/lib/libhc_sr04.so
-- Symlinking: /home/robot/omni_robot_ws/install/omni_robot_hardware/lib/libpigpio_client.so
-- Symlinking: /home/robot/omni_robot_ws/install/omni_robot_hardware/lib/libtank_drive.so
-- Symlinking: /home/robot/omni_robot_ws/install/omni_robot_hardware/lib/omni_robot_hardware/ultrasonic_node
-- Symlinking: /home/robot/omni_robot_ws/install/omni_robot_hardware/lib/omni_robot_hardware/imu_node
-- Symlinking: /home/robot/omni_robot_ws/install/omni_robot_hardware/lib/omni_robot_hardware/tank_drive_node
-- Symlinking: /home/robot/omni_robot_ws/install/omni_robot_hardware/lib/omni_robot_hardware/obstacle_avoider_node
-- Symlinking: /home/robot/omni_robot_ws/install/omni_robot_hardware/lib/omni_robot_hardware/range_scan_node
-- Symlinking: /home/robot/omni_robot_ws/install/omni_robot_hardware/lib/omni_robot_hardware/ultrasonic_perception_node
-- Symlinking: /home/robot/omni_robot_ws/install/omni_robot_hardware/lib/omni_robot_hardware/open_loop_odom_node
-- Symlinking: /home/robot/omni_robot_ws/install/omni_robot_hardware/lib/omni_robot_hardware/nav2_goal_sender_node
-- Symlinking: /home/robot/omni_robot_ws/install/omni_robot_hardware/include/omni_robot_hardware/hc_sr04.hpp
-- Symlinking: /home/robot/omni_robot_ws/install/omni_robot_hardware/include/omni_robot_hardware/pigpio_client.hpp
-- Symlinking: /home/robot/omni_robot_ws/install/omni_robot_hardware/include/omni_robot_hardware/tank_drive.hpp
-- Symlinking: /home/robot/omni_robot_ws/install/omni_robot_hardware/share/ament_index/resource_index/package_run_dependencies/omni_robot_hardware
-- Symlinking: /home/robot/omni_robot_ws/install/omni_robot_hardware/share/ament_index/resource_index/parent_prefix_path/omni_robot_hardware
-- Symlinking: /home/robot/omni_robot_ws/install/omni_robot_hardware/share/omni_robot_hardware/environment/ament_prefix_path.sh
-- Symlinking: /home/robot/omni_robot_ws/install/omni_robot_hardware/share/omni_robot_hardware/environment/ament_prefix_path.dsv
-- Symlinking: /home/robot/omni_robot_ws/install/omni_robot_hardware/share/omni_robot_hardware/environment/path.sh
-- Symlinking: /home/robot/omni_robot_ws/install/omni_robot_hardware/share/omni_robot_hardware/environment/path.dsv
-- Symlinking: /home/robot/omni_robot_ws/install/omni_robot_hardware/share/omni_robot_hardware/local_setup.bash
-- Symlinking: /home/robot/omni_robot_ws/install/omni_robot_hardware/share/omni_robot_hardware/local_setup.sh
-- Symlinking: /home/robot/omni_robot_ws/install/omni_robot_hardware/share/omni_robot_hardware/local_setup.zsh
-- Symlinking: /home/robot/omni_robot_ws/install/omni_robot_hardware/share/omni_robot_hardware/local_setup.dsv
-- Symlinking: /home/robot/omni_robot_ws/install/omni_robot_hardware/share/omni_robot_hardware/package.dsv
-- Symlinking: /home/robot/omni_robot_ws/install/omni_robot_hardware/share/ament_index/resource_index/packages/omni_robot_hardware
-- Symlinking: /home/robot/omni_robot_ws/install/omni_robot_hardware/share/omni_robot_hardware/cmake/omni_robot_hardwareConfig.cmake
-- Symlinking: /home/robot/omni_robot_ws/install/omni_robot_hardware/share/omni_robot_hardware/cmake/omni_robot_hardwareConfig-version.cmake
-- Symlinking: /home/robot/omni_robot_ws/install/omni_robot_hardware/share/omni_robot_hardware/package.xml
