[0.126s] Invoking command in '/home/robot/omni_robot_ws/build/omni_robot_hardware': CMAKE_PREFIX_PATH=${CMAKE_PREFIX_PATH}:/opt/ros/jazzy /usr/bin/cmake /home/robot/omni_robot_ws/ros2_ws/src/omni_robot_hardware -DAMENT_CMAKE_SYMLINK_INSTALL=1 -DCMAKE_INSTALL_PREFIX=/home/robot/omni_robot_ws/install/omni_robot_hardware
[0.649s] -- The C compiler identification is GNU 13.3.0
[1.128s] -- The CXX compiler identification is GNU 13.3.0
[1.278s] -- Detecting C compiler ABI info
[2.142s] -- Detecting C compiler ABI info - done
[2.208s] -- Check for working C compiler: /usr/bin/cc - skipped
[2.212s] -- Detecting C compile features
[2.221s] -- Detecting C compile features - done
[2.309s] -- Detecting CXX compiler ABI info
[3.285s] -- Detecting CXX compiler ABI info - done
[3.343s] -- Check for working CXX compiler: /usr/bin/c++ - skipped
[3.344s] -- Detecting CXX compile features
[3.346s] -- Detecting CXX compile features - done
[3.421s] -- Found ament_cmake: 2.5.6 (/opt/ros/jazzy/share/ament_cmake/cmake)
[4.776s] -- Found Python3: /usr/bin/python3 (found version "3.12.3") found components: Interpreter 
[5.542s] -- Override CMake install command with custom implementation using symlinks instead of copying resources
[6.564s] -- Found rclcpp: 28.1.18 (/opt/ros/jazzy/share/rclcpp/cmake)
[7.345s] -- Found rosidl_generator_c: 4.6.7 (/opt/ros/jazzy/share/rosidl_generator_c/cmake)
[7.593s] -- Found rosidl_generator_cpp: 4.6.7 (/opt/ros/jazzy/share/rosidl_generator_cpp/cmake)
[7.857s] -- Using all available rosidl_typesupport_c: rosidl_typesupport_fastrtps_c;rosidl_typesupport_introspection_c
[8.142s] -- Using all available rosidl_typesupport_cpp: rosidl_typesupport_fastrtps_cpp;rosidl_typesupport_introspection_cpp
[9.376s] -- Found rmw_implementation_cmake: 7.3.3 (/opt/ros/jazzy/share/rmw_implementation_cmake/cmake)
[9.463s] -- Found rmw_fastrtps_cpp: 8.4.3 (/opt/ros/jazzy/share/rmw_fastrtps_cpp/cmake)
[10.766s] -- Found OpenSSL: /usr/lib/aarch64-linux-gnu/libcrypto.so (found version "3.0.13")  
[10.933s] -- Found FastRTPS: /opt/ros/jazzy/include (Required is at least version "2.13") 
[11.098s] -- Using RMW implementation 'rmw_fastrtps_cpp' as default
[11.925s] -- Found sensor_msgs: 5.3.7 (/opt/ros/jazzy/share/sensor_msgs/cmake)
[12.441s] -- Found nav_msgs: 5.3.7 (/opt/ros/jazzy/share/nav_msgs/cmake)
[12.670s] -- Found rclcpp_action: 28.1.18 (/opt/ros/jazzy/share/rclcpp_action/cmake)
[13.163s] -- Found nav2_msgs: 1.3.11 (/opt/ros/jazzy/share/nav2_msgs/cmake)
[13.758s] -- Found tf2: 0.36.20 (/opt/ros/jazzy/share/tf2/cmake)
[13.846s] -- Found tf2_ros: 0.36.20 (/opt/ros/jazzy/share/tf2_ros/cmake)
[14.767s] -- Found tf2_geometry_msgs: 0.36.20 (/opt/ros/jazzy/share/tf2_geometry_msgs/cmake)
[15.134s] -- Found eigen3_cmake_module: 0.3.0 (/opt/ros/jazzy/share/eigen3_cmake_module/cmake)
[15.145s] -- Found Eigen3: TRUE (found version "3.4.0") 
[15.147s] -- Ensuring Eigen3 include directory is part of orocos-kdl CMake target
[15.215s] -- Found visualization_msgs: 5.3.7 (/opt/ros/jazzy/share/visualization_msgs/cmake)
[16.279s] -- Configuring done (16.1s)
[16.706s] -- Generating done (0.3s)
[16.820s] -- Build files have been written to: /home/robot/omni_robot_ws/build/omni_robot_hardware
[16.897s] Invoked command in '/home/robot/omni_robot_ws/build/omni_robot_hardware' returned '0': CMAKE_PREFIX_PATH=${CMAKE_PREFIX_PATH}:/opt/ros/jazzy /usr/bin/cmake /home/robot/omni_robot_ws/ros2_ws/src/omni_robot_hardware -DAMENT_CMAKE_SYMLINK_INSTALL=1 -DCMAKE_INSTALL_PREFIX=/home/robot/omni_robot_ws/install/omni_robot_hardware
[16.910s] Invoking command in '/home/robot/omni_robot_ws/build/omni_robot_hardware': CMAKE_PREFIX_PATH=${CMAKE_PREFIX_PATH}:/opt/ros/jazzy /usr/bin/cmake --build /home/robot/omni_robot_ws/build/omni_robot_hardware -- -j4 -l4
[17.431s] [  4%] [32mBuilding CXX object CMakeFiles/hc_sr04.dir/src/hc_sr04.cpp.o[0m
[17.768s] [  9%] [32m[1mLinking CXX shared library libhc_sr04.so[0m
[18.159s] [  9%] Built target hc_sr04
[18.386s] [ 13%] [32mBuilding CXX object CMakeFiles/imu_node.dir/src/imu_node.cpp.o[0m
[55.821s] [ 18%] [32m[1mLinking CXX executable imu_node[0m
[57.323s] [ 18%] Built target imu_node
[57.578s] [ 22%] [32mBuilding CXX object CMakeFiles/obstacle_avoider_node.dir/src/obstacle_avoider_node.cpp.o[0m
[153.158s] [ 27%] [32m[1mLinking CXX executable obstacle_avoider_node[0m
[157.008s] [ 27%] Built target obstacle_avoider_node
[157.240s] [ 31%] [32mBuilding CXX object CMakeFiles/range_scan_node.dir/src/range_scan_node.cpp.o[0m
[224.679s] [ 36%] [32m[1mLinking CXX executable range_scan_node[0m
[227.415s] [ 36%] Built target range_scan_node
[227.621s] [ 40%] [32mBuilding CXX object CMakeFiles/ultrasonic_perception_node.dir/src/ultrasonic_perception_node.cpp.o[0m
[312.943s] [ 45%] [32m[1mLinking CXX executable ultrasonic_perception_node[0m
[316.679s] [ 45%] Built target ultrasonic_perception_node
[316.891s] [ 50%] [32mBuilding CXX object CMakeFiles/open_loop_odom_node.dir/src/open_loop_odom_node.cpp.o[0m
[386.406s] [ 54%] [32m[1mLinking CXX executable open_loop_odom_node[0m
[389.635s] [ 54%] Built target open_loop_odom_node
[389.852s] [ 59%] [32mBuilding CXX object CMakeFiles/nav2_goal_sender_node.dir/src/nav2_goal_sender_node.cpp.o[0m
[484.310s] [ 63%] [32m[1mLinking CXX executable nav2_goal_sender_node[0m
[489.168s] [ 63%] Built target nav2_goal_sender_node
[489.394s] [ 68%] [32mBuilding CXX object CMakeFiles/tank_drive.dir/src/tank_drive.cpp.o[0m
[491.096s] [ 72%] [32m[1mLinking CXX shared library libtank_drive.so[0m
[491.617s] [ 72%] Built target tank_drive
[491.835s] [ 77%] [32mBuilding CXX object CMakeFiles/pigpio_client.dir/src/pigpio_client.cpp.o[0m
[492.179s] [ 81%] [32m[1mLinking CXX shared library libpigpio_client.so[0m
[492.690s] [ 81%] Built target pigpio_client
[492.939s] [ 86%] [32mBuilding CXX object CMakeFiles/ultrasonic_node.dir/src/ultrasonic_node.cpp.o[0m
[531.399s] [ 90%] [32m[1mLinking CXX executable ultrasonic_node[0m
[533.125s] [ 90%] Built target ultrasonic_node
[533.339s] [ 95%] [32mBuilding CXX object CMakeFiles/tank_drive_node.dir/src/tank_drive_node.cpp.o[0m
[592.749s] [100%] [32m[1mLinking CXX executable tank_drive_node[0m
[595.214s] [100%] Built target tank_drive_node
[595.369s] Invoked command in '/home/robot/omni_robot_ws/build/omni_robot_hardware' returned '0': CMAKE_PREFIX_PATH=${CMAKE_PREFIX_PATH}:/opt/ros/jazzy /usr/bin/cmake --build /home/robot/omni_robot_ws/build/omni_robot_hardware -- -j4 -l4
[595.477s] Invoking command in '/home/robot/omni_robot_ws/build/omni_robot_hardware': CMAKE_PREFIX_PATH=${CMAKE_PREFIX_PATH}:/opt/ros/jazzy /usr/bin/cmake --install /home/robot/omni_robot_ws/build/omni_robot_hardware
[595.556s] -- Install configuration: ""
[595.561s] -- Execute custom install script
[595.565s] -- Symlinking: /home/robot/omni_robot_ws/install/omni_robot_hardware/lib/libhc_sr04.so
[595.675s] -- Symlinking: /home/robot/omni_robot_ws/install/omni_robot_hardware/lib/libpigpio_client.so
[595.782s] -- Symlinking: /home/robot/omni_robot_ws/install/omni_robot_hardware/lib/libtank_drive.so
[595.879s] -- Symlinking: /home/robot/omni_robot_ws/install/omni_robot_hardware/lib/omni_robot_hardware/ultrasonic_node
[596.002s] -- Symlinking: /home/robot/omni_robot_ws/install/omni_robot_hardware/lib/omni_robot_hardware/imu_node
[596.107s] -- Symlinking: /home/robot/omni_robot_ws/install/omni_robot_hardware/lib/omni_robot_hardware/tank_drive_node
[596.204s] -- Symlinking: /home/robot/omni_robot_ws/install/omni_robot_hardware/lib/omni_robot_hardware/obstacle_avoider_node
[596.301s] -- Symlinking: /home/robot/omni_robot_ws/install/omni_robot_hardware/lib/omni_robot_hardware/range_scan_node
[596.396s] -- Symlinking: /home/robot/omni_robot_ws/install/omni_robot_hardware/lib/omni_robot_hardware/ultrasonic_perception_node
[596.497s] -- Symlinking: /home/robot/omni_robot_ws/install/omni_robot_hardware/lib/omni_robot_hardware/open_loop_odom_node
[596.613s] -- Symlinking: /home/robot/omni_robot_ws/install/omni_robot_hardware/lib/omni_robot_hardware/nav2_goal_sender_node
[596.718s] -- Symlinking: /home/robot/omni_robot_ws/install/omni_robot_hardware/include/omni_robot_hardware/hc_sr04.hpp
[596.819s] -- Symlinking: /home/robot/omni_robot_ws/install/omni_robot_hardware/include/omni_robot_hardware/pigpio_client.hpp
[596.925s] -- Symlinking: /home/robot/omni_robot_ws/install/omni_robot_hardware/include/omni_robot_hardware/tank_drive.hpp
[597.032s] -- Symlinking: /home/robot/omni_robot_ws/install/omni_robot_hardware/share/ament_index/resource_index/package_run_dependencies/omni_robot_hardware
[597.154s] -- Symlinking: /home/robot/omni_robot_ws/install/omni_robot_hardware/share/ament_index/resource_index/parent_prefix_path/omni_robot_hardware
[597.250s] -- Symlinking: /home/robot/omni_robot_ws/install/omni_robot_hardware/share/omni_robot_hardware/environment/ament_prefix_path.sh
[597.341s] -- Symlinking: /home/robot/omni_robot_ws/install/omni_robot_hardware/share/omni_robot_hardware/environment/ament_prefix_path.dsv
[597.430s] -- Symlinking: /home/robot/omni_robot_ws/install/omni_robot_hardware/share/omni_robot_hardware/environment/path.sh
[597.515s] -- Symlinking: /home/robot/omni_robot_ws/install/omni_robot_hardware/share/omni_robot_hardware/environment/path.dsv
[597.611s] -- Symlinking: /home/robot/omni_robot_ws/install/omni_robot_hardware/share/omni_robot_hardware/local_setup.bash
[597.694s] -- Symlinking: /home/robot/omni_robot_ws/install/omni_robot_hardware/share/omni_robot_hardware/local_setup.sh
[597.796s] -- Symlinking: /home/robot/omni_robot_ws/install/omni_robot_hardware/share/omni_robot_hardware/local_setup.zsh
[597.946s] -- Symlinking: /home/robot/omni_robot_ws/install/omni_robot_hardware/share/omni_robot_hardware/local_setup.dsv
[598.041s] -- Symlinking: /home/robot/omni_robot_ws/install/omni_robot_hardware/share/omni_robot_hardware/package.dsv
[598.136s] -- Symlinking: /home/robot/omni_robot_ws/install/omni_robot_hardware/share/ament_index/resource_index/packages/omni_robot_hardware
[598.227s] -- Symlinking: /home/robot/omni_robot_ws/install/omni_robot_hardware/share/omni_robot_hardware/cmake/omni_robot_hardwareConfig.cmake
[598.314s] -- Symlinking: /home/robot/omni_robot_ws/install/omni_robot_hardware/share/omni_robot_hardware/cmake/omni_robot_hardwareConfig-version.cmake
[598.398s] -- Symlinking: /home/robot/omni_robot_ws/install/omni_robot_hardware/share/omni_robot_hardware/package.xml
[598.503s] Invoked command in '/home/robot/omni_robot_ws/build/omni_robot_hardware' returned '0': CMAKE_PREFIX_PATH=${CMAKE_PREFIX_PATH}:/opt/ros/jazzy /usr/bin/cmake --install /home/robot/omni_robot_ws/build/omni_robot_hardware
