-- Install configuration: ""
-- Execute custom install script
-- Symlinking: /home/robot/omni_robot_ws/install/omni_robot_bringup/share/omni_robot_bringup/launch/phase8_nav2_explore.launch.py
-- Up-to-date symlink: /home/robot/omni_robot_ws/install/omni_robot_bringup/share/omni_robot_bringup/launch/phase8_nav2_slam.launch.py
-- Up-to-date symlink: /home/robot/omni_robot_ws/install/omni_robot_bringup/share/omni_robot_bringup/launch/robot.launch.py
-- Up-to-date symlink: /home/robot/omni_robot_ws/install/omni_robot_bringup/share/omni_robot_bringup/launch/sensors.launch.py
-- Up-to-date symlink: /home/robot/omni_robot_ws/install/omni_robot_bringup/share/omni_robot_bringup/config/avoidance.yaml
-- Up-to-date symlink: /home/robot/omni_robot_ws/install/omni_robot_bringup/share/omni_robot_bringup/config/avoidance_nav.yaml
-- Up-to-date symlink: /home/robot/omni_robot_ws/install/omni_robot_bringup/share/omni_robot_bringup/config/drive.yaml
-- Symlinking: /home/robot/omni_robot_ws/install/omni_robot_bringup/share/omni_robot_bringup/config/frontier_explore.yaml
-- Up-to-date symlink: /home/robot/omni_robot_ws/install/omni_robot_bringup/share/omni_robot_bringup/config/nav2_params_ultrasonic.yaml
-- Up-to-date symlink: /home/robot/omni_robot_ws/install/omni_robot_bringup/share/omni_robot_bringup/config/sensors.yaml
-- Up-to-date symlink: /home/robot/omni_robot_ws/install/omni_robot_bringup/share/omni_robot_bringup/config/slam_toolbox_ultrasonic.yaml
-- Up-to-date symlink: /home/robot/omni_robot_ws/install/omni_robot_bringup/share/ament_index/resource_index/package_run_dependencies/omni_robot_bringup
-- Up-to-date symlink: /home/robot/omni_robot_ws/install/omni_robot_bringup/share/ament_index/resource_index/parent_prefix_path/omni_robot_bringup
-- Up-to-date symlink: /home/robot/omni_robot_ws/install/omni_robot_bringup/share/omni_robot_bringup/environment/ament_prefix_path.sh
-- Up-to-date symlink: /home/robot/omni_robot_ws/install/omni_robot_bringup/share/omni_robot_bringup/environment/ament_prefix_path.dsv
-- Up-to-date symlink: /home/robot/omni_robot_ws/install/omni_robot_bringup/share/omni_robot_bringup/environment/path.sh
-- Up-to-date symlink: /home/robot/omni_robot_ws/install/omni_robot_bringup/share/omni_robot_bringup/environment/path.dsv
-- Up-to-date symlink: /home/robot/omni_robot_ws/install/omni_robot_bringup/share/omni_robot_bringup/local_setup.bash
-- Up-to-date symlink: /home/robot/omni_robot_ws/install/omni_robot_bringup/share/omni_robot_bringup/local_setup.sh
-- Up-to-date symlink: /home/robot/omni_robot_ws/install/omni_robot_bringup/share/omni_robot_bringup/local_setup.zsh
-- Up-to-date symlink: /home/robot/omni_robot_ws/install/omni_robot_bringup/share/omni_robot_bringup/local_setup.dsv
-- Symlinking: /home/robot/omni_robot_ws/install/omni_robot_bringup/share/omni_robot_bringup/package.dsv
-- Up-to-date symlink: /home/robot/omni_robot_ws/install/omni_robot_bringup/share/ament_index/resource_index/packages/omni_robot_bringup
-- Up-to-date symlink: /home/robot/omni_robot_ws/install/omni_robot_bringup/share/omni_robot_bringup/cmake/omni_robot_bringupConfig.cmake
-- Up-to-date symlink: /home/robot/omni_robot_ws/install/omni_robot_bringup/share/omni_robot_bringup/cmake/omni_robot_bringupConfig-version.cmake
-- Up-to-date symlink: /home/robot/omni_robot_ws/install/omni_robot_bringup/share/omni_robot_bringup/package.xml
