[0.422s] DEBUG:colcon:Command line arguments: ['/usr/bin/colcon', 'build']
[0.422s] DEBUG:colcon:Parsed command line arguments: Namespace(log_base=None, log_level=None, verb_name='build', build_base='build', install_base='install', merge_install=False, symlink_install=False, test_result_base=None, continue_on_error=False, executor='parallel', parallel_workers=4, event_handlers=None, ignore_user_meta=False, metas=['./colcon.meta'], base_paths=['.'], packages_ignore=None, packages_ignore_regex=None, paths=None, packages_up_to=None, packages_up_to_regex=None, packages_above=None, packages_above_and_dependencies=None, packages_above_depth=None, packages_select_by_dep=None, packages_skip_by_dep=None, packages_skip_up_to=None, packages_select_build_failed=False, packages_skip_build_finished=False, packages_select_test_failures=False, packages_skip_test_passed=False, packages_select=None, packages_skip=None, packages_select_regex=None, packages_skip_regex=None, packages_start=None, packages_end=None, cmake_args=None, cmake_target=None, cmake_target_skip_unavailable=False, cmake_clean_cache=False, cmake_clean_first=False, cmake_force_configure=False, ament_cmake_args=None, catkin_cmake_args=None, catkin_skip_building_tests=False, verb_parser=<colcon_defaults.argument_parser.defaults.DefaultArgumentsDecorator object at 0xffff93b2cbc0>, verb_extension=<colcon_core.verb.build.BuildVerb object at 0xffff93a55ac0>, main=<bound method BuildVerb.main of <colcon_core.verb.build.BuildVerb object at 0xffff93a55ac0>>)
[0.594s] Level 1:colcon.colcon_core.package_discovery:discover_packages(colcon_meta) check parameters
[0.594s] Level 1:colcon.colcon_core.package_discovery:discover_packages(recursive) check parameters
[0.594s] Level 1:colcon.colcon_core.package_discovery:discover_packages(ignore) check parameters
[0.594s] Level 1:colcon.colcon_core.package_discovery:discover_packages(path) check parameters
[0.594s] Level 1:colcon.colcon_core.package_discovery:discover_packages(colcon_meta) discover
[0.595s] Level 1:colcon.colcon_core.package_discovery:discover_packages(recursive) discover
[0.595s] INFO:colcon.colcon_core.package_discovery:Crawling recursively for packages in '/home/robot/omni_robot_ws'
[0.595s] Level 1:colcon.colcon_core.package_identification:_identify(.) by extensions ['ignore', 'ignore_ament_install']
[0.596s] Level 1:colcon.colcon_core.package_identification:_identify(.) by extension 'ignore'
[0.596s] Level 1:colcon.colcon_core.package_identification:_identify(.) by extension 'ignore_ament_install'
[0.596s] Level 1:colcon.colcon_core.package_identification:_identify(.) by extensions ['colcon_pkg']
[0.596s] Level 1:colcon.colcon_core.package_identification:_identify(.) by extension 'colcon_pkg'
[0.597s] Level 1:colcon.colcon_core.package_identification:_identify(.) by extensions ['colcon_meta']
[0.597s] Level 1:colcon.colcon_core.package_identification:_identify(.) by extension 'colcon_meta'
[0.597s] Level 1:colcon.colcon_core.package_identification:_identify(.) by extensions ['ros']
[0.597s] Level 1:colcon.colcon_core.package_identification:_identify(.) by extension 'ros'
[0.707s] Level 1:colcon.colcon_core.package_identification:_identify(.) by extensions ['cmake', 'python']
[0.707s] Level 1:colcon.colcon_core.package_identification:_identify(.) by extension 'cmake'
[0.708s] Level 1:colcon.colcon_core.package_identification:_identify(.) by extension 'python'
[0.708s] Level 1:colcon.colcon_core.package_identification:_identify(.) by extensions ['python_setup_py']
[0.708s] Level 1:colcon.colcon_core.package_identification:_identify(.) by extension 'python_setup_py'
[0.709s] Level 1:colcon.colcon_core.package_identification:_identify(build) by extensions ['ignore', 'ignore_ament_install']
[0.709s] Level 1:colcon.colcon_core.package_identification:_identify(build) by extension 'ignore'
[0.710s] Level 1:colcon.colcon_core.package_identification:_identify(build) ignored
[0.710s] Level 1:colcon.colcon_core.package_identification:_identify(install) by extensions ['ignore', 'ignore_ament_install']
[0.711s] Level 1:colcon.colcon_core.package_identification:_identify(install) by extension 'ignore'
[0.711s] Level 1:colcon.colcon_core.package_identification:_identify(install) ignored
[0.713s] Level 1:colcon.colcon_core.package_identification:_identify(log) by extensions ['ignore', 'ignore_ament_install']
[0.713s] Level 1:colcon.colcon_core.package_identification:_identify(log) by extension 'ignore'
[0.714s] Level 1:colcon.colcon_core.package_identification:_identify(log) ignored
[0.714s] Level 1:colcon.colcon_core.package_identification:_identify(ros2_ws) by extensions ['ignore', 'ignore_ament_install']
[0.715s] Level 1:colcon.colcon_core.package_identification:_identify(ros2_ws) by extension 'ignore'
[0.715s] Level 1:colcon.colcon_core.package_identification:_identify(ros2_ws) by extension 'ignore_ament_install'
[0.716s] Level 1:colcon.colcon_core.package_identification:_identify(ros2_ws) by extensions ['colcon_pkg']
[0.716s] Level 1:colcon.colcon_core.package_identification:_identify(ros2_ws) by extension 'colcon_pkg'
[0.716s] Level 1:colcon.colcon_core.package_identification:_identify(ros2_ws) by extensions ['colcon_meta']
[0.716s] Level 1:colcon.colcon_core.package_identification:_identify(ros2_ws) by extension 'colcon_meta'
[0.717s] Level 1:colcon.colcon_core.package_identification:_identify(ros2_ws) by extensions ['ros']
[0.717s] Level 1:colcon.colcon_core.package_identification:_identify(ros2_ws) by extension 'ros'
[0.717s] Level 1:colcon.colcon_core.package_identification:_identify(ros2_ws) by extensions ['cmake', 'python']
[0.718s] Level 1:colcon.colcon_core.package_identification:_identify(ros2_ws) by extension 'cmake'
[0.718s] Level 1:colcon.colcon_core.package_identification:_identify(ros2_ws) by extension 'python'
[0.718s] Level 1:colcon.colcon_core.package_identification:_identify(ros2_ws) by extensions ['python_setup_py']
[0.718s] Level 1:colcon.colcon_core.package_identification:_identify(ros2_ws) by extension 'python_setup_py'
[0.719s] Level 1:colcon.colcon_core.package_identification:_identify(ros2_ws/src) by extensions ['ignore', 'ignore_ament_install']
[0.719s] Level 1:colcon.colcon_core.package_identification:_identify(ros2_ws/src) by extension 'ignore'
[0.720s] Level 1:colcon.colcon_core.package_identification:_identify(ros2_ws/src) by extension 'ignore_ament_install'
[0.720s] Level 1:colcon.colcon_core.package_identification:_identify(ros2_ws/src) by extensions ['colcon_pkg']
[0.720s] Level 1:colcon.colcon_core.package_identification:_identify(ros2_ws/src) by extension 'colcon_pkg'
[0.721s] Level 1:colcon.colcon_core.package_identification:_identify(ros2_ws/src) by extensions ['colcon_meta']
[0.721s] Level 1:colcon.colcon_core.package_identification:_identify(ros2_ws/src) by extension 'colcon_meta'
[0.721s] Level 1:colcon.colcon_core.package_identification:_identify(ros2_ws/src) by extensions ['ros']
[0.721s] Level 1:colcon.colcon_core.package_identification:_identify(ros2_ws/src) by extension 'ros'
[0.722s] Level 1:colcon.colcon_core.package_identification:_identify(ros2_ws/src) by extensions ['cmake', 'python']
[0.722s] Level 1:colcon.colcon_core.package_identification:_identify(ros2_ws/src) by extension 'cmake'
[0.722s] Level 1:colcon.colcon_core.package_identification:_identify(ros2_ws/src) by extension 'python'
[0.722s] Level 1:colcon.colcon_core.package_identification:_identify(ros2_ws/src) by extensions ['python_setup_py']
[0.723s] Level 1:colcon.colcon_core.package_identification:_identify(ros2_ws/src) by extension 'python_setup_py'
[0.723s] Level 1:colcon.colcon_core.package_identification:_identify(ros2_ws/src/omni_robot_bringup) by extensions ['ignore', 'ignore_ament_install']
[0.724s] Level 1:colcon.colcon_core.package_identification:_identify(ros2_ws/src/omni_robot_bringup) by extension 'ignore'
[0.725s] Level 1:colcon.colcon_core.package_identification:_identify(ros2_ws/src/omni_robot_bringup) by extension 'ignore_ament_install'
[0.725s] Level 1:colcon.colcon_core.package_identification:_identify(ros2_ws/src/omni_robot_bringup) by extensions ['colcon_pkg']
[0.725s] Level 1:colcon.colcon_core.package_identification:_identify(ros2_ws/src/omni_robot_bringup) by extension 'colcon_pkg'
[0.726s] Level 1:colcon.colcon_core.package_identification:_identify(ros2_ws/src/omni_robot_bringup) by extensions ['colcon_meta']
[0.726s] Level 1:colcon.colcon_core.package_identification:_identify(ros2_ws/src/omni_robot_bringup) by extension 'colcon_meta'
[0.726s] Level 1:colcon.colcon_core.package_identification:_identify(ros2_ws/src/omni_robot_bringup) by extensions ['ros']
[0.727s] Level 1:colcon.colcon_core.package_identification:_identify(ros2_ws/src/omni_robot_bringup) by extension 'ros'
[0.736s] DEBUG:colcon.colcon_core.package_identification:Package 'ros2_ws/src/omni_robot_bringup' with type 'ros.ament_cmake' and name 'omni_robot_bringup'
[0.737s] Level 1:colcon.colcon_core.package_identification:_identify(ros2_ws/src/omni_robot_hardware) by extensions ['ignore', 'ignore_ament_install']
[0.737s] Level 1:colcon.colcon_core.package_identification:_identify(ros2_ws/src/omni_robot_hardware) by extension 'ignore'
[0.738s] Level 1:colcon.colcon_core.package_identification:_identify(ros2_ws/src/omni_robot_hardware) by extension 'ignore_ament_install'
[0.738s] Level 1:colcon.colcon_core.package_identification:_identify(ros2_ws/src/omni_robot_hardware) by extensions ['colcon_pkg']
[0.738s] Level 1:colcon.colcon_core.package_identification:_identify(ros2_ws/src/omni_robot_hardware) by extension 'colcon_pkg'
[0.738s] Level 1:colcon.colcon_core.package_identification:_identify(ros2_ws/src/omni_robot_hardware) by extensions ['colcon_meta']
[0.739s] Level 1:colcon.colcon_core.package_identification:_identify(ros2_ws/src/omni_robot_hardware) by extension 'colcon_meta'
[0.739s] Level 1:colcon.colcon_core.package_identification:_identify(ros2_ws/src/omni_robot_hardware) by extensions ['ros']
[0.739s] Level 1:colcon.colcon_core.package_identification:_identify(ros2_ws/src/omni_robot_hardware) by extension 'ros'
[0.744s] DEBUG:colcon.colcon_core.package_identification:Package 'ros2_ws/src/omni_robot_hardware' with type 'ros.ament_cmake' and name 'omni_robot_hardware'
[0.744s] Level 1:colcon.colcon_core.package_discovery:discover_packages(recursive) using defaults
[0.744s] Level 1:colcon.colcon_core.package_discovery:discover_packages(ignore) discover
[0.744s] Level 1:colcon.colcon_core.package_discovery:discover_packages(ignore) using defaults
[0.745s] Level 1:colcon.colcon_core.package_discovery:discover_packages(path) discover
[0.745s] Level 1:colcon.colcon_core.package_discovery:discover_packages(path) using defaults
[0.823s] Level 5:colcon.colcon_core.verb:set package 'omni_robot_hardware' build argument 'cmake_args' from command line to 'None'
[0.823s] Level 5:colcon.colcon_core.verb:set package 'omni_robot_hardware' build argument 'cmake_target' from command line to 'None'
[0.823s] Level 5:colcon.colcon_core.verb:set package 'omni_robot_hardware' build argument 'cmake_target_skip_unavailable' from command line to 'False'
[0.823s] Level 5:colcon.colcon_core.verb:set package 'omni_robot_hardware' build argument 'cmake_clean_cache' from command line to 'False'
[0.823s] Level 5:colcon.colcon_core.verb:set package 'omni_robot_hardware' build argument 'cmake_clean_first' from command line to 'False'
[0.824s] Level 5:colcon.colcon_core.verb:set package 'omni_robot_hardware' build argument 'cmake_force_configure' from command line to 'False'
[0.824s] Level 5:colcon.colcon_core.verb:set package 'omni_robot_hardware' build argument 'ament_cmake_args' from command line to 'None'
[0.824s] Level 5:colcon.colcon_core.verb:set package 'omni_robot_hardware' build argument 'catkin_cmake_args' from command line to 'None'
[0.824s] Level 5:colcon.colcon_core.verb:set package 'omni_robot_hardware' build argument 'catkin_skip_building_tests' from command line to 'False'
[0.824s] DEBUG:colcon.colcon_core.verb:Building package 'omni_robot_hardware' with the following arguments: {'ament_cmake_args': None, 'build_base': '/home/robot/omni_robot_ws/build/omni_robot_hardware', 'catkin_cmake_args': None, 'catkin_skip_building_tests': False, 'cmake_args': None, 'cmake_clean_cache': False, 'cmake_clean_first': False, 'cmake_force_configure': False, 'cmake_target': None, 'cmake_target_skip_unavailable': False, 'install_base': '/home/robot/omni_robot_ws/install/omni_robot_hardware', 'merge_install': False, 'path': '/home/robot/omni_robot_ws/ros2_ws/src/omni_robot_hardware', 'symlink_install': False, 'test_result_base': None}
[0.825s] Level 5:colcon.colcon_core.verb:set package 'omni_robot_bringup' build argument 'cmake_args' from command line to 'None'
[0.826s] Level 5:colcon.colcon_core.verb:set package 'omni_robot_bringup' build argument 'cmake_target' from command line to 'None'
[0.826s] Level 5:colcon.colcon_core.verb:set package 'omni_robot_bringup' build argument 'cmake_target_skip_unavailable' from command line to 'False'
[0.826s] Level 5:colcon.colcon_core.verb:set package 'omni_robot_bringup' build argument 'cmake_clean_cache' from command line to 'False'
[0.826s] Level 5:colcon.colcon_core.verb:set package 'omni_robot_bringup' build argument 'cmake_clean_first' from command line to 'False'
[0.826s] Level 5:colcon.colcon_core.verb:set package 'omni_robot_bringup' build argument 'cmake_force_configure' from command line to 'False'
[0.826s] Level 5:colcon.colcon_core.verb:set package 'omni_robot_bringup' build argument 'ament_cmake_args' from command line to 'None'
[0.826s] Level 5:colcon.colcon_core.verb:set package 'omni_robot_bringup' build argument 'catkin_cmake_args' from command line to 'None'
[0.826s] Level 5:colcon.colcon_core.verb:set package 'omni_robot_bringup' build argument 'catkin_skip_building_tests' from command line to 'False'
[0.826s] DEBUG:colcon.colcon_core.verb:Building package 'omni_robot_bringup' with the following arguments: {'ament_cmake_args': None, 'build_base': '/home/robot/omni_robot_ws/build/omni_robot_bringup', 'catkin_cmake_args': None, 'catkin_skip_building_tests': False, 'cmake_args': None, 'cmake_clean_cache': False, 'cmake_clean_first': False, 'cmake_force_configure': False, 'cmake_target': None, 'cmake_target_skip_unavailable': False, 'install_base': '/home/robot/omni_robot_ws/install/omni_robot_bringup', 'merge_install': False, 'path': '/home/robot/omni_robot_ws/ros2_ws/src/omni_robot_bringup', 'symlink_install': False, 'test_result_base': None}
[0.827s] INFO:colcon.colcon_core.executor:Executing jobs using 'parallel' executor
[0.830s] DEBUG:colcon.colcon_parallel_executor.executor.parallel:run_until_complete
[0.831s] INFO:colcon.colcon_ros.task.ament_cmake.build:Building ROS package in '/home/robot/omni_robot_ws/ros2_ws/src/omni_robot_hardware' with build type 'ament_cmake'
[0.832s] INFO:colcon.colcon_cmake.task.cmake.build:Building CMake package in '/home/robot/omni_robot_ws/ros2_ws/src/omni_robot_hardware'
[0.841s] INFO:colcon.colcon_core.plugin_system:Skipping extension 'colcon_core.shell.bat': Not used on non-Windows systems
[0.841s] DEBUG:colcon.colcon_core.shell:Skip shell extension 'dsv' for command environment
[0.895s] DEBUG:colcon.colcon_core.event_handler.log_command:Invoking command in '/home/robot/omni_robot_ws/build/omni_robot_hardware': CMAKE_PREFIX_PATH=${CMAKE_PREFIX_PATH}:/opt/ros/jazzy /usr/bin/cmake --build /home/robot/omni_robot_ws/build/omni_robot_hardware -- -j4 -l4
[1.969s] DEBUG:colcon.colcon_core.event_handler.log_command:Invoked command in '/home/robot/omni_robot_ws/build/omni_robot_hardware' returned '0': CMAKE_PREFIX_PATH=${CMAKE_PREFIX_PATH}:/opt/ros/jazzy /usr/bin/cmake --build /home/robot/omni_robot_ws/build/omni_robot_hardware -- -j4 -l4
[2.031s] DEBUG:colcon.colcon_core.event_handler.log_command:Invoking command in '/home/robot/omni_robot_ws/build/omni_robot_hardware': CMAKE_PREFIX_PATH=${CMAKE_PREFIX_PATH}:/opt/ros/jazzy /usr/bin/cmake --install /home/robot/omni_robot_ws/build/omni_robot_hardware
[2.186s] Level 1:colcon.colcon_core.environment:create_environment_scripts_only(omni_robot_hardware)
[2.187s] DEBUG:colcon.colcon_core.event_handler.log_command:Invoked command in '/home/robot/omni_robot_ws/build/omni_robot_hardware' returned '0': CMAKE_PREFIX_PATH=${CMAKE_PREFIX_PATH}:/opt/ros/jazzy /usr/bin/cmake --install /home/robot/omni_robot_ws/build/omni_robot_hardware
[2.197s] Level 1:colcon.colcon_core.environment:checking '/home/robot/omni_robot_ws/install/omni_robot_hardware' for CMake module files
[2.201s] Level 1:colcon.colcon_core.environment:checking '/home/robot/omni_robot_ws/install/omni_robot_hardware' for CMake config files
[2.204s] Level 1:colcon.colcon_core.shell:create_environment_hook('omni_robot_hardware', 'cmake_prefix_path')
[2.205s] INFO:colcon.colcon_core.shell:Creating environment descriptor '/home/robot/omni_robot_ws/install/omni_robot_hardware/share/omni_robot_hardware/hook/cmake_prefix_path.dsv'
[2.207s] INFO:colcon.colcon_core.shell:Creating environment hook '/home/robot/omni_robot_ws/install/omni_robot_hardware/share/omni_robot_hardware/hook/cmake_prefix_path.sh'
[2.216s] Level 1:colcon.colcon_core.environment:checking '/home/robot/omni_robot_ws/install/omni_robot_hardware/lib'
[2.216s] Level 1:colcon.colcon_core.shell:create_environment_hook('omni_robot_hardware', 'ld_library_path_lib')
[2.217s] INFO:colcon.colcon_core.shell:Creating environment descriptor '/home/robot/omni_robot_ws/install/omni_robot_hardware/share/omni_robot_hardware/hook/ld_library_path_lib.dsv'
[2.219s] INFO:colcon.colcon_core.shell:Creating environment hook '/home/robot/omni_robot_ws/install/omni_robot_hardware/share/omni_robot_hardware/hook/ld_library_path_lib.sh'
[2.221s] Level 1:colcon.colcon_core.environment:checking '/home/robot/omni_robot_ws/install/omni_robot_hardware/bin'
[2.222s] Level 1:colcon.colcon_core.environment:checking '/home/robot/omni_robot_ws/install/omni_robot_hardware/lib/pkgconfig/omni_robot_hardware.pc'
[2.231s] Level 1:colcon.colcon_core.environment:checking '/home/robot/omni_robot_ws/install/omni_robot_hardware/lib/python3.12/site-packages'
[2.232s] Level 1:colcon.colcon_core.environment:checking '/home/robot/omni_robot_ws/install/omni_robot_hardware/bin'
[2.233s] INFO:colcon.colcon_core.shell:Creating package descriptor '/home/robot/omni_robot_ws/install/omni_robot_hardware/share/omni_robot_hardware/package.dsv'
[2.236s] INFO:colcon.colcon_core.shell:Creating package script '/home/robot/omni_robot_ws/install/omni_robot_hardware/share/omni_robot_hardware/package.sh'
[2.239s] INFO:colcon.colcon_core.shell:Creating package script '/home/robot/omni_robot_ws/install/omni_robot_hardware/share/omni_robot_hardware/package.bash'
[2.241s] INFO:colcon.colcon_core.shell:Creating package script '/home/robot/omni_robot_ws/install/omni_robot_hardware/share/omni_robot_hardware/package.zsh'
[2.244s] Level 1:colcon.colcon_core.environment:create_file_with_runtime_dependencies(/home/robot/omni_robot_ws/install/omni_robot_hardware/share/colcon-core/packages/omni_robot_hardware)
[2.247s] Level 1:colcon.colcon_core.environment:create_environment_scripts_only(omni_robot_hardware)
[2.248s] Level 1:colcon.colcon_core.environment:checking '/home/robot/omni_robot_ws/install/omni_robot_hardware' for CMake module files
[2.252s] Level 1:colcon.colcon_core.environment:checking '/home/robot/omni_robot_ws/install/omni_robot_hardware' for CMake config files
[2.255s] Level 1:colcon.colcon_core.shell:create_environment_hook('omni_robot_hardware', 'cmake_prefix_path')
[2.256s] INFO:colcon.colcon_core.shell:Creating environment descriptor '/home/robot/omni_robot_ws/install/omni_robot_hardware/share/omni_robot_hardware/hook/cmake_prefix_path.dsv'
[2.258s] INFO:colcon.colcon_core.shell:Creating environment hook '/home/robot/omni_robot_ws/install/omni_robot_hardware/share/omni_robot_hardware/hook/cmake_prefix_path.sh'
[2.260s] Level 1:colcon.colcon_core.environment:checking '/home/robot/omni_robot_ws/install/omni_robot_hardware/lib'
[2.261s] Level 1:colcon.colcon_core.shell:create_environment_hook('omni_robot_hardware', 'ld_library_path_lib')
[2.261s] INFO:colcon.colcon_core.shell:Creating environment descriptor '/home/robot/omni_robot_ws/install/omni_robot_hardware/share/omni_robot_hardware/hook/ld_library_path_lib.dsv'
[2.263s] INFO:colcon.colcon_core.shell:Creating environment hook '/home/robot/omni_robot_ws/install/omni_robot_hardware/share/omni_robot_hardware/hook/ld_library_path_lib.sh'
[2.265s] Level 1:colcon.colcon_core.environment:checking '/home/robot/omni_robot_ws/install/omni_robot_hardware/bin'
[2.265s] Level 1:colcon.colcon_core.environment:checking '/home/robot/omni_robot_ws/install/omni_robot_hardware/lib/pkgconfig/omni_robot_hardware.pc'
[2.267s] Level 1:colcon.colcon_core.environment:checking '/home/robot/omni_robot_ws/install/omni_robot_hardware/lib/python3.12/site-packages'
[2.268s] Level 1:colcon.colcon_core.environment:checking '/home/robot/omni_robot_ws/install/omni_robot_hardware/bin'
[2.269s] INFO:colcon.colcon_core.shell:Creating package descriptor '/home/robot/omni_robot_ws/install/omni_robot_hardware/share/omni_robot_hardware/package.dsv'
[2.271s] INFO:colcon.colcon_core.shell:Creating package script '/home/robot/omni_robot_ws/install/omni_robot_hardware/share/omni_robot_hardware/package.sh'
[2.273s] INFO:colcon.colcon_core.shell:Creating package script '/home/robot/omni_robot_ws/install/omni_robot_hardware/share/omni_robot_hardware/package.bash'
[2.275s] INFO:colcon.colcon_core.shell:Creating package script '/home/robot/omni_robot_ws/install/omni_robot_hardware/share/omni_robot_hardware/package.zsh'
[2.279s] Level 1:colcon.colcon_core.environment:create_file_with_runtime_dependencies(/home/robot/omni_robot_ws/install/omni_robot_hardware/share/colcon-core/packages/omni_robot_hardware)
[2.280s] INFO:colcon.colcon_ros.task.ament_cmake.build:Building ROS package in '/home/robot/omni_robot_ws/ros2_ws/src/omni_robot_bringup' with build type 'ament_cmake'
[2.281s] INFO:colcon.colcon_cmake.task.cmake.build:Building CMake package in '/home/robot/omni_robot_ws/ros2_ws/src/omni_robot_bringup'
[2.282s] DEBUG:colcon.colcon_core.shell:Skip shell extension 'dsv' for command environment
[2.335s] DEBUG:colcon.colcon_core.event_handler.log_command:Invoking command in '/home/robot/omni_robot_ws/build/omni_robot_bringup': CMAKE_PREFIX_PATH=/home/robot/omni_robot_ws/install/omni_robot_hardware:/home/robot/omni_robot_ws/install/omni_robot_bringup:/opt/ros/jazzy/opt/gz_sim_vendor:/opt/ros/jazzy/opt/gz_sensors_vendor:/opt/ros/jazzy/opt/gz_physics_vendor:/opt/ros/jazzy/opt/sdformat_vendor:/opt/ros/jazzy/opt/gz_gui_vendor:/opt/ros/jazzy/opt/gz_transport_vendor:/opt/ros/jazzy/opt/gz_rendering_vendor:/opt/ros/jazzy/opt/gz_plugin_vendor:/opt/ros/jazzy/opt/gz_fuel_tools_vendor:/opt/ros/jazzy/opt/gz_msgs_vendor:/opt/ros/jazzy/opt/gz_common_vendor:/opt/ros/jazzy/opt/gz_math_vendor:/opt/ros/jazzy/opt/gz_utils_vendor:/opt/ros/jazzy/opt/gz_tools_vendor:/opt/ros/jazzy/opt/gz_ogre_next_vendor:/opt/ros/jazzy/opt/gz_dartsim_vendor:/opt/ros/jazzy/opt/gz_cmake_vendor:/opt/ros/jazzy /usr/bin/cmake --build /home/robot/omni_robot_ws/build/omni_robot_bringup -- -j4 -l4
[2.581s] DEBUG:colcon.colcon_core.event_handler.log_command:Invoked command in '/home/robot/omni_robot_ws/build/omni_robot_bringup' returned '0': CMAKE_PREFIX_PATH=/home/robot/omni_robot_ws/install/omni_robot_hardware:/home/robot/omni_robot_ws/install/omni_robot_bringup:/opt/ros/jazzy/opt/gz_sim_vendor:/opt/ros/jazzy/opt/gz_sensors_vendor:/opt/ros/jazzy/opt/gz_physics_vendor:/opt/ros/jazzy/opt/sdformat_vendor:/opt/ros/jazzy/opt/gz_gui_vendor:/opt/ros/jazzy/opt/gz_transport_vendor:/opt/ros/jazzy/opt/gz_rendering_vendor:/opt/ros/jazzy/opt/gz_plugin_vendor:/opt/ros/jazzy/opt/gz_fuel_tools_vendor:/opt/ros/jazzy/opt/gz_msgs_vendor:/opt/ros/jazzy/opt/gz_common_vendor:/opt/ros/jazzy/opt/gz_math_vendor:/opt/ros/jazzy/opt/gz_utils_vendor:/opt/ros/jazzy/opt/gz_tools_vendor:/opt/ros/jazzy/opt/gz_ogre_next_vendor:/opt/ros/jazzy/opt/gz_dartsim_vendor:/opt/ros/jazzy/opt/gz_cmake_vendor:/opt/ros/jazzy /usr/bin/cmake --build /home/robot/omni_robot_ws/build/omni_robot_bringup -- -j4 -l4
[2.587s] DEBUG:colcon.colcon_core.event_handler.log_command:Invoking command in '/home/robot/omni_robot_ws/build/omni_robot_bringup': CMAKE_PREFIX_PATH=/home/robot/omni_robot_ws/install/omni_robot_hardware:/home/robot/omni_robot_ws/install/omni_robot_bringup:/opt/ros/jazzy/opt/gz_sim_vendor:/opt/ros/jazzy/opt/gz_sensors_vendor:/opt/ros/jazzy/opt/gz_physics_vendor:/opt/ros/jazzy/opt/sdformat_vendor:/opt/ros/jazzy/opt/gz_gui_vendor:/opt/ros/jazzy/opt/gz_transport_vendor:/opt/ros/jazzy/opt/gz_rendering_vendor:/opt/ros/jazzy/opt/gz_plugin_vendor:/opt/ros/jazzy/opt/gz_fuel_tools_vendor:/opt/ros/jazzy/opt/gz_msgs_vendor:/opt/ros/jazzy/opt/gz_common_vendor:/opt/ros/jazzy/opt/gz_math_vendor:/opt/ros/jazzy/opt/gz_utils_vendor:/opt/ros/jazzy/opt/gz_tools_vendor:/opt/ros/jazzy/opt/gz_ogre_next_vendor:/opt/ros/jazzy/opt/gz_dartsim_vendor:/opt/ros/jazzy/opt/gz_cmake_vendor:/opt/ros/jazzy /usr/bin/cmake --install /home/robot/omni_robot_ws/build/omni_robot_bringup
[2.742s] Level 1:colcon.colcon_core.environment:create_environment_scripts_only(omni_robot_bringup)
[2.743s] Level 1:colcon.colcon_core.environment:checking '/home/robot/omni_robot_ws/install/omni_robot_bringup' for CMake module files
[2.744s] DEBUG:colcon.colcon_core.event_handler.log_command:Invoked command in '/home/robot/omni_robot_ws/build/omni_robot_bringup' returned '0': CMAKE_PREFIX_PATH=/home/robot/omni_robot_ws/install/omni_robot_hardware:/home/robot/omni_robot_ws/install/omni_robot_bringup:/opt/ros/jazzy/opt/gz_sim_vendor:/opt/ros/jazzy/opt/gz_sensors_vendor:/opt/ros/jazzy/opt/gz_physics_vendor:/opt/ros/jazzy/opt/sdformat_vendor:/opt/ros/jazzy/opt/gz_gui_vendor:/opt/ros/jazzy/opt/gz_transport_vendor:/opt/ros/jazzy/opt/gz_rendering_vendor:/opt/ros/jazzy/opt/gz_plugin_vendor:/opt/ros/jazzy/opt/gz_fuel_tools_vendor:/opt/ros/jazzy/opt/gz_msgs_vendor:/opt/ros/jazzy/opt/gz_common_vendor:/opt/ros/jazzy/opt/gz_math_vendor:/opt/ros/jazzy/opt/gz_utils_vendor:/opt/ros/jazzy/opt/gz_tools_vendor:/opt/ros/jazzy/opt/gz_ogre_next_vendor:/opt/ros/jazzy/opt/gz_dartsim_vendor:/opt/ros/jazzy/opt/gz_cmake_vendor:/opt/ros/jazzy /usr/bin/cmake --install /home/robot/omni_robot_ws/build/omni_robot_bringup
[2.748s] Level 1:colcon.colcon_core.environment:checking '/home/robot/omni_robot_ws/install/omni_robot_bringup' for CMake config files
[2.752s] Level 1:colcon.colcon_core.shell:create_environment_hook('omni_robot_bringup', 'cmake_prefix_path')
[2.753s] INFO:colcon.colcon_core.shell:Creating environment descriptor '/home/robot/omni_robot_ws/install/omni_robot_bringup/share/omni_robot_bringup/hook/cmake_prefix_path.dsv'
[2.756s] INFO:colcon.colcon_core.shell:Creating environment hook '/home/robot/omni_robot_ws/install/omni_robot_bringup/share/omni_robot_bringup/hook/cmake_prefix_path.sh'
[2.759s] Level 1:colcon.colcon_core.environment:checking '/home/robot/omni_robot_ws/install/omni_robot_bringup/bin'
[2.759s] Level 1:colcon.colcon_core.environment:checking '/home/robot/omni_robot_ws/install/omni_robot_bringup/lib/pkgconfig/omni_robot_bringup.pc'
[2.760s] Level 1:colcon.colcon_core.environment:checking '/home/robot/omni_robot_ws/install/omni_robot_bringup/lib/python3.12/site-packages'
[2.762s] Level 1:colcon.colcon_core.environment:checking '/home/robot/omni_robot_ws/install/omni_robot_bringup/bin'
[2.762s] INFO:colcon.colcon_core.shell:Creating package descriptor '/home/robot/omni_robot_ws/install/omni_robot_bringup/share/omni_robot_bringup/package.dsv'
[2.764s] INFO:colcon.colcon_core.shell:Creating package script '/home/robot/omni_robot_ws/install/omni_robot_bringup/share/omni_robot_bringup/package.sh'
[2.766s] INFO:colcon.colcon_core.shell:Creating package script '/home/robot/omni_robot_ws/install/omni_robot_bringup/share/omni_robot_bringup/package.bash'
[2.768s] INFO:colcon.colcon_core.shell:Creating package script '/home/robot/omni_robot_ws/install/omni_robot_bringup/share/omni_robot_bringup/package.zsh'
[2.770s] Level 1:colcon.colcon_core.environment:create_file_with_runtime_dependencies(/home/robot/omni_robot_ws/install/omni_robot_bringup/share/colcon-core/packages/omni_robot_bringup)
[2.772s] Level 1:colcon.colcon_core.environment:create_environment_scripts_only(omni_robot_bringup)
[2.773s] Level 1:colcon.colcon_core.environment:checking '/home/robot/omni_robot_ws/install/omni_robot_bringup' for CMake module files
[2.776s] Level 1:colcon.colcon_core.environment:checking '/home/robot/omni_robot_ws/install/omni_robot_bringup' for CMake config files
[2.779s] Level 1:colcon.colcon_core.shell:create_environment_hook('omni_robot_bringup', 'cmake_prefix_path')
[2.780s] INFO:colcon.colcon_core.shell:Creating environment descriptor '/home/robot/omni_robot_ws/install/omni_robot_bringup/share/omni_robot_bringup/hook/cmake_prefix_path.dsv'
[2.782s] INFO:colcon.colcon_core.shell:Creating environment hook '/home/robot/omni_robot_ws/install/omni_robot_bringup/share/omni_robot_bringup/hook/cmake_prefix_path.sh'
[2.785s] Level 1:colcon.colcon_core.environment:checking '/home/robot/omni_robot_ws/install/omni_robot_bringup/bin'
[2.785s] Level 1:colcon.colcon_core.environment:checking '/home/robot/omni_robot_ws/install/omni_robot_bringup/lib/pkgconfig/omni_robot_bringup.pc'
[2.786s] Level 1:colcon.colcon_core.environment:checking '/home/robot/omni_robot_ws/install/omni_robot_bringup/lib/python3.12/site-packages'
[2.787s] Level 1:colcon.colcon_core.environment:checking '/home/robot/omni_robot_ws/install/omni_robot_bringup/bin'
[2.788s] INFO:colcon.colcon_core.shell:Creating package descriptor '/home/robot/omni_robot_ws/install/omni_robot_bringup/share/omni_robot_bringup/package.dsv'
[2.790s] INFO:colcon.colcon_core.shell:Creating package script '/home/robot/omni_robot_ws/install/omni_robot_bringup/share/omni_robot_bringup/package.sh'
[2.793s] INFO:colcon.colcon_core.shell:Creating package script '/home/robot/omni_robot_ws/install/omni_robot_bringup/share/omni_robot_bringup/package.bash'
[2.794s] INFO:colcon.colcon_core.shell:Creating package script '/home/robot/omni_robot_ws/install/omni_robot_bringup/share/omni_robot_bringup/package.zsh'
[2.796s] Level 1:colcon.colcon_core.environment:create_file_with_runtime_dependencies(/home/robot/omni_robot_ws/install/omni_robot_bringup/share/colcon-core/packages/omni_robot_bringup)
[2.798s] DEBUG:colcon.colcon_parallel_executor.executor.parallel:closing loop
[2.799s] DEBUG:colcon.colcon_parallel_executor.executor.parallel:loop closed
[2.800s] DEBUG:colcon.colcon_parallel_executor.executor.parallel:run_until_complete finished with '0'
[2.800s] DEBUG:colcon.colcon_core.event_reactor:joining thread
[2.802s] DEBUG:colcon.colcon_core.event_reactor:joined thread
[2.803s] INFO:colcon.colcon_core.shell:Creating prefix script '/home/robot/omni_robot_ws/install/local_setup.sh'
[2.806s] INFO:colcon.colcon_core.shell:Creating prefix util module '/home/robot/omni_robot_ws/install/_local_setup_util_sh.py'
[2.811s] INFO:colcon.colcon_core.shell:Creating prefix chain script '/home/robot/omni_robot_ws/install/setup.sh'
[2.816s] INFO:colcon.colcon_core.shell:Creating prefix script '/home/robot/omni_robot_ws/install/local_setup.bash'
[2.819s] INFO:colcon.colcon_core.shell:Creating prefix chain script '/home/robot/omni_robot_ws/install/setup.bash'
[2.824s] INFO:colcon.colcon_core.shell:Creating prefix script '/home/robot/omni_robot_ws/install/local_setup.zsh'
[2.826s] INFO:colcon.colcon_core.shell:Creating prefix chain script '/home/robot/omni_robot_ws/install/setup.zsh'
