[0.419s] DEBUG:colcon:Command line arguments: ['/usr/bin/colcon', 'build', '--packages-select', 'omni_robot_hardware', 'omni_robot_bringup']
[0.419s] DEBUG:colcon:Parsed command line arguments: Namespace(log_base=None, log_level=None, verb_name='build', build_base='build', install_base='install', merge_install=False, symlink_install=False, test_result_base=None, continue_on_error=False, executor='parallel', parallel_workers=4, event_handlers=None, ignore_user_meta=False, metas=['./colcon.meta'], base_paths=['.'], packages_ignore=None, packages_ignore_regex=None, paths=None, packages_up_to=None, packages_up_to_regex=None, packages_above=None, packages_above_and_dependencies=None, packages_above_depth=None, packages_select_by_dep=None, packages_skip_by_dep=None, packages_skip_up_to=None, packages_select_build_failed=False, packages_skip_build_finished=False, packages_select_test_failures=False, packages_skip_test_passed=False, packages_select=['omni_robot_hardware', 'omni_robot_bringup'], packages_skip=None, packages_select_regex=None, packages_skip_regex=None, packages_start=None, packages_end=None, cmake_args=None, cmake_target=None, cmake_target_skip_unavailable=False, cmake_clean_cache=False, cmake_clean_first=False, cmake_force_configure=False, ament_cmake_args=None, catkin_cmake_args=None, catkin_skip_building_tests=False, verb_parser=<colcon_defaults.argument_parser.defaults.DefaultArgumentsDecorator object at 0xffffad140bf0>, verb_extension=<colcon_core.verb.build.BuildVerb object at 0xffffad329c10>, main=<bound method BuildVerb.main of <colcon_core.verb.build.BuildVerb object at 0xffffad329c10>>)
[0.590s] Level 1:colcon.colcon_core.package_discovery:discover_packages(colcon_meta) check parameters
[0.590s] Level 1:colcon.colcon_core.package_discovery:discover_packages(recursive) check parameters
[0.590s] Level 1:colcon.colcon_core.package_discovery:discover_packages(ignore) check parameters
[0.591s] Level 1:colcon.colcon_core.package_discovery:discover_packages(path) check parameters
[0.591s] Level 1:colcon.colcon_core.package_discovery:discover_packages(colcon_meta) discover
[0.591s] Level 1:colcon.colcon_core.package_discovery:discover_packages(recursive) discover
[0.591s] INFO:colcon.colcon_core.package_discovery:Crawling recursively for packages in '/home/robot/omni_robot_ws'
[0.592s] Level 1:colcon.colcon_core.package_identification:_identify(.) by extensions ['ignore', 'ignore_ament_install']
[0.592s] Level 1:colcon.colcon_core.package_identification:_identify(.) by extension 'ignore'
[0.592s] Level 1:colcon.colcon_core.package_identification:_identify(.) by extension 'ignore_ament_install'
[0.593s] Level 1:colcon.colcon_core.package_identification:_identify(.) by extensions ['colcon_pkg']
[0.593s] Level 1:colcon.colcon_core.package_identification:_identify(.) by extension 'colcon_pkg'
[0.593s] Level 1:colcon.colcon_core.package_identification:_identify(.) by extensions ['colcon_meta']
[0.593s] Level 1:colcon.colcon_core.package_identification:_identify(.) by extension 'colcon_meta'
[0.593s] Level 1:colcon.colcon_core.package_identification:_identify(.) by extensions ['ros']
[0.593s] Level 1:colcon.colcon_core.package_identification:_identify(.) by extension 'ros'
[0.697s] Level 1:colcon.colcon_core.package_identification:_identify(.) by extensions ['cmake', 'python']
[0.698s] Level 1:colcon.colcon_core.package_identification:_identify(.) by extension 'cmake'
[0.698s] Level 1:colcon.colcon_core.package_identification:_identify(.) by extension 'python'
[0.698s] Level 1:colcon.colcon_core.package_identification:_identify(.) by extensions ['python_setup_py']
[0.699s] Level 1:colcon.colcon_core.package_identification:_identify(.) by extension 'python_setup_py'
[0.700s] Level 1:colcon.colcon_core.package_identification:_identify(build) by extensions ['ignore', 'ignore_ament_install']
[0.700s] Level 1:colcon.colcon_core.package_identification:_identify(build) by extension 'ignore'
[0.700s] Level 1:colcon.colcon_core.package_identification:_identify(build) ignored
[0.701s] Level 1:colcon.colcon_core.package_identification:_identify(install) by extensions ['ignore', 'ignore_ament_install']
[0.702s] Level 1:colcon.colcon_core.package_identification:_identify(install) by extension 'ignore'
[0.702s] Level 1:colcon.colcon_core.package_identification:_identify(install) ignored
[0.704s] Level 1:colcon.colcon_core.package_identification:_identify(log) by extensions ['ignore', 'ignore_ament_install']
[0.704s] Level 1:colcon.colcon_core.package_identification:_identify(log) by extension 'ignore'
[0.705s] Level 1:colcon.colcon_core.package_identification:_identify(log) ignored
[0.705s] Level 1:colcon.colcon_core.package_identification:_identify(ros2_ws) by extensions ['ignore', 'ignore_ament_install']
[0.706s] Level 1:colcon.colcon_core.package_identification:_identify(ros2_ws) by extension 'ignore'
[0.706s] Level 1:colcon.colcon_core.package_identification:_identify(ros2_ws) by extension 'ignore_ament_install'
[0.706s] Level 1:colcon.colcon_core.package_identification:_identify(ros2_ws) by extensions ['colcon_pkg']
[0.707s] Level 1:colcon.colcon_core.package_identification:_identify(ros2_ws) by extension 'colcon_pkg'
[0.707s] Level 1:colcon.colcon_core.package_identification:_identify(ros2_ws) by extensions ['colcon_meta']
[0.707s] Level 1:colcon.colcon_core.package_identification:_identify(ros2_ws) by extension 'colcon_meta'
[0.707s] Level 1:colcon.colcon_core.package_identification:_identify(ros2_ws) by extensions ['ros']
[0.707s] Level 1:colcon.colcon_core.package_identification:_identify(ros2_ws) by extension 'ros'
[0.708s] Level 1:colcon.colcon_core.package_identification:_identify(ros2_ws) by extensions ['cmake', 'python']
[0.708s] Level 1:colcon.colcon_core.package_identification:_identify(ros2_ws) by extension 'cmake'
[0.708s] Level 1:colcon.colcon_core.package_identification:_identify(ros2_ws) by extension 'python'
[0.709s] Level 1:colcon.colcon_core.package_identification:_identify(ros2_ws) by extensions ['python_setup_py']
[0.709s] Level 1:colcon.colcon_core.package_identification:_identify(ros2_ws) by extension 'python_setup_py'
[0.710s] Level 1:colcon.colcon_core.package_identification:_identify(ros2_ws/src) by extensions ['ignore', 'ignore_ament_install']
[0.711s] Level 1:colcon.colcon_core.package_identification:_identify(ros2_ws/src) by extension 'ignore'
[0.711s] Level 1:colcon.colcon_core.package_identification:_identify(ros2_ws/src) by extension 'ignore_ament_install'
[0.712s] Level 1:colcon.colcon_core.package_identification:_identify(ros2_ws/src) by extensions ['colcon_pkg']
[0.712s] Level 1:colcon.colcon_core.package_identification:_identify(ros2_ws/src) by extension 'colcon_pkg'
[0.712s] Level 1:colcon.colcon_core.package_identification:_identify(ros2_ws/src) by extensions ['colcon_meta']
[0.713s] Level 1:colcon.colcon_core.package_identification:_identify(ros2_ws/src) by extension 'colcon_meta'
[0.713s] Level 1:colcon.colcon_core.package_identification:_identify(ros2_ws/src) by extensions ['ros']
[0.713s] Level 1:colcon.colcon_core.package_identification:_identify(ros2_ws/src) by extension 'ros'
[0.714s] Level 1:colcon.colcon_core.package_identification:_identify(ros2_ws/src) by extensions ['cmake', 'python']
[0.714s] Level 1:colcon.colcon_core.package_identification:_identify(ros2_ws/src) by extension 'cmake'
[0.714s] Level 1:colcon.colcon_core.package_identification:_identify(ros2_ws/src) by extension 'python'
[0.715s] Level 1:colcon.colcon_core.package_identification:_identify(ros2_ws/src) by extensions ['python_setup_py']
[0.715s] Level 1:colcon.colcon_core.package_identification:_identify(ros2_ws/src) by extension 'python_setup_py'
[0.716s] Level 1:colcon.colcon_core.package_identification:_identify(ros2_ws/src/omni_robot_bringup) by extensions ['ignore', 'ignore_ament_install']
[0.717s] Level 1:colcon.colcon_core.package_identification:_identify(ros2_ws/src/omni_robot_bringup) by extension 'ignore'
[0.717s] Level 1:colcon.colcon_core.package_identification:_identify(ros2_ws/src/omni_robot_bringup) by extension 'ignore_ament_install'
[0.717s] Level 1:colcon.colcon_core.package_identification:_identify(ros2_ws/src/omni_robot_bringup) by extensions ['colcon_pkg']
[0.718s] Level 1:colcon.colcon_core.package_identification:_identify(ros2_ws/src/omni_robot_bringup) by extension 'colcon_pkg'
[0.718s] Level 1:colcon.colcon_core.package_identification:_identify(ros2_ws/src/omni_robot_bringup) by extensions ['colcon_meta']
[0.718s] Level 1:colcon.colcon_core.package_identification:_identify(ros2_ws/src/omni_robot_bringup) by extension 'colcon_meta'
[0.719s] Level 1:colcon.colcon_core.package_identification:_identify(ros2_ws/src/omni_robot_bringup) by extensions ['ros']
[0.719s] Level 1:colcon.colcon_core.package_identification:_identify(ros2_ws/src/omni_robot_bringup) by extension 'ros'
[0.730s] DEBUG:colcon.colcon_core.package_identification:Package 'ros2_ws/src/omni_robot_bringup' with type 'ros.ament_cmake' and name 'omni_robot_bringup'
[0.731s] Level 1:colcon.colcon_core.package_identification:_identify(ros2_ws/src/omni_robot_hardware) by extensions ['ignore', 'ignore_ament_install']
[0.731s] Level 1:colcon.colcon_core.package_identification:_identify(ros2_ws/src/omni_robot_hardware) by extension 'ignore'
[0.732s] Level 1:colcon.colcon_core.package_identification:_identify(ros2_ws/src/omni_robot_hardware) by extension 'ignore_ament_install'
[0.732s] Level 1:colcon.colcon_core.package_identification:_identify(ros2_ws/src/omni_robot_hardware) by extensions ['colcon_pkg']
[0.732s] Level 1:colcon.colcon_core.package_identification:_identify(ros2_ws/src/omni_robot_hardware) by extension 'colcon_pkg'
[0.733s] Level 1:colcon.colcon_core.package_identification:_identify(ros2_ws/src/omni_robot_hardware) by extensions ['colcon_meta']
[0.733s] Level 1:colcon.colcon_core.package_identification:_identify(ros2_ws/src/omni_robot_hardware) by extension 'colcon_meta'
[0.734s] Level 1:colcon.colcon_core.package_identification:_identify(ros2_ws/src/omni_robot_hardware) by extensions ['ros']
[0.734s] Level 1:colcon.colcon_core.package_identification:_identify(ros2_ws/src/omni_robot_hardware) by extension 'ros'
[0.739s] DEBUG:colcon.colcon_core.package_identification:Package 'ros2_ws/src/omni_robot_hardware' with type 'ros.ament_cmake' and name 'omni_robot_hardware'
[0.739s] Level 1:colcon.colcon_core.package_discovery:discover_packages(recursive) using defaults
[0.739s] Level 1:colcon.colcon_core.package_discovery:discover_packages(ignore) discover
[0.739s] Level 1:colcon.colcon_core.package_discovery:discover_packages(ignore) using defaults
[0.739s] Level 1:colcon.colcon_core.package_discovery:discover_packages(path) discover
[0.740s] Level 1:colcon.colcon_core.package_discovery:discover_packages(path) using defaults
[0.820s] Level 5:colcon.colcon_core.verb:set package 'omni_robot_hardware' build argument 'cmake_args' from command line to 'None'
[0.821s] Level 5:colcon.colcon_core.verb:set package 'omni_robot_hardware' build argument 'cmake_target' from command line to 'None'
[0.821s] Level 5:colcon.colcon_core.verb:set package 'omni_robot_hardware' build argument 'cmake_target_skip_unavailable' from command line to 'False'
[0.821s] Level 5:colcon.colcon_core.verb:set package 'omni_robot_hardware' build argument 'cmake_clean_cache' from command line to 'False'
[0.821s] Level 5:colcon.colcon_core.verb:set package 'omni_robot_hardware' build argument 'cmake_clean_first' from command line to 'False'
[0.821s] Level 5:colcon.colcon_core.verb:set package 'omni_robot_hardware' build argument 'cmake_force_configure' from command line to 'False'
[0.821s] Level 5:colcon.colcon_core.verb:set package 'omni_robot_hardware' build argument 'ament_cmake_args' from command line to 'None'
[0.821s] Level 5:colcon.colcon_core.verb:set package 'omni_robot_hardware' build argument 'catkin_cmake_args' from command line to 'None'
[0.822s] Level 5:colcon.colcon_core.verb:set package 'omni_robot_hardware' build argument 'catkin_skip_building_tests' from command line to 'False'
[0.822s] DEBUG:colcon.colcon_core.verb:Building package 'omni_robot_hardware' with the following arguments: {'ament_cmake_args': None, 'build_base': '/home/robot/omni_robot_ws/build/omni_robot_hardware', 'catkin_cmake_args': None, 'catkin_skip_building_tests': False, 'cmake_args': None, 'cmake_clean_cache': False, 'cmake_clean_first': False, 'cmake_force_configure': False, 'cmake_target': None, 'cmake_target_skip_unavailable': False, 'install_base': '/home/robot/omni_robot_ws/install/omni_robot_hardware', 'merge_install': False, 'path': '/home/robot/omni_robot_ws/ros2_ws/src/omni_robot_hardware', 'symlink_install': False, 'test_result_base': None}
[0.823s] Level 5:colcon.colcon_core.verb:set package 'omni_robot_bringup' build argument 'cmake_args' from command line to 'None'
[0.823s] Level 5:colcon.colcon_core.verb:set package 'omni_robot_bringup' build argument 'cmake_target' from command line to 'None'
[0.823s] Level 5:colcon.colcon_core.verb:set package 'omni_robot_bringup' build argument 'cmake_target_skip_unavailable' from command line to 'False'
[0.823s] Level 5:colcon.colcon_core.verb:set package 'omni_robot_bringup' build argument 'cmake_clean_cache' from command line to 'False'
[0.824s] Level 5:colcon.colcon_core.verb:set package 'omni_robot_bringup' build argument 'cmake_clean_first' from command line to 'False'
[0.824s] Level 5:colcon.colcon_core.verb:set package 'omni_robot_bringup' build argument 'cmake_force_configure' from command line to 'False'
[0.824s] Level 5:colcon.colcon_core.verb:set package 'omni_robot_bringup' build argument 'ament_cmake_args' from command line to 'None'
[0.824s] Level 5:colcon.colcon_core.verb:set package 'omni_robot_bringup' build argument 'catkin_cmake_args' from command line to 'None'
[0.824s] Level 5:colcon.colcon_core.verb:set package 'omni_robot_bringup' build argument 'catkin_skip_building_tests' from command line to 'False'
[0.824s] DEBUG:colcon.colcon_core.verb:Building package 'omni_robot_bringup' with the following arguments: {'ament_cmake_args': None, 'build_base': '/home/robot/omni_robot_ws/build/omni_robot_bringup', 'catkin_cmake_args': None, 'catkin_skip_building_tests': False, 'cmake_args': None, 'cmake_clean_cache': False, 'cmake_clean_first': False, 'cmake_force_configure': False, 'cmake_target': None, 'cmake_target_skip_unavailable': False, 'install_base': '/home/robot/omni_robot_ws/install/omni_robot_bringup', 'merge_install': False, 'path': '/home/robot/omni_robot_ws/ros2_ws/src/omni_robot_bringup', 'symlink_install': False, 'test_result_base': None}
[0.825s] INFO:colcon.colcon_core.executor:Executing jobs using 'parallel' executor
[0.828s] DEBUG:colcon.colcon_parallel_executor.executor.parallel:run_until_complete
[0.829s] INFO:colcon.colcon_ros.task.ament_cmake.build:Building ROS package in '/home/robot/omni_robot_ws/ros2_ws/src/omni_robot_hardware' with build type 'ament_cmake'
[0.830s] INFO:colcon.colcon_cmake.task.cmake.build:Building CMake package in '/home/robot/omni_robot_ws/ros2_ws/src/omni_robot_hardware'
[0.838s] INFO:colcon.colcon_core.plugin_system:Skipping extension 'colcon_core.shell.bat': Not used on non-Windows systems
[0.839s] DEBUG:colcon.colcon_core.shell:Skip shell extension 'dsv' for command environment
[0.894s] DEBUG:colcon.colcon_core.event_handler.log_command:Invoking command in '/home/robot/omni_robot_ws/build/omni_robot_hardware': CMAKE_PREFIX_PATH=${CMAKE_PREFIX_PATH}:/opt/ros/jazzy /usr/bin/cmake --build /home/robot/omni_robot_ws/build/omni_robot_hardware -- -j4 -l4
[44.050s] DEBUG:colcon.colcon_core.event_handler.log_command:Invoked command in '/home/robot/omni_robot_ws/build/omni_robot_hardware' returned '0': CMAKE_PREFIX_PATH=${CMAKE_PREFIX_PATH}:/opt/ros/jazzy /usr/bin/cmake --build /home/robot/omni_robot_ws/build/omni_robot_hardware -- -j4 -l4
[44.113s] DEBUG:colcon.colcon_core.event_handler.log_command:Invoking command in '/home/robot/omni_robot_ws/build/omni_robot_hardware': CMAKE_PREFIX_PATH=${CMAKE_PREFIX_PATH}:/opt/ros/jazzy /usr/bin/cmake --install /home/robot/omni_robot_ws/build/omni_robot_hardware
[44.272s] Level 1:colcon.colcon_core.environment:create_environment_scripts_only(omni_robot_hardware)
[44.274s] DEBUG:colcon.colcon_core.event_handler.log_command:Invoked command in '/home/robot/omni_robot_ws/build/omni_robot_hardware' returned '0': CMAKE_PREFIX_PATH=${CMAKE_PREFIX_PATH}:/opt/ros/jazzy /usr/bin/cmake --install /home/robot/omni_robot_ws/build/omni_robot_hardware
[44.283s] Level 1:colcon.colcon_core.environment:checking '/home/robot/omni_robot_ws/install/omni_robot_hardware' for CMake module files
[44.287s] Level 1:colcon.colcon_core.environment:checking '/home/robot/omni_robot_ws/install/omni_robot_hardware' for CMake config files
[44.290s] Level 1:colcon.colcon_core.shell:create_environment_hook('omni_robot_hardware', 'cmake_prefix_path')
[44.291s] INFO:colcon.colcon_core.shell:Creating environment descriptor '/home/robot/omni_robot_ws/install/omni_robot_hardware/share/omni_robot_hardware/hook/cmake_prefix_path.dsv'
[44.293s] INFO:colcon.colcon_core.shell:Creating environment hook '/home/robot/omni_robot_ws/install/omni_robot_hardware/share/omni_robot_hardware/hook/cmake_prefix_path.sh'
[44.300s] Level 1:colcon.colcon_core.environment:checking '/home/robot/omni_robot_ws/install/omni_robot_hardware/lib'
[44.301s] Level 1:colcon.colcon_core.shell:create_environment_hook('omni_robot_hardware', 'ld_library_path_lib')
[44.302s] INFO:colcon.colcon_core.shell:Creating environment descriptor '/home/robot/omni_robot_ws/install/omni_robot_hardware/share/omni_robot_hardware/hook/ld_library_path_lib.dsv'
[44.304s] INFO:colcon.colcon_core.shell:Creating environment hook '/home/robot/omni_robot_ws/install/omni_robot_hardware/share/omni_robot_hardware/hook/ld_library_path_lib.sh'
[44.307s] Level 1:colcon.colcon_core.environment:checking '/home/robot/omni_robot_ws/install/omni_robot_hardware/bin'
[44.307s] Level 1:colcon.colcon_core.environment:checking '/home/robot/omni_robot_ws/install/omni_robot_hardware/lib/pkgconfig/omni_robot_hardware.pc'
[44.316s] Level 1:colcon.colcon_core.environment:checking '/home/robot/omni_robot_ws/install/omni_robot_hardware/lib/python3.12/site-packages'
[44.317s] Level 1:colcon.colcon_core.environment:checking '/home/robot/omni_robot_ws/install/omni_robot_hardware/bin'
[44.318s] INFO:colcon.colcon_core.shell:Creating package descriptor '/home/robot/omni_robot_ws/install/omni_robot_hardware/share/omni_robot_hardware/package.dsv'
[44.321s] INFO:colcon.colcon_core.shell:Creating package script '/home/robot/omni_robot_ws/install/omni_robot_hardware/share/omni_robot_hardware/package.sh'
[44.324s] INFO:colcon.colcon_core.shell:Creating package script '/home/robot/omni_robot_ws/install/omni_robot_hardware/share/omni_robot_hardware/package.bash'
[44.328s] INFO:colcon.colcon_core.shell:Creating package script '/home/robot/omni_robot_ws/install/omni_robot_hardware/share/omni_robot_hardware/package.zsh'
[44.331s] Level 1:colcon.colcon_core.environment:create_file_with_runtime_dependencies(/home/robot/omni_robot_ws/install/omni_robot_hardware/share/colcon-core/packages/omni_robot_hardware)
[44.336s] Level 1:colcon.colcon_core.environment:create_environment_scripts_only(omni_robot_hardware)
[44.337s] Level 1:colcon.colcon_core.environment:checking '/home/robot/omni_robot_ws/install/omni_robot_hardware' for CMake module files
[44.341s] Level 1:colcon.colcon_core.environment:checking '/home/robot/omni_robot_ws/install/omni_robot_hardware' for CMake config files
[44.345s] Level 1:colcon.colcon_core.shell:create_environment_hook('omni_robot_hardware', 'cmake_prefix_path')
[44.346s] INFO:colcon.colcon_core.shell:Creating environment descriptor '/home/robot/omni_robot_ws/install/omni_robot_hardware/share/omni_robot_hardware/hook/cmake_prefix_path.dsv'
[44.348s] INFO:colcon.colcon_core.shell:Creating environment hook '/home/robot/omni_robot_ws/install/omni_robot_hardware/share/omni_robot_hardware/hook/cmake_prefix_path.sh'
[44.353s] Level 1:colcon.colcon_core.environment:checking '/home/robot/omni_robot_ws/install/omni_robot_hardware/lib'
[44.354s] Level 1:colcon.colcon_core.shell:create_environment_hook('omni_robot_hardware', 'ld_library_path_lib')
[44.354s] INFO:colcon.colcon_core.shell:Creating environment descriptor '/home/robot/omni_robot_ws/install/omni_robot_hardware/share/omni_robot_hardware/hook/ld_library_path_lib.dsv'
[44.357s] INFO:colcon.colcon_core.shell:Creating environment hook '/home/robot/omni_robot_ws/install/omni_robot_hardware/share/omni_robot_hardware/hook/ld_library_path_lib.sh'
[44.359s] Level 1:colcon.colcon_core.environment:checking '/home/robot/omni_robot_ws/install/omni_robot_hardware/bin'
[44.360s] Level 1:colcon.colcon_core.environment:checking '/home/robot/omni_robot_ws/install/omni_robot_hardware/lib/pkgconfig/omni_robot_hardware.pc'
[44.361s] Level 1:colcon.colcon_core.environment:checking '/home/robot/omni_robot_ws/install/omni_robot_hardware/lib/python3.12/site-packages'
[44.363s] Level 1:colcon.colcon_core.environment:checking '/home/robot/omni_robot_ws/install/omni_robot_hardware/bin'
[44.364s] INFO:colcon.colcon_core.shell:Creating package descriptor '/home/robot/omni_robot_ws/install/omni_robot_hardware/share/omni_robot_hardware/package.dsv'
[44.367s] INFO:colcon.colcon_core.shell:Creating package script '/home/robot/omni_robot_ws/install/omni_robot_hardware/share/omni_robot_hardware/package.sh'
[44.370s] INFO:colcon.colcon_core.shell:Creating package script '/home/robot/omni_robot_ws/install/omni_robot_hardware/share/omni_robot_hardware/package.bash'
[44.374s] INFO:colcon.colcon_core.shell:Creating package script '/home/robot/omni_robot_ws/install/omni_robot_hardware/share/omni_robot_hardware/package.zsh'
[44.377s] Level 1:colcon.colcon_core.environment:create_file_with_runtime_dependencies(/home/robot/omni_robot_ws/install/omni_robot_hardware/share/colcon-core/packages/omni_robot_hardware)
[44.380s] INFO:colcon.colcon_ros.task.ament_cmake.build:Building ROS package in '/home/robot/omni_robot_ws/ros2_ws/src/omni_robot_bringup' with build type 'ament_cmake'
[44.382s] INFO:colcon.colcon_cmake.task.cmake.build:Building CMake package in '/home/robot/omni_robot_ws/ros2_ws/src/omni_robot_bringup'
[44.382s] DEBUG:colcon.colcon_core.shell:Skip shell extension 'dsv' for command environment
[44.433s] DEBUG:colcon.colcon_core.event_handler.log_command:Invoking command in '/home/robot/omni_robot_ws/build/omni_robot_bringup': CMAKE_PREFIX_PATH=/home/robot/omni_robot_ws/install/omni_robot_hardware:/home/robot/omni_robot_ws/install/omni_robot_bringup:/opt/ros/jazzy/opt/gz_sim_vendor:/opt/ros/jazzy/opt/gz_sensors_vendor:/opt/ros/jazzy/opt/gz_physics_vendor:/opt/ros/jazzy/opt/sdformat_vendor:/opt/ros/jazzy/opt/gz_gui_vendor:/opt/ros/jazzy/opt/gz_transport_vendor:/opt/ros/jazzy/opt/gz_rendering_vendor:/opt/ros/jazzy/opt/gz_plugin_vendor:/opt/ros/jazzy/opt/gz_fuel_tools_vendor:/opt/ros/jazzy/opt/gz_msgs_vendor:/opt/ros/jazzy/opt/gz_common_vendor:/opt/ros/jazzy/opt/gz_math_vendor:/opt/ros/jazzy/opt/gz_utils_vendor:/opt/ros/jazzy/opt/gz_tools_vendor:/opt/ros/jazzy/opt/gz_ogre_next_vendor:/opt/ros/jazzy/opt/gz_dartsim_vendor:/opt/ros/jazzy/opt/gz_cmake_vendor:/opt/ros/jazzy /usr/bin/cmake --build /home/robot/omni_robot_ws/build/omni_robot_bringup -- -j4 -l4
[44.688s] DEBUG:colcon.colcon_core.event_handler.log_command:Invoked command in '/home/robot/omni_robot_ws/build/omni_robot_bringup' returned '0': CMAKE_PREFIX_PATH=/home/robot/omni_robot_ws/install/omni_robot_hardware:/home/robot/omni_robot_ws/install/omni_robot_bringup:/opt/ros/jazzy/opt/gz_sim_vendor:/opt/ros/jazzy/opt/gz_sensors_vendor:/opt/ros/jazzy/opt/gz_physics_vendor:/opt/ros/jazzy/opt/sdformat_vendor:/opt/ros/jazzy/opt/gz_gui_vendor:/opt/ros/jazzy/opt/gz_transport_vendor:/opt/ros/jazzy/opt/gz_rendering_vendor:/opt/ros/jazzy/opt/gz_plugin_vendor:/opt/ros/jazzy/opt/gz_fuel_tools_vendor:/opt/ros/jazzy/opt/gz_msgs_vendor:/opt/ros/jazzy/opt/gz_common_vendor:/opt/ros/jazzy/opt/gz_math_vendor:/opt/ros/jazzy/opt/gz_utils_vendor:/opt/ros/jazzy/opt/gz_tools_vendor:/opt/ros/jazzy/opt/gz_ogre_next_vendor:/opt/ros/jazzy/opt/gz_dartsim_vendor:/opt/ros/jazzy/opt/gz_cmake_vendor:/opt/ros/jazzy /usr/bin/cmake --build /home/robot/omni_robot_ws/build/omni_robot_bringup -- -j4 -l4
[44.694s] DEBUG:colcon.colcon_core.event_handler.log_command:Invoking command in '/home/robot/omni_robot_ws/build/omni_robot_bringup': CMAKE_PREFIX_PATH=/home/robot/omni_robot_ws/install/omni_robot_hardware:/home/robot/omni_robot_ws/install/omni_robot_bringup:/opt/ros/jazzy/opt/gz_sim_vendor:/opt/ros/jazzy/opt/gz_sensors_vendor:/opt/ros/jazzy/opt/gz_physics_vendor:/opt/ros/jazzy/opt/sdformat_vendor:/opt/ros/jazzy/opt/gz_gui_vendor:/opt/ros/jazzy/opt/gz_transport_vendor:/opt/ros/jazzy/opt/gz_rendering_vendor:/opt/ros/jazzy/opt/gz_plugin_vendor:/opt/ros/jazzy/opt/gz_fuel_tools_vendor:/opt/ros/jazzy/opt/gz_msgs_vendor:/opt/ros/jazzy/opt/gz_common_vendor:/opt/ros/jazzy/opt/gz_math_vendor:/opt/ros/jazzy/opt/gz_utils_vendor:/opt/ros/jazzy/opt/gz_tools_vendor:/opt/ros/jazzy/opt/gz_ogre_next_vendor:/opt/ros/jazzy/opt/gz_dartsim_vendor:/opt/ros/jazzy/opt/gz_cmake_vendor:/opt/ros/jazzy /usr/bin/cmake --install /home/robot/omni_robot_ws/build/omni_robot_bringup
[44.852s] Level 1:colcon.colcon_core.environment:create_environment_scripts_only(omni_robot_bringup)
[44.853s] Level 1:colcon.colcon_core.environment:checking '/home/robot/omni_robot_ws/install/omni_robot_bringup' for CMake module files
[44.855s] DEBUG:colcon.colcon_core.event_handler.log_command:Invoked command in '/home/robot/omni_robot_ws/build/omni_robot_bringup' returned '0': CMAKE_PREFIX_PATH=/home/robot/omni_robot_ws/install/omni_robot_hardware:/home/robot/omni_robot_ws/install/omni_robot_bringup:/opt/ros/jazzy/opt/gz_sim_vendor:/opt/ros/jazzy/opt/gz_sensors_vendor:/opt/ros/jazzy/opt/gz_physics_vendor:/opt/ros/jazzy/opt/sdformat_vendor:/opt/ros/jazzy/opt/gz_gui_vendor:/opt/ros/jazzy/opt/gz_transport_vendor:/opt/ros/jazzy/opt/gz_rendering_vendor:/opt/ros/jazzy/opt/gz_plugin_vendor:/opt/ros/jazzy/opt/gz_fuel_tools_vendor:/opt/ros/jazzy/opt/gz_msgs_vendor:/opt/ros/jazzy/opt/gz_common_vendor:/opt/ros/jazzy/opt/gz_math_vendor:/opt/ros/jazzy/opt/gz_utils_vendor:/opt/ros/jazzy/opt/gz_tools_vendor:/opt/ros/jazzy/opt/gz_ogre_next_vendor:/opt/ros/jazzy/opt/gz_dartsim_vendor:/opt/ros/jazzy/opt/gz_cmake_vendor:/opt/ros/jazzy /usr/bin/cmake --install /home/robot/omni_robot_ws/build/omni_robot_bringup
[44.857s] Level 1:colcon.colcon_core.environment:checking '/home/robot/omni_robot_ws/install/omni_robot_bringup' for CMake config files
[44.862s] Level 1:colcon.colcon_core.shell:create_environment_hook('omni_robot_bringup', 'cmake_prefix_path')
[44.862s] INFO:colcon.colcon_core.shell:Creating environment descriptor '/home/robot/omni_robot_ws/install/omni_robot_bringup/share/omni_robot_bringup/hook/cmake_prefix_path.dsv'
[44.865s] INFO:colcon.colcon_core.shell:Creating environment hook '/home/robot/omni_robot_ws/install/omni_robot_bringup/share/omni_robot_bringup/hook/cmake_prefix_path.sh'
[44.870s] Level 1:colcon.colcon_core.environment:checking '/home/robot/omni_robot_ws/install/omni_robot_bringup/bin'
[44.870s] Level 1:colcon.colcon_core.environment:checking '/home/robot/omni_robot_ws/install/omni_robot_bringup/lib/pkgconfig/omni_robot_bringup.pc'
[44.871s] Level 1:colcon.colcon_core.environment:checking '/home/robot/omni_robot_ws/install/omni_robot_bringup/lib/python3.12/site-packages'
[44.873s] Level 1:colcon.colcon_core.environment:checking '/home/robot/omni_robot_ws/install/omni_robot_bringup/bin'
[44.874s] INFO:colcon.colcon_core.shell:Creating package descriptor '/home/robot/omni_robot_ws/install/omni_robot_bringup/share/omni_robot_bringup/package.dsv'
[44.876s] INFO:colcon.colcon_core.shell:Creating package script '/home/robot/omni_robot_ws/install/omni_robot_bringup/share/omni_robot_bringup/package.sh'
[44.878s] INFO:colcon.colcon_core.shell:Creating package script '/home/robot/omni_robot_ws/install/omni_robot_bringup/share/omni_robot_bringup/package.bash'
[44.881s] INFO:colcon.colcon_core.shell:Creating package script '/home/robot/omni_robot_ws/install/omni_robot_bringup/share/omni_robot_bringup/package.zsh'
[44.885s] Level 1:colcon.colcon_core.environment:create_file_with_runtime_dependencies(/home/robot/omni_robot_ws/install/omni_robot_bringup/share/colcon-core/packages/omni_robot_bringup)
[44.889s] Level 1:colcon.colcon_core.environment:create_environment_scripts_only(omni_robot_bringup)
[44.890s] Level 1:colcon.colcon_core.environment:checking '/home/robot/omni_robot_ws/install/omni_robot_bringup' for CMake module files
[44.894s] Level 1:colcon.colcon_core.environment:checking '/home/robot/omni_robot_ws/install/omni_robot_bringup' for CMake config files
[44.898s] Level 1:colcon.colcon_core.shell:create_environment_hook('omni_robot_bringup', 'cmake_prefix_path')
[44.899s] INFO:colcon.colcon_core.shell:Creating environment descriptor '/home/robot/omni_robot_ws/install/omni_robot_bringup/share/omni_robot_bringup/hook/cmake_prefix_path.dsv'
[44.902s] INFO:colcon.colcon_core.shell:Creating environment hook '/home/robot/omni_robot_ws/install/omni_robot_bringup/share/omni_robot_bringup/hook/cmake_prefix_path.sh'
[44.905s] Level 1:colcon.colcon_core.environment:checking '/home/robot/omni_robot_ws/install/omni_robot_bringup/bin'
[44.906s] Level 1:colcon.colcon_core.environment:checking '/home/robot/omni_robot_ws/install/omni_robot_bringup/lib/pkgconfig/omni_robot_bringup.pc'
[44.907s] Level 1:colcon.colcon_core.environment:checking '/home/robot/omni_robot_ws/install/omni_robot_bringup/lib/python3.12/site-packages'
[44.908s] Level 1:colcon.colcon_core.environment:checking '/home/robot/omni_robot_ws/install/omni_robot_bringup/bin'
[44.909s] INFO:colcon.colcon_core.shell:Creating package descriptor '/home/robot/omni_robot_ws/install/omni_robot_bringup/share/omni_robot_bringup/package.dsv'
[44.951s] INFO:colcon.colcon_core.shell:Creating package script '/home/robot/omni_robot_ws/install/omni_robot_bringup/share/omni_robot_bringup/package.sh'
[44.957s] INFO:colcon.colcon_core.shell:Creating package script '/home/robot/omni_robot_ws/install/omni_robot_bringup/share/omni_robot_bringup/package.bash'
[44.960s] INFO:colcon.colcon_core.shell:Creating package script '/home/robot/omni_robot_ws/install/omni_robot_bringup/share/omni_robot_bringup/package.zsh'
[44.964s] Level 1:colcon.colcon_core.environment:create_file_with_runtime_dependencies(/home/robot/omni_robot_ws/install/omni_robot_bringup/share/colcon-core/packages/omni_robot_bringup)
[44.969s] DEBUG:colcon.colcon_parallel_executor.executor.parallel:closing loop
[44.971s] DEBUG:colcon.colcon_parallel_executor.executor.parallel:loop closed
[44.971s] DEBUG:colcon.colcon_parallel_executor.executor.parallel:run_until_complete finished with '0'
[44.971s] DEBUG:colcon.colcon_core.event_reactor:joining thread
[44.973s] DEBUG:colcon.colcon_core.event_reactor:joined thread
[44.974s] INFO:colcon.colcon_core.shell:Creating prefix script '/home/robot/omni_robot_ws/install/local_setup.sh'
[44.976s] INFO:colcon.colcon_core.shell:Creating prefix util module '/home/robot/omni_robot_ws/install/_local_setup_util_sh.py'
[44.983s] INFO:colcon.colcon_core.shell:Creating prefix chain script '/home/robot/omni_robot_ws/install/setup.sh'
[44.990s] INFO:colcon.colcon_core.shell:Creating prefix script '/home/robot/omni_robot_ws/install/local_setup.bash'
[44.995s] INFO:colcon.colcon_core.shell:Creating prefix chain script '/home/robot/omni_robot_ws/install/setup.bash'
[45.000s] INFO:colcon.colcon_core.shell:Creating prefix script '/home/robot/omni_robot_ws/install/local_setup.zsh'
[45.005s] INFO:colcon.colcon_core.shell:Creating prefix chain script '/home/robot/omni_robot_ws/install/setup.zsh'
