[  7%] Built target hc_sr04
[ 15%] Built target pigpio_client
[ 23%] Built target tank_drive
[ 30%] Built target imu_node
[ 38%] Built target obstacle_avoider_node
[ 46%] Built target range_scan_node
[ 53%] Built target ultrasonic_perception_node
[ 61%] Built target open_loop_odom_node
[ 69%] Built target nav2_goal_sender_node
[ 76%] Built target frontier_explorer_node
[ 80%] [32mBuilding CXX object CMakeFiles/simple_wander_node.dir/src/simple_wander_node.cpp.o[0m
[ 88%] Built target ultrasonic_node
[ 96%] Built target tank_drive_node
[01m[K/home/robot/omni_robot_ws/ros2_ws/src/omni_robot_hardware/src/simple_wander_node.cpp:[m[K In constructor ‘[01m[Komni_robot_hardware::SimpleWanderNode::[01;32m[KSimpleWanderNode[m[K()[m[K’:
[01m[K/home/robot/omni_robot_ws/ros2_ws/src/omni_robot_hardware/src/simple_wander_node.cpp:55:30:[m[K [01;31m[Kerror: [m[Kno matching function for call to ‘[01m[Kmax(int, int64_t)[m[K’
   55 |     filter_window_ = [01;31m[Kstd::max(1, get_parameter("filter_window").as_int())[m[K;
      |                      [01;31m[K~~~~~~~~^~~~~~~~~~~~~~~~~~~~~~~~~~~~~~~~~~~~~~~~~~~~[m[K
In file included from [01m[K/usr/include/c++/13/algorithm:60[m[K,
                 from [01m[K/home/robot/omni_robot_ws/ros2_ws/src/omni_robot_hardware/src/simple_wander_node.cpp:1[m[K:
[01m[K/usr/include/c++/13/bits/stl_algobase.h:257:5:[m[K [01;36m[Knote: [m[Kcandidate: ‘[01m[Ktemplate<class _Tp> constexpr const _Tp& std::[01;32m[Kmax[m[K(const _Tp&, const _Tp&)[m[K’
  257 |     [01;36m[Kmax[m[K(const _Tp& __a, const _Tp& __b)
      |     [01;36m[K^~~[m[K
[01m[K/usr/include/c++/13/bits/stl_algobase.h:257:5:[m[K [01;36m[Knote: [m[K  template argument deduction/substitution failed:
[01m[K/home/robot/omni_robot_ws/ros2_ws/src/omni_robot_hardware/src/simple_wander_node.cpp:55:30:[m[K [01;36m[Knote: [m[K  deduced conflicting types for parameter ‘[01m[Kconst _Tp[m[K’ (‘[01m[Kint[m[K’ and ‘[01m[Kint64_t[m[K’ {aka ‘[01m[Klong int[m[K’})
   55 |     filter_window_ = [01;36m[Kstd::max(1, get_parameter("filter_window").as_int())[m[K;
      |                      [01;36m[K~~~~~~~~^~~~~~~~~~~~~~~~~~~~~~~~~~~~~~~~~~~~~~~~~~~~[m[K
[01m[K/usr/include/c++/13/bits/stl_algobase.h:303:5:[m[K [01;36m[Knote: [m[Kcandidate: ‘[01m[Ktemplate<class _Tp, class _Compare> constexpr const _Tp& std::[01;32m[Kmax[m[K(const _Tp&, const _Tp&, _Compare)[m[K’
  303 |     [01;36m[Kmax[m[K(const _Tp& __a, const _Tp& __b, _Compare __comp)
      |     [01;36m[K^~~[m[K
[01m[K/usr/include/c++/13/bits/stl_algobase.h:303:5:[m[K [01;36m[Knote: [m[K  template argument deduction/substitution failed:
[01m[K/home/robot/omni_robot_ws/ros2_ws/src/omni_robot_hardware/src/simple_wander_node.cpp:55:30:[m[K [01;36m[Knote: [m[K  deduced conflicting types for parameter ‘[01m[Kconst _Tp[m[K’ (‘[01m[Kint[m[K’ and ‘[01m[Kint64_t[m[K’ {aka ‘[01m[Klong int[m[K’})
   55 |     filter_window_ = [01;36m[Kstd::max(1, get_parameter("filter_window").as_int())[m[K;
      |                      [01;36m[K~~~~~~~~^~~~~~~~~~~~~~~~~~~~~~~~~~~~~~~~~~~~~~~~~~~~[m[K
In file included from [01m[K/usr/include/c++/13/algorithm:61[m[K:
[01m[K/usr/include/c++/13/bits/stl_algo.h:5795:5:[m[K [01;36m[Knote: [m[Kcandidate: ‘[01m[Ktemplate<class _Tp> constexpr _Tp std::[01;32m[Kmax[m[K(initializer_list<_Tp>)[m[K’
 5795 |     [01;36m[Kmax[m[K(initializer_list<_Tp> __l)
      |     [01;36m[K^~~[m[K
[01m[K/usr/include/c++/13/bits/stl_algo.h:5795:5:[m[K [01;36m[Knote: [m[K  template argument deduction/substitution failed:
[01m[K/home/robot/omni_robot_ws/ros2_ws/src/omni_robot_hardware/src/simple_wander_node.cpp:55:30:[m[K [01;36m[Knote: [m[K  mismatched types ‘[01m[Kstd::initializer_list<_Tp>[m[K’ and ‘[01m[Kint[m[K’
   55 |     filter_window_ = [01;36m[Kstd::max(1, get_parameter("filter_window").as_int())[m[K;
      |                      [01;36m[K~~~~~~~~^~~~~~~~~~~~~~~~~~~~~~~~~~~~~~~~~~~~~~~~~~~~[m[K
[01m[K/usr/include/c++/13/bits/stl_algo.h:5805:5:[m[K [01;36m[Knote: [m[Kcandidate: ‘[01m[Ktemplate<class _Tp, class _Compare> constexpr _Tp std::[01;32m[Kmax[m[K(initializer_list<_Tp>, _Compare)[m[K’
 5805 |     [01;36m[Kmax[m[K(initializer_list<_Tp> __l, _Compare __comp)
      |     [01;36m[K^~~[m[K
[01m[K/usr/include/c++/13/bits/stl_algo.h:5805:5:[m[K [01;36m[Knote: [m[K  template argument deduction/substitution failed:
[01m[K/home/robot/omni_robot_ws/ros2_ws/src/omni_robot_hardware/src/simple_wander_node.cpp:55:30:[m[K [01;36m[Knote: [m[K  mismatched types ‘[01m[Kstd::initializer_list<_Tp>[m[K’ and ‘[01m[Kint[m[K’
   55 |     filter_window_ = [01;36m[Kstd::max(1, get_parameter("filter_window").as_int())[m[K;
      |                      [01;36m[K~~~~~~~~^~~~~~~~~~~~~~~~~~~~~~~~~~~~~~~~~~~~~~~~~~~~[m[K
gmake[2]: *** [CMakeFiles/simple_wander_node.dir/build.make:76: CMakeFiles/simple_wander_node.dir/src/simple_wander_node.cpp.o] Error 1
gmake[1]: *** [CMakeFiles/Makefile2:475: CMakeFiles/simple_wander_node.dir/all] Error 2
gmake: *** [Makefile:146: all] Error 2
