[0.087s] Invoking command in '/home/robot/omni_robot_ws/build/omni_robot_hardware': CMAKE_PREFIX_PATH=${CMAKE_PREFIX_PATH}:/opt/ros/jazzy /usr/bin/cmake --build /home/robot/omni_robot_ws/build/omni_robot_hardware -- -j4 -l4
[0.931s] [  7%] Built target hc_sr04
[0.937s] [ 15%] Built target pigpio_client
[0.942s] [ 23%] Built target tank_drive
[1.094s] [ 30%] Built target imu_node
[1.146s] [ 38%] Built target obstacle_avoider_node
[1.149s] [ 46%] Built target range_scan_node
[1.204s] [ 53%] Built target ultrasonic_perception_node
[1.323s] [ 61%] Built target open_loop_odom_node
[1.418s] [ 69%] Built target nav2_goal_sender_node
[1.430s] [ 76%] Built target frontier_explorer_node
[1.452s] [ 80%] [32mBuilding CXX object CMakeFiles/simple_wander_node.dir/src/simple_wander_node.cpp.o[0m
[1.527s] [ 88%] Built target ultrasonic_node
[1.619s] [ 96%] Built target tank_drive_node
[14.502s] [01m[K/home/robot/omni_robot_ws/ros2_ws/src/omni_robot_hardware/src/simple_wander_node.cpp:[m[K In constructor ‘[01m[Komni_robot_hardware::SimpleWanderNode::[01;32m[KSimpleWanderNode[m[K()[m[K’:
[14.502s] [01m[K/home/robot/omni_robot_ws/ros2_ws/src/omni_robot_hardware/src/simple_wander_node.cpp:55:30:[m[K [01;31m[Kerror: [m[Kno matching function for call to ‘[01m[Kmax(int, int64_t)[m[K’
[14.503s]    55 |     filter_window_ = [01;31m[Kstd::max(1, get_parameter("filter_window").as_int())[m[K;
[14.503s]       |                      [01;31m[K~~~~~~~~^~~~~~~~~~~~~~~~~~~~~~~~~~~~~~~~~~~~~~~~~~~~[m[K
[14.504s] In file included from [01m[K/usr/include/c++/13/algorithm:60[m[K,
[14.505s]                  from [01m[K/home/robot/omni_robot_ws/ros2_ws/src/omni_robot_hardware/src/simple_wander_node.cpp:1[m[K:
[14.506s] [01m[K/usr/include/c++/13/bits/stl_algobase.h:257:5:[m[K [01;36m[Knote: [m[Kcandidate: ‘[01m[Ktemplate<class _Tp> constexpr const _Tp& std::[01;32m[Kmax[m[K(const _Tp&, const _Tp&)[m[K’
[14.506s]   257 |     [01;36m[Kmax[m[K(const _Tp& __a, const _Tp& __b)
[14.507s]       |     [01;36m[K^~~[m[K
[14.507s] [01m[K/usr/include/c++/13/bits/stl_algobase.h:257:5:[m[K [01;36m[Knote: [m[K  template argument deduction/substitution failed:
[14.508s] [01m[K/home/robot/omni_robot_ws/ros2_ws/src/omni_robot_hardware/src/simple_wander_node.cpp:55:30:[m[K [01;36m[Knote: [m[K  deduced conflicting types for parameter ‘[01m[Kconst _Tp[m[K’ (‘[01m[Kint[m[K’ and ‘[01m[Kint64_t[m[K’ {aka ‘[01m[Klong int[m[K’})
[14.509s]    55 |     filter_window_ = [01;36m[Kstd::max(1, get_parameter("filter_window").as_int())[m[K;
[14.509s]       |                      [01;36m[K~~~~~~~~^~~~~~~~~~~~~~~~~~~~~~~~~~~~~~~~~~~~~~~~~~~~[m[K
[14.510s] [01m[K/usr/include/c++/13/bits/stl_algobase.h:303:5:[m[K [01;36m[Knote: [m[Kcandidate: ‘[01m[Ktemplate<class _Tp, class _Compare> constexpr const _Tp& std::[01;32m[Kmax[m[K(const _Tp&, const _Tp&, _Compare)[m[K’
[14.511s]   303 |     [01;36m[Kmax[m[K(const _Tp& __a, const _Tp& __b, _Compare __comp)
[14.512s]       |     [01;36m[K^~~[m[K
[14.513s] [01m[K/usr/include/c++/13/bits/stl_algobase.h:303:5:[m[K [01;36m[Knote: [m[K  template argument deduction/substitution failed:
[14.514s] [01m[K/home/robot/omni_robot_ws/ros2_ws/src/omni_robot_hardware/src/simple_wander_node.cpp:55:30:[m[K [01;36m[Knote: [m[K  deduced conflicting types for parameter ‘[01m[Kconst _Tp[m[K’ (‘[01m[Kint[m[K’ and ‘[01m[Kint64_t[m[K’ {aka ‘[01m[Klong int[m[K’})
[14.515s]    55 |     filter_window_ = [01;36m[Kstd::max(1, get_parameter("filter_window").as_int())[m[K;
[14.515s]       |                      [01;36m[K~~~~~~~~^~~~~~~~~~~~~~~~~~~~~~~~~~~~~~~~~~~~~~~~~~~~[m[K
[14.516s] In file included from [01m[K/usr/include/c++/13/algorithm:61[m[K:
[14.516s] [01m[K/usr/include/c++/13/bits/stl_algo.h:5795:5:[m[K [01;36m[Knote: [m[Kcandidate: ‘[01m[Ktemplate<class _Tp> constexpr _Tp std::[01;32m[Kmax[m[K(initializer_list<_Tp>)[m[K’
[14.517s]  5795 |     [01;36m[Kmax[m[K(initializer_list<_Tp> __l)
[14.517s]       |     [01;36m[K^~~[m[K
[14.518s] [01m[K/usr/include/c++/13/bits/stl_algo.h:5795:5:[m[K [01;36m[Knote: [m[K  template argument deduction/substitution failed:
[14.518s] [01m[K/home/robot/omni_robot_ws/ros2_ws/src/omni_robot_hardware/src/simple_wander_node.cpp:55:30:[m[K [01;36m[Knote: [m[K  mismatched types ‘[01m[Kstd::initializer_list<_Tp>[m[K’ and ‘[01m[Kint[m[K’
[14.519s]    55 |     filter_window_ = [01;36m[Kstd::max(1, get_parameter("filter_window").as_int())[m[K;
[14.520s]       |                      [01;36m[K~~~~~~~~^~~~~~~~~~~~~~~~~~~~~~~~~~~~~~~~~~~~~~~~~~~~[m[K
[14.520s] [01m[K/usr/include/c++/13/bits/stl_algo.h:5805:5:[m[K [01;36m[Knote: [m[Kcandidate: ‘[01m[Ktemplate<class _Tp, class _Compare> constexpr _Tp std::[01;32m[Kmax[m[K(initializer_list<_Tp>, _Compare)[m[K’
[14.521s]  5805 |     [01;36m[Kmax[m[K(initializer_list<_Tp> __l, _Compare __comp)
[14.521s]       |     [01;36m[K^~~[m[K
[14.522s] [01m[K/usr/include/c++/13/bits/stl_algo.h:5805:5:[m[K [01;36m[Knote: [m[K  template argument deduction/substitution failed:
[14.523s] [01m[K/home/robot/omni_robot_ws/ros2_ws/src/omni_robot_hardware/src/simple_wander_node.cpp:55:30:[m[K [01;36m[Knote: [m[K  mismatched types ‘[01m[Kstd::initializer_list<_Tp>[m[K’ and ‘[01m[Kint[m[K’
[14.523s]    55 |     filter_window_ = [01;36m[Kstd::max(1, get_parameter("filter_window").as_int())[m[K;
[14.524s]       |                      [01;36m[K~~~~~~~~^~~~~~~~~~~~~~~~~~~~~~~~~~~~~~~~~~~~~~~~~~~~[m[K
[23.730s] gmake[2]: *** [CMakeFiles/simple_wander_node.dir/build.make:76: CMakeFiles/simple_wander_node.dir/src/simple_wander_node.cpp.o] Error 1
[23.732s] gmake[1]: *** [CMakeFiles/Makefile2:475: CMakeFiles/simple_wander_node.dir/all] Error 2
[23.733s] gmake: *** [Makefile:146: all] Error 2
[23.744s] Invoked command in '/home/robot/omni_robot_ws/build/omni_robot_hardware' returned '2': CMAKE_PREFIX_PATH=${CMAKE_PREFIX_PATH}:/opt/ros/jazzy /usr/bin/cmake --build /home/robot/omni_robot_ws/build/omni_robot_hardware -- -j4 -l4
